Log file open, 01/17/20 17:35:08
LogWindows: Failed to load 'aqProf.dll' (GetLastError=126)
LogWindows: File 'aqProf.dll' does not exist
LogWindows: Failed to load 'VtuneApi.dll' (GetLastError=126)
LogWindows: File 'VtuneApi.dll' does not exist
LogWindows: Failed to load 'VtuneApi32e.dll' (GetLastError=126)
LogWindows: File 'VtuneApi32e.dll' does not exist
LogConsoleResponse: Display: Failed to find resolution value strings in scalability ini. Falling back to default.
LogInit: Display: Running engine for game: WhiteBox
LogPlatformFile: Not using cached read wrapper
LogTaskGraph: Started task graph with 5 named threads and 11 total threads with 3 sets of task threads.
LogStats: Stats thread started at 0.788329
LogD3D11RHI: Loaded GFSDK_Aftermath_Lib.x64.dll
LogICUInternationalization: ICU TimeZone Detection - Raw Offset: -7:00, Platform Override: ''
LogPluginManager: Mounting plugin Paper2D
LogPluginManager: Mounting plugin AISupport
LogPluginManager: Mounting plugin LightPropagationVolume
LogPluginManager: Mounting plugin ActorLayerUtilities
LogPluginManager: Mounting plugin AnimationSharing
LogPluginManager: Mounting plugin CLionSourceCodeAccess
LogPluginManager: Mounting plugin CodeLiteSourceCodeAccess
LogPluginManager: Mounting plugin GitSourceControl
LogPluginManager: Mounting plugin KDevelopSourceCodeAccess
LogPluginManager: Mounting plugin NullSourceCodeAccess
LogPluginManager: Mounting plugin PerforceSourceControl
LogPluginManager: Mounting plugin PlasticSourceControl
LogPluginManager: Mounting plugin SubversionSourceControl
LogPluginManager: Mounting plugin UObjectPlugin
LogPluginManager: Mounting plugin VisualStudioCodeSourceCodeAccess
LogPluginManager: Mounting plugin VisualStudioSourceCodeAccess
LogPluginManager: Mounting plugin XCodeSourceCodeAccess
LogPluginManager: Mounting plugin AssetManagerEditor
LogPluginManager: Mounting plugin CryptoKeys
LogPluginManager: Mounting plugin CurveEditorTools
LogPluginManager: Mounting plugin DataValidation
LogPluginManager: Mounting plugin FacialAnimation
LogPluginManager: Mounting plugin GameplayTagsEditor
LogPluginManager: Mounting plugin MacGraphicsSwitching
LogPluginManager: Mounting plugin MaterialAnalyzer
LogPluginManager: Mounting plugin MobileLauncherProfileWizard
LogPluginManager: Mounting plugin PluginBrowser
LogPluginManager: Mounting plugin SpeedTreeImporter
LogPluginManager: Mounting plugin DatasmithContent
LogPluginManager: Mounting plugin VariantManagerContent
LogPluginManager: Mounting plugin AlembicImporter
LogPluginManager: Mounting plugin AutomationUtils
LogPluginManager: Mounting plugin BackChannel
LogPluginManager: Mounting plugin CharacterAI
LogPluginManager: Mounting plugin GeometryCache
LogPluginManager: Mounting plugin PlatformCrypto
LogPluginManager: Mounting plugin ProxyLODPlugin
LogPluginManager: Mounting plugin SkeletalReduction
LogPluginManager: Mounting plugin MagicLeap
LogPluginManager: Mounting plugin MagicLeapMedia
LogPluginManager: Mounting plugin MLSDK
LogPluginManager: Mounting plugin AndroidMedia
LogPluginManager: Mounting plugin AvfMedia
LogPluginManager: Mounting plugin ImgMedia
LogPluginManager: Mounting plugin MediaCompositing
LogPluginManager: Mounting plugin MediaPlayerEditor
LogPluginManager: Mounting plugin WebMMedia
LogPluginManager: Mounting plugin WmfMedia
LogPluginManager: Mounting plugin TcpMessaging
LogPluginManager: Mounting plugin UdpMessaging
LogPluginManager: Mounting plugin ActorSequence
LogPluginManager: Mounting plugin LevelSequenceEditor
LogPluginManager: Mounting plugin MatineeToLevelSequence
LogPluginManager: Mounting plugin NetcodeUnitTest
LogPluginManager: Mounting plugin NUTUnrealEngine4
LogPluginManager: Mounting plugin OnlineSubsystemGooglePlay
LogPluginManager: Mounting plugin OnlineSubsystemIOS
LogPluginManager: Mounting plugin OnlineSubsystem
LogPluginManager: Mounting plugin OnlineSubsystemNull
LogPluginManager: Mounting plugin OnlineSubsystemUtils
LogPluginManager: Mounting plugin LauncherChunkInstaller
LogPluginManager: Mounting plugin AndroidDeviceProfileSelector
LogPluginManager: Mounting plugin AndroidMoviePlayer
LogPluginManager: Mounting plugin AndroidPermission
LogPluginManager: Mounting plugin AppleImageUtils
LogPluginManager: Mounting plugin AppleMoviePlayer
LogPluginManager: Mounting plugin ArchVisCharacter
LogPluginManager: Mounting plugin AssetTags
LogPluginManager: Mounting plugin AudioCapture
LogPluginManager: Mounting plugin CableComponent
LogPluginManager: Mounting plugin CustomMeshComponent
LogPluginManager: Mounting plugin EditableMesh
LogPluginManager: Mounting plugin ExampleDeviceProfileSelector
LogPluginManager: Mounting plugin GoogleCloudMessaging
LogPluginManager: Mounting plugin IOSDeviceProfileSelector
LogPluginManager: Mounting plugin LinuxDeviceProfileSelector
LogPluginManager: Mounting plugin LocationServicesBPLibrary
LogPluginManager: Mounting plugin MobilePatchingUtils
LogPluginManager: Mounting plugin OculusVR
LogPluginManager: Mounting plugin PhysXVehicles
LogPluginManager: Mounting plugin PostSplashScreen
LogPluginManager: Mounting plugin ProceduralMeshComponent
LogPluginManager: Mounting plugin RuntimePhysXCooking
LogPluginManager: Mounting plugin SignificanceManager
LogPluginManager: Mounting plugin SteamVR
LogPluginManager: Mounting plugin WebMMoviePlayer
LogPluginManager: Mounting plugin WindowsMoviePlayer
LogPluginManager: Mounting plugin ScreenshotTools
LogInit: Using libcurl 7.55.1-DEV
LogInit:  - built for x86_64-pc-win32
LogInit:  - supports SSL with OpenSSL/1.1.1
LogInit:  - supports HTTP deflate (compression) using libz 1.2.8
LogInit:  - other features:
LogInit:      CURL_VERSION_SSL
LogInit:      CURL_VERSION_LIBZ
LogInit:      CURL_VERSION_IPV6
LogInit:      CURL_VERSION_ASYNCHDNS
LogInit:      CURL_VERSION_LARGEFILE
LogInit:      CURL_VERSION_IDN
LogInit:  CurlRequestOptions (configurable via config and command line):
LogInit:  - bVerifyPeer = true  - Libcurl will verify peer certificate
LogInit:  - bUseHttpProxy = false  - Libcurl will NOT use HTTP proxy
LogInit:  - bDontReuseConnections = false  - Libcurl will reuse connections
LogInit:  - MaxHostConnections = 16  - Libcurl will limit the number of connections to a host
LogInit:  - LocalHostAddr = Default
LogInit:  - BufferSize = 65536
LogOnline: OSS: Creating online subsystem instance for: NULL
LogInit: WinSock: version 1.1 (2.2), MaxSocks=32767, MaxUdp=65467
LogOnline: OSS: TryLoadSubsystemAndSetDefault: Loaded subsystem for module [NULL]
LogInit: Build: ++UE4+Release-4.24-CL-10757647
LogInit: Engine Version: 4.24.1-10757647+++UE4+Release-4.24
LogInit: Compatible Engine Version: 4.24.0-10570792+++UE4+Release-4.24
LogInit: Net CL: 10570792
LogInit: OS: Windows 10 (Release 1909) (), CPU: Intel(R) Core(TM) i7-4650U CPU @ 1.70GHz, GPU: Intel(R) HD Graphics 5000
LogInit: Compiled (64-bit): Dec 17 2019 02:08:03
LogInit: Compiled with Visual C++: 19.16.27032.01
LogInit: Build Configuration: Development
LogInit: Branch Name: ++UE4+Release-4.24
LogInit: Command Line: 
LogInit: Base Directory: C:/Program Files/Epic Games/UE_4.24/Engine/Binaries/Win64/
LogInit: Installed Engine Build: 1
LogDevObjectVersion: Number of dev versions registered: 25
LogDevObjectVersion:   Dev-Blueprints (B0D832E4-1F89-4F0D-ACCF-7EB736FD4AA2): 10
LogDevObjectVersion:   Dev-Build (E1C64328-A22C-4D53-A36C-8E866417BD8C): 0
LogDevObjectVersion:   Dev-Core (375EC13C-06E4-48FB-B500-84F0262A717E): 3
LogDevObjectVersion:   Dev-Editor (E4B068ED-F494-42E9-A231-DA0B2E46BB41): 37
LogDevObjectVersion:   Dev-Framework (CFFC743F-43B0-4480-9391-14DF171D2073): 36
LogDevObjectVersion:   Dev-Mobile (B02B49B5-BB20-44E9-A304-32B752E40360): 2
LogDevObjectVersion:   Dev-Networking (A4E4105C-59A1-49B5-A7C5-40C4547EDFEE): 0
LogDevObjectVersion:   Dev-Online (39C831C9-5AE6-47DC-9A44-9C173E1C8E7C): 0
LogDevObjectVersion:   Dev-Physics (78F01B33-EBEA-4F98-B9B4-84EACCB95AA2): 2
LogDevObjectVersion:   Dev-Platform (6631380F-2D4D-43E0-8009-CF276956A95A): 0
LogDevObjectVersion:   Dev-Rendering (12F88B9F-8875-4AFC-A67C-D90C383ABD29): 36
LogDevObjectVersion:   Dev-Sequencer (7B5AE74C-D270-4C10-A958-57980B212A5A): 11
LogDevObjectVersion:   Dev-VR (D7296918-1DD6-4BDD-9DE2-64A83CC13884): 2
LogDevObjectVersion:   Dev-LoadTimes (C2A15278-BFE7-4AFE-6C17-90FF531DF755): 1
LogDevObjectVersion:   Private-Geometry (6EACA3D4-40EC-4CC1-B786-8BED09428FC5): 3
LogDevObjectVersion:   Dev-AnimPhys (29E575DD-E0A3-4627-9D10-D276232CDCEA): 17
LogDevObjectVersion:   Dev-Anim (AF43A65D-7FD3-4947-9873-3E8ED9C1BB05): 2
LogDevObjectVersion:   Dev-ReflectionCapture (6B266CEC-1EC7-4B8F-A30B-E4D90942FC07): 1
LogDevObjectVersion:   Dev-Automation (0DF73D61-A23F-47EA-B727-89E90C41499A): 1
LogDevObjectVersion:   FortniteMain (601D1886-AC64-4F84-AA16-D3DE0DEAC7D6): 31
LogDevObjectVersion:   Dev-Enterprise (9DFFBCD6-494F-0158-E221-12823C92A888): 8
LogDevObjectVersion:   Dev-Niagara (F2AED0AC-9AFE-416F-8664-AA7FFA26D6FC): 1
LogDevObjectVersion:   Dev-Destruction (174F1F0B-B4C6-45A5-B13F-2EE8D0FB917D): 9
LogDevObjectVersion:   Dev-Physics-Ext (35F94A83-E258-406C-A318-09F59610247C): 8
LogDevObjectVersion:   Dev-CineCamera (B2E18506-4273-CFC2-A54E-F4BB758BBA07): 1
LogInit: Presizing for max 25165824 objects, including 0 objects not considered by GC, pre-allocating 0 bytes for permanent pool.
LogInit: Object subsystem initialized
LogConfig: Setting CVar [[con.DebugEarlyDefault:1]]
LogConfig: Setting CVar [[r.setres:1280x720]]
[2020.01.18-00.35.09:501][  0]LogConfig: Setting CVar [[r.VSync:0]]
[2020.01.18-00.35.09:501][  0]LogConfig: Setting CVar [[r.RHICmdBypass:0]]
[2020.01.18-00.35.09:502][  0]LogConfig: Applying CVar settings from Section [/Script/Engine.RendererSettings] File [C:/Users/scrunnchy/Documents/Asset Pipeline/IC_Assignment1_KSL-20200118T003334Z-001/IC_Assignment1_KSL/Saved/Config/Windows/Engine.ini]
[2020.01.18-00.35.09:502][  0]LogConfig: Setting CVar [[r.GPUCrashDebugging:0]]
[2020.01.18-00.35.09:502][  0]LogConfig: Applying CVar settings from Section [/Script/Engine.RendererOverrideSettings] File [C:/Users/scrunnchy/Documents/Asset Pipeline/IC_Assignment1_KSL-20200118T003334Z-001/IC_Assignment1_KSL/Saved/Config/Windows/Engine.ini]
[2020.01.18-00.35.09:502][  0]LogConfig: Applying CVar settings from Section [/Script/Engine.StreamingSettings] File [C:/Users/scrunnchy/Documents/Asset Pipeline/IC_Assignment1_KSL-20200118T003334Z-001/IC_Assignment1_KSL/Saved/Config/Windows/Engine.ini]
[2020.01.18-00.35.09:502][  0]LogConfig: Setting CVar [[s.MinBulkDataSizeForAsyncLoading:131072]]
[2020.01.18-00.35.09:502][  0]LogConfig: Setting CVar [[s.AsyncLoadingThreadEnabled:0]]
[2020.01.18-00.35.09:502][  0]LogConfig: Setting CVar [[s.EventDrivenLoaderEnabled:1]]
[2020.01.18-00.35.09:502][  0]LogConfig: Setting CVar [[s.WarnIfTimeLimitExceeded:0]]
[2020.01.18-00.35.09:502][  0]LogConfig: Setting CVar [[s.TimeLimitExceededMultiplier:1.5]]
[2020.01.18-00.35.09:502][  0]LogConfig: Setting CVar [[s.TimeLimitExceededMinTime:0.005]]
[2020.01.18-00.35.09:502][  0]LogConfig: Setting CVar [[s.UseBackgroundLevelStreaming:1]]
[2020.01.18-00.35.09:502][  0]LogConfig: Setting CVar [[s.PriorityAsyncLoadingExtraTime:15.0]]
[2020.01.18-00.35.09:503][  0]LogConfig: Setting CVar [[s.LevelStreamingActorsUpdateTimeLimit:5.0]]
[2020.01.18-00.35.09:503][  0]LogConfig: Setting CVar [[s.PriorityLevelStreamingActorsUpdateExtraTime:5.0]]
[2020.01.18-00.35.09:503][  0]LogConfig: Setting CVar [[s.LevelStreamingComponentsRegistrationGranularity:10]]
[2020.01.18-00.35.09:503][  0]LogConfig: Setting CVar [[s.UnregisterComponentsTimeLimit:1.0]]
[2020.01.18-00.35.09:503][  0]LogConfig: Setting CVar [[s.LevelStreamingComponentsUnregistrationGranularity:5]]
[2020.01.18-00.35.09:503][  0]LogConfig: Setting CVar [[s.FlushStreamingOnExit:1]]
[2020.01.18-00.35.09:503][  0]LogConfig: Applying CVar settings from Section [/Script/Engine.GarbageCollectionSettings] File [C:/Users/scrunnchy/Documents/Asset Pipeline/IC_Assignment1_KSL-20200118T003334Z-001/IC_Assignment1_KSL/Saved/Config/Windows/Engine.ini]
[2020.01.18-00.35.09:503][  0]LogConfig: Setting CVar [[gc.MaxObjectsNotConsideredByGC:1]]
[2020.01.18-00.35.09:503][  0]LogConfig: Setting CVar [[gc.SizeOfPermanentObjectPool:0]]
[2020.01.18-00.35.09:503][  0]LogConfig: Setting CVar [[gc.FlushStreamingOnGC:0]]
[2020.01.18-00.35.09:503][  0]LogConfig: Setting CVar [[gc.NumRetriesBeforeForcingGC:10]]
[2020.01.18-00.35.09:503][  0]LogConfig: Setting CVar [[gc.AllowParallelGC:1]]
[2020.01.18-00.35.09:503][  0]LogConfig: Setting CVar [[gc.TimeBetweenPurgingPendingKillObjects:61.1]]
[2020.01.18-00.35.09:503][  0]LogConfig: Setting CVar [[gc.MaxObjectsInEditor:25165824]]
[2020.01.18-00.35.09:503][  0]LogConfig: Setting CVar [[gc.IncrementalBeginDestroyEnabled:1]]
[2020.01.18-00.35.09:503][  0]LogConfig: Setting CVar [[gc.CreateGCClusters:1]]
[2020.01.18-00.35.09:503][  0]LogConfig: Setting CVar [[gc.MinGCClusterSize:5]]
[2020.01.18-00.35.09:503][  0]LogConfig: Setting CVar [[gc.ActorClusteringEnabled:0]]
[2020.01.18-00.35.09:503][  0]LogConfig: Setting CVar [[gc.BlueprintClusteringEnabled:0]]
[2020.01.18-00.35.09:503][  0]LogConfig: Setting CVar [[gc.UseDisregardForGCOnDedicatedServers:0]]
[2020.01.18-00.35.09:503][  0]LogConfig: Applying CVar settings from Section [/Script/Engine.NetworkSettings] File [C:/Users/scrunnchy/Documents/Asset Pipeline/IC_Assignment1_KSL-20200118T003334Z-001/IC_Assignment1_KSL/Saved/Config/Windows/Engine.ini]
[2020.01.18-00.35.09:503][  0]LogConfig: Applying CVar settings from Section [/Script/UnrealEd.CookerSettings] File [C:/Users/scrunnchy/Documents/Asset Pipeline/IC_Assignment1_KSL-20200118T003334Z-001/IC_Assignment1_KSL/Saved/Config/Windows/Engine.ini]
[2020.01.18-00.35.09:539][  0]LogConfig: Applying CVar settings from Section [ViewDistanceQuality@3] File [C:/Users/scrunnchy/Documents/Asset Pipeline/IC_Assignment1_KSL-20200118T003334Z-001/IC_Assignment1_KSL/Saved/Config/Windows/Scalability.ini]
[2020.01.18-00.35.09:539][  0]LogConfig: Setting CVar [[r.SkeletalMeshLODBias:0]]
[2020.01.18-00.35.09:539][  0]LogConfig: Setting CVar [[r.ViewDistanceScale:1.0]]
[2020.01.18-00.35.09:540][  0]LogConfig: Applying CVar settings from Section [AntiAliasingQuality@3] File [C:/Users/scrunnchy/Documents/Asset Pipeline/IC_Assignment1_KSL-20200118T003334Z-001/IC_Assignment1_KSL/Saved/Config/Windows/Scalability.ini]
[2020.01.18-00.35.09:540][  0]LogConfig: Setting CVar [[r.PostProcessAAQuality:4]]
[2020.01.18-00.35.09:540][  0]LogConfig: Applying CVar settings from Section [ShadowQuality@3] File [C:/Users/scrunnchy/Documents/Asset Pipeline/IC_Assignment1_KSL-20200118T003334Z-001/IC_Assignment1_KSL/Saved/Config/Windows/Scalability.ini]
[2020.01.18-00.35.09:540][  0]LogConfig: Setting CVar [[r.LightFunctionQuality:1]]
[2020.01.18-00.35.09:540][  0]LogConfig: Setting CVar [[r.ShadowQuality:5]]
[2020.01.18-00.35.09:540][  0]LogConfig: Setting CVar [[r.Shadow.CSM.MaxCascades:10]]
[2020.01.18-00.35.09:540][  0]LogConfig: Setting CVar [[r.Shadow.MaxResolution:2048]]
[2020.01.18-00.35.09:540][  0]LogConfig: Setting CVar [[r.Shadow.MaxCSMResolution:2048]]
[2020.01.18-00.35.09:540][  0]LogConfig: Setting CVar [[r.Shadow.RadiusThreshold:0.01]]
[2020.01.18-00.35.09:540][  0]LogConfig: Setting CVar [[r.Shadow.DistanceScale:1.0]]
[2020.01.18-00.35.09:540][  0]LogConfig: Setting CVar [[r.Shadow.CSM.TransitionScale:1.0]]
[2020.01.18-00.35.09:540][  0]LogConfig: Setting CVar [[r.Shadow.PreShadowResolutionFactor:1.0]]
[2020.01.18-00.35.09:540][  0]LogConfig: Setting CVar [[r.DistanceFieldShadowing:1]]
[2020.01.18-00.35.09:540][  0]LogConfig: Setting CVar [[r.DistanceFieldAO:1]]
[2020.01.18-00.35.09:540][  0]LogConfig: Setting CVar [[r.AOQuality:2]]
[2020.01.18-00.35.09:540][  0]LogConfig: Setting CVar [[r.VolumetricFog:1]]
[2020.01.18-00.35.09:540][  0]LogConfig: Setting CVar [[r.VolumetricFog.GridPixelSize:8]]
[2020.01.18-00.35.09:541][  0]LogConfig: Setting CVar [[r.VolumetricFog.GridSizeZ:128]]
[2020.01.18-00.35.09:541][  0]LogConfig: Setting CVar [[r.VolumetricFog.HistoryMissSupersampleCount:4]]
[2020.01.18-00.35.09:541][  0]LogConfig: Setting CVar [[r.LightMaxDrawDistanceScale:1]]
[2020.01.18-00.35.09:541][  0]LogConfig: Setting CVar [[r.CapsuleShadows:1]]
[2020.01.18-00.35.09:541][  0]LogConfig: Applying CVar settings from Section [PostProcessQuality@3] File [C:/Users/scrunnchy/Documents/Asset Pipeline/IC_Assignment1_KSL-20200118T003334Z-001/IC_Assignment1_KSL/Saved/Config/Windows/Scalability.ini]
[2020.01.18-00.35.09:541][  0]LogConfig: Setting CVar [[r.MotionBlurQuality:4]]
[2020.01.18-00.35.09:541][  0]LogConfig: Setting CVar [[r.AmbientOcclusionMipLevelFactor:0.4]]
[2020.01.18-00.35.09:541][  0]LogConfig: Setting CVar [[r.AmbientOcclusionMaxQuality:100]]
[2020.01.18-00.35.09:541][  0]LogConfig: Setting CVar [[r.AmbientOcclusionLevels:-1]]
[2020.01.18-00.35.09:541][  0]LogConfig: Setting CVar [[r.AmbientOcclusionRadiusScale:1.0]]
[2020.01.18-00.35.09:541][  0]LogConfig: Setting CVar [[r.DepthOfFieldQuality:2]]
[2020.01.18-00.35.09:541][  0]LogConfig: Setting CVar [[r.RenderTargetPoolMin:400]]
[2020.01.18-00.35.09:542][  0]LogConfig: Setting CVar [[r.LensFlareQuality:2]]
[2020.01.18-00.35.09:542][  0]LogConfig: Setting CVar [[r.SceneColorFringeQuality:1]]
[2020.01.18-00.35.09:542][  0]LogConfig: Setting CVar [[r.EyeAdaptationQuality:2]]
[2020.01.18-00.35.09:542][  0]LogConfig: Setting CVar [[r.BloomQuality:5]]
[2020.01.18-00.35.09:542][  0]LogConfig: Setting CVar [[r.FastBlurThreshold:100]]
[2020.01.18-00.35.09:542][  0]LogConfig: Setting CVar [[r.Upscale.Quality:3]]
[2020.01.18-00.35.09:542][  0]LogConfig: Setting CVar [[r.Tonemapper.GrainQuantization:1]]
[2020.01.18-00.35.09:542][  0]LogConfig: Setting CVar [[r.LightShaftQuality:1]]
[2020.01.18-00.35.09:542][  0]LogConfig: Setting CVar [[r.Filter.SizeScale:1]]
[2020.01.18-00.35.09:542][  0]LogConfig: Setting CVar [[r.Tonemapper.Quality:5]]
[2020.01.18-00.35.09:542][  0]LogConfig: Setting CVar [[r.DOF.Gather.AccumulatorQuality:1        ; higher gathering accumulator quality]]
[2020.01.18-00.35.09:542][  0]LogConfig: Setting CVar [[r.DOF.Gather.PostfilterMethod:1          ; Median3x3 postfilering method]]
[2020.01.18-00.35.09:542][  0]LogConfig: Setting CVar [[r.DOF.Gather.EnableBokehSettings:0       ; no bokeh simulation when gathering]]
[2020.01.18-00.35.09:542][  0]LogConfig: Setting CVar [[r.DOF.Gather.RingCount:4                 ; medium number of samples when gathering]]
[2020.01.18-00.35.09:542][  0]LogConfig: Setting CVar [[r.DOF.Scatter.ForegroundCompositing:1    ; additive foreground scattering]]
[2020.01.18-00.35.09:542][  0]LogConfig: Setting CVar [[r.DOF.Scatter.BackgroundCompositing:2    ; additive background scattering]]
[2020.01.18-00.35.09:542][  0]LogConfig: Setting CVar [[r.DOF.Scatter.EnableBokehSettings:1      ; bokeh simulation when scattering]]
[2020.01.18-00.35.09:542][  0]LogConfig: Setting CVar [[r.DOF.Scatter.MaxSpriteRatio:0.1         ; only a maximum of 10% of scattered bokeh]]
[2020.01.18-00.35.09:542][  0]LogConfig: Setting CVar [[r.DOF.Recombine.Quality:1                ; cheap slight out of focus]]
[2020.01.18-00.35.09:542][  0]LogConfig: Setting CVar [[r.DOF.Recombine.EnableBokehSettings:0    ; no bokeh simulation on slight out of focus]]
[2020.01.18-00.35.09:543][  0]LogConfig: Setting CVar [[r.DOF.TemporalAAQuality:1                ; more stable temporal accumulation]]
[2020.01.18-00.35.09:543][  0]LogConfig: Setting CVar [[r.DOF.Kernel.MaxForegroundRadius:0.025]]
[2020.01.18-00.35.09:543][  0]LogConfig: Setting CVar [[r.DOF.Kernel.MaxBackgroundRadius:0.025]]
[2020.01.18-00.35.09:543][  0]LogConfig: Applying CVar settings from Section [TextureQuality@3] File [C:/Users/scrunnchy/Documents/Asset Pipeline/IC_Assignment1_KSL-20200118T003334Z-001/IC_Assignment1_KSL/Saved/Config/Windows/Scalability.ini]
[2020.01.18-00.35.09:543][  0]LogConfig: Setting CVar [[r.Streaming.MipBias:0]]
[2020.01.18-00.35.09:543][  0]LogConfig: Setting CVar [[r.Streaming.AmortizeCPUToGPUCopy:0]]
[2020.01.18-00.35.09:543][  0]LogConfig: Setting CVar [[r.Streaming.MaxNumTexturesToStreamPerFrame:0]]
[2020.01.18-00.35.09:543][  0]LogConfig: Setting CVar [[r.Streaming.Boost:1]]
[2020.01.18-00.35.09:543][  0]LogConfig: Setting CVar [[r.MaxAnisotropy:8]]
[2020.01.18-00.35.09:543][  0]LogConfig: Setting CVar [[r.VT.MaxAnisotropy:8]]
[2020.01.18-00.35.09:543][  0]LogConfig: Setting CVar [[r.Streaming.LimitPoolSizeToVRAM:0]]
[2020.01.18-00.35.09:543][  0]LogConfig: Setting CVar [[r.Streaming.PoolSize:1000]]
[2020.01.18-00.35.09:543][  0]LogConfig: Setting CVar [[r.Streaming.MaxEffectiveScreenSize:0]]
[2020.01.18-00.35.09:543][  0]LogConfig: Applying CVar settings from Section [EffectsQuality@3] File [C:/Users/scrunnchy/Documents/Asset Pipeline/IC_Assignment1_KSL-20200118T003334Z-001/IC_Assignment1_KSL/Saved/Config/Windows/Scalability.ini]
[2020.01.18-00.35.09:543][  0]LogConfig: Setting CVar [[r.TranslucencyLightingVolumeDim:64]]
[2020.01.18-00.35.09:543][  0]LogConfig: Setting CVar [[r.RefractionQuality:2]]
[2020.01.18-00.35.09:543][  0]LogConfig: Setting CVar [[r.SSR.Quality:3]]
[2020.01.18-00.35.09:543][  0]LogConfig: Setting CVar [[r.SSR.HalfResSceneColor:0]]
[2020.01.18-00.35.09:543][  0]LogConfig: Setting CVar [[r.SceneColorFormat:4]]
[2020.01.18-00.35.09:544][  0]LogConfig: Setting CVar [[r.DetailMode:2]]
[2020.01.18-00.35.09:544][  0]LogConfig: Setting CVar [[r.TranslucencyVolumeBlur:1]]
[2020.01.18-00.35.09:544][  0]LogConfig: Setting CVar [[r.MaterialQualityLevel:1 ; High quality]]
[2020.01.18-00.35.09:544][  0]LogConfig: Setting CVar [[r.SSS.Scale:1]]
[2020.01.18-00.35.09:544][  0]LogConfig: Setting CVar [[r.SSS.SampleSet:2]]
[2020.01.18-00.35.09:544][  0]LogConfig: Setting CVar [[r.SSS.Quality:1]]
[2020.01.18-00.35.09:544][  0]LogConfig: Setting CVar [[r.SSS.HalfRes:1]]
[2020.01.18-00.35.09:544][  0]LogConfig: Setting CVar [[r.SSGI.Quality:3]]
[2020.01.18-00.35.09:544][  0]LogConfig: Setting CVar [[r.EmitterSpawnRateScale:1.0]]
[2020.01.18-00.35.09:544][  0]LogConfig: Setting CVar [[r.ParticleLightQuality:2]]
[2020.01.18-00.35.09:544][  0]LogConfig: Setting CVar [[r.SkyAtmosphere.AerialPerspectiveLUT.FastApplyOnOpaque:1 ; Always have FastSkyLUT 1 in this case to avoid wrong sky]]
[2020.01.18-00.35.09:544][  0]LogConfig: Setting CVar [[r.SkyAtmosphere.AerialPerspectiveLUT.SampleCountPerSlice:1]]
[2020.01.18-00.35.09:544][  0]LogConfig: Setting CVar [[r.SkyAtmosphere.AerialPerspectiveLUT.DepthResolution:16.0]]
[2020.01.18-00.35.09:544][  0]LogConfig: Setting CVar [[r.SkyAtmosphere.FastSkyLUT:1]]
[2020.01.18-00.35.09:544][  0]LogConfig: Setting CVar [[r.SkyAtmosphere.FastSkyLUT.SampleCountMin:4.0]]
[2020.01.18-00.35.09:544][  0]LogConfig: Setting CVar [[r.SkyAtmosphere.FastSkyLUT.SampleCountMax:32.0]]
[2020.01.18-00.35.09:544][  0]LogConfig: Setting CVar [[r.SkyAtmosphere.SampleCountMin:4.0]]
[2020.01.18-00.35.09:544][  0]LogConfig: Setting CVar [[r.SkyAtmosphere.SampleCountMax:32.0]]
[2020.01.18-00.35.09:544][  0]LogConfig: Setting CVar [[r.SkyAtmosphere.TransmittanceLUT.UseSmallFormat:0]]
[2020.01.18-00.35.09:544][  0]LogConfig: Setting CVar [[r.SkyAtmosphere.TransmittanceLUT.SampleCount:10.0]]
[2020.01.18-00.35.09:544][  0]LogConfig: Setting CVar [[r.SkyAtmosphere.MultiScatteringLUT.SampleCount:15.0]]
[2020.01.18-00.35.09:544][  0]LogConfig: Applying CVar settings from Section [FoliageQuality@3] File [C:/Users/scrunnchy/Documents/Asset Pipeline/IC_Assignment1_KSL-20200118T003334Z-001/IC_Assignment1_KSL/Saved/Config/Windows/Scalability.ini]
[2020.01.18-00.35.09:544][  0]LogConfig: Setting CVar [[foliage.DensityScale:1.0]]
[2020.01.18-00.35.09:544][  0]LogConfig: Setting CVar [[grass.DensityScale:1.0]]
[2020.01.18-00.35.09:544][  0]LogConfig: Applying CVar settings from Section [ShadingQuality@3] File [C:/Users/scrunnchy/Documents/Asset Pipeline/IC_Assignment1_KSL-20200118T003334Z-001/IC_Assignment1_KSL/Saved/Config/Windows/Scalability.ini]
[2020.01.18-00.35.09:544][  0]LogConfig: Setting CVar [[r.HairStrands.SkyLighting.SampleCount:16]]
[2020.01.18-00.35.09:544][  0]LogConfig: Setting CVar [[r.HairStrands.SkyLighting.JitterIntegration:0]]
[2020.01.18-00.35.09:544][  0]LogConfig: Setting CVar [[r.HairStrands.SkyAO.SampleCount:16]]
[2020.01.18-00.35.09:545][  0]LogInit: Selected Device Profile: [Windows]
[2020.01.18-00.35.09:545][  0]LogInit: Applying CVar settings loaded from the selected device profile: [Windows]
[2020.01.18-00.35.09:555][  0]LogHAL: Display: Platform has ~ 8 GB [8490385408 / 8589934592 / 8], which maps to Default [LargestMinGB=32, LargerMinGB=12, DefaultMinGB=8, SmallerMinGB=6, SmallestMinGB=0)
[2020.01.18-00.35.09:555][  0]LogInit: Going up to parent DeviceProfile []
[2020.01.18-00.35.09:555][  0]LogConfig: Applying CVar settings from Section [ViewDistanceQuality@3] File [C:/Users/scrunnchy/Documents/Asset Pipeline/IC_Assignment1_KSL-20200118T003334Z-001/IC_Assignment1_KSL/Saved/Config/Windows/Scalability.ini]
[2020.01.18-00.35.09:555][  0]LogConfig: Setting CVar [[r.SkeletalMeshLODBias:0]]
[2020.01.18-00.35.09:555][  0]LogConfig: Setting CVar [[r.ViewDistanceScale:1.0]]
[2020.01.18-00.35.09:555][  0]LogConfig: Applying CVar settings from Section [AntiAliasingQuality@3] File [C:/Users/scrunnchy/Documents/Asset Pipeline/IC_Assignment1_KSL-20200118T003334Z-001/IC_Assignment1_KSL/Saved/Config/Windows/Scalability.ini]
[2020.01.18-00.35.09:555][  0]LogConfig: Setting CVar [[r.PostProcessAAQuality:4]]
[2020.01.18-00.35.09:555][  0]LogConfig: Applying CVar settings from Section [ShadowQuality@3] File [C:/Users/scrunnchy/Documents/Asset Pipeline/IC_Assignment1_KSL-20200118T003334Z-001/IC_Assignment1_KSL/Saved/Config/Windows/Scalability.ini]
[2020.01.18-00.35.09:556][  0]LogConfig: Setting CVar [[r.LightFunctionQuality:1]]
[2020.01.18-00.35.09:556][  0]LogConfig: Setting CVar [[r.ShadowQuality:5]]
[2020.01.18-00.35.09:556][  0]LogConfig: Setting CVar [[r.Shadow.CSM.MaxCascades:10]]
[2020.01.18-00.35.09:556][  0]LogConfig: Setting CVar [[r.Shadow.MaxResolution:2048]]
[2020.01.18-00.35.09:556][  0]LogConfig: Setting CVar [[r.Shadow.MaxCSMResolution:2048]]
[2020.01.18-00.35.09:556][  0]LogConfig: Setting CVar [[r.Shadow.RadiusThreshold:0.01]]
[2020.01.18-00.35.09:556][  0]LogConfig: Setting CVar [[r.Shadow.DistanceScale:1.0]]
[2020.01.18-00.35.09:556][  0]LogConfig: Setting CVar [[r.Shadow.CSM.TransitionScale:1.0]]
[2020.01.18-00.35.09:556][  0]LogConfig: Setting CVar [[r.Shadow.PreShadowResolutionFactor:1.0]]
[2020.01.18-00.35.09:556][  0]LogConfig: Setting CVar [[r.DistanceFieldShadowing:1]]
[2020.01.18-00.35.09:556][  0]LogConfig: Setting CVar [[r.DistanceFieldAO:1]]
[2020.01.18-00.35.09:556][  0]LogConfig: Setting CVar [[r.AOQuality:2]]
[2020.01.18-00.35.09:556][  0]LogConfig: Setting CVar [[r.VolumetricFog:1]]
[2020.01.18-00.35.09:556][  0]LogConfig: Setting CVar [[r.VolumetricFog.GridPixelSize:8]]
[2020.01.18-00.35.09:556][  0]LogConfig: Setting CVar [[r.VolumetricFog.GridSizeZ:128]]
[2020.01.18-00.35.09:556][  0]LogConfig: Setting CVar [[r.VolumetricFog.HistoryMissSupersampleCount:4]]
[2020.01.18-00.35.09:556][  0]LogConfig: Setting CVar [[r.LightMaxDrawDistanceScale:1]]
[2020.01.18-00.35.09:556][  0]LogConfig: Setting CVar [[r.CapsuleShadows:1]]
[2020.01.18-00.35.09:556][  0]LogConfig: Applying CVar settings from Section [PostProcessQuality@3] File [C:/Users/scrunnchy/Documents/Asset Pipeline/IC_Assignment1_KSL-20200118T003334Z-001/IC_Assignment1_KSL/Saved/Config/Windows/Scalability.ini]
[2020.01.18-00.35.09:556][  0]LogConfig: Setting CVar [[r.MotionBlurQuality:4]]
[2020.01.18-00.35.09:556][  0]LogConfig: Setting CVar [[r.AmbientOcclusionMipLevelFactor:0.4]]
[2020.01.18-00.35.09:556][  0]LogConfig: Setting CVar [[r.AmbientOcclusionMaxQuality:100]]
[2020.01.18-00.35.09:556][  0]LogConfig: Setting CVar [[r.AmbientOcclusionLevels:-1]]
[2020.01.18-00.35.09:557][  0]LogConfig: Setting CVar [[r.AmbientOcclusionRadiusScale:1.0]]
[2020.01.18-00.35.09:557][  0]LogConfig: Setting CVar [[r.DepthOfFieldQuality:2]]
[2020.01.18-00.35.09:557][  0]LogConfig: Setting CVar [[r.RenderTargetPoolMin:400]]
[2020.01.18-00.35.09:557][  0]LogConfig: Setting CVar [[r.LensFlareQuality:2]]
[2020.01.18-00.35.09:557][  0]LogConfig: Setting CVar [[r.SceneColorFringeQuality:1]]
[2020.01.18-00.35.09:557][  0]LogConfig: Setting CVar [[r.EyeAdaptationQuality:2]]
[2020.01.18-00.35.09:557][  0]LogConfig: Setting CVar [[r.BloomQuality:5]]
[2020.01.18-00.35.09:557][  0]LogConfig: Setting CVar [[r.FastBlurThreshold:100]]
[2020.01.18-00.35.09:557][  0]LogConfig: Setting CVar [[r.Upscale.Quality:3]]
[2020.01.18-00.35.09:557][  0]LogConfig: Setting CVar [[r.Tonemapper.GrainQuantization:1]]
[2020.01.18-00.35.09:557][  0]LogConfig: Setting CVar [[r.LightShaftQuality:1]]
[2020.01.18-00.35.09:557][  0]LogConfig: Setting CVar [[r.Filter.SizeScale:1]]
[2020.01.18-00.35.09:557][  0]LogConfig: Setting CVar [[r.Tonemapper.Quality:5]]
[2020.01.18-00.35.09:557][  0]LogConfig: Setting CVar [[r.DOF.Gather.AccumulatorQuality:1        ; higher gathering accumulator quality]]
[2020.01.18-00.35.09:557][  0]LogConfig: Setting CVar [[r.DOF.Gather.PostfilterMethod:1          ; Median3x3 postfilering method]]
[2020.01.18-00.35.09:557][  0]LogConfig: Setting CVar [[r.DOF.Gather.EnableBokehSettings:0       ; no bokeh simulation when gathering]]
[2020.01.18-00.35.09:557][  0]LogConfig: Setting CVar [[r.DOF.Gather.RingCount:4                 ; medium number of samples when gathering]]
[2020.01.18-00.35.09:557][  0]LogConfig: Setting CVar [[r.DOF.Scatter.ForegroundCompositing:1    ; additive foreground scattering]]
[2020.01.18-00.35.09:557][  0]LogConfig: Setting CVar [[r.DOF.Scatter.BackgroundCompositing:2    ; additive background scattering]]
[2020.01.18-00.35.09:557][  0]LogConfig: Setting CVar [[r.DOF.Scatter.EnableBokehSettings:1      ; bokeh simulation when scattering]]
[2020.01.18-00.35.09:557][  0]LogConfig: Setting CVar [[r.DOF.Scatter.MaxSpriteRatio:0.1         ; only a maximum of 10% of scattered bokeh]]
[2020.01.18-00.35.09:557][  0]LogConfig: Setting CVar [[r.DOF.Recombine.Quality:1                ; cheap slight out of focus]]
[2020.01.18-00.35.09:557][  0]LogConfig: Setting CVar [[r.DOF.Recombine.EnableBokehSettings:0    ; no bokeh simulation on slight out of focus]]
[2020.01.18-00.35.09:557][  0]LogConfig: Setting CVar [[r.DOF.TemporalAAQuality:1                ; more stable temporal accumulation]]
[2020.01.18-00.35.09:557][  0]LogConfig: Setting CVar [[r.DOF.Kernel.MaxForegroundRadius:0.025]]
[2020.01.18-00.35.09:557][  0]LogConfig: Setting CVar [[r.DOF.Kernel.MaxBackgroundRadius:0.025]]
[2020.01.18-00.35.09:557][  0]LogConfig: Applying CVar settings from Section [TextureQuality@3] File [C:/Users/scrunnchy/Documents/Asset Pipeline/IC_Assignment1_KSL-20200118T003334Z-001/IC_Assignment1_KSL/Saved/Config/Windows/Scalability.ini]
[2020.01.18-00.35.09:557][  0]LogConfig: Setting CVar [[r.Streaming.MipBias:0]]
[2020.01.18-00.35.09:557][  0]LogConfig: Setting CVar [[r.Streaming.AmortizeCPUToGPUCopy:0]]
[2020.01.18-00.35.09:557][  0]LogConfig: Setting CVar [[r.Streaming.MaxNumTexturesToStreamPerFrame:0]]
[2020.01.18-00.35.09:557][  0]LogConfig: Setting CVar [[r.Streaming.Boost:1]]
[2020.01.18-00.35.09:557][  0]LogConfig: Setting CVar [[r.MaxAnisotropy:8]]
[2020.01.18-00.35.09:558][  0]LogConfig: Setting CVar [[r.VT.MaxAnisotropy:8]]
[2020.01.18-00.35.09:558][  0]LogConfig: Setting CVar [[r.Streaming.LimitPoolSizeToVRAM:0]]
[2020.01.18-00.35.09:558][  0]LogConfig: Setting CVar [[r.Streaming.PoolSize:1000]]
[2020.01.18-00.35.09:558][  0]LogConfig: Setting CVar [[r.Streaming.MaxEffectiveScreenSize:0]]
[2020.01.18-00.35.09:558][  0]LogConfig: Applying CVar settings from Section [EffectsQuality@3] File [C:/Users/scrunnchy/Documents/Asset Pipeline/IC_Assignment1_KSL-20200118T003334Z-001/IC_Assignment1_KSL/Saved/Config/Windows/Scalability.ini]
[2020.01.18-00.35.09:558][  0]LogConfig: Setting CVar [[r.TranslucencyLightingVolumeDim:64]]
[2020.01.18-00.35.09:558][  0]LogConfig: Setting CVar [[r.RefractionQuality:2]]
[2020.01.18-00.35.09:558][  0]LogConfig: Setting CVar [[r.SSR.Quality:3]]
[2020.01.18-00.35.09:558][  0]LogConfig: Setting CVar [[r.SSR.HalfResSceneColor:0]]
[2020.01.18-00.35.09:558][  0]LogConfig: Setting CVar [[r.SceneColorFormat:4]]
[2020.01.18-00.35.09:558][  0]LogConfig: Setting CVar [[r.DetailMode:2]]
[2020.01.18-00.35.09:558][  0]LogConfig: Setting CVar [[r.TranslucencyVolumeBlur:1]]
[2020.01.18-00.35.09:558][  0]LogConfig: Setting CVar [[r.MaterialQualityLevel:1 ; High quality]]
[2020.01.18-00.35.09:558][  0]LogConfig: Setting CVar [[r.SSS.Scale:1]]
[2020.01.18-00.35.09:558][  0]LogConfig: Setting CVar [[r.SSS.SampleSet:2]]
[2020.01.18-00.35.09:558][  0]LogConfig: Setting CVar [[r.SSS.Quality:1]]
[2020.01.18-00.35.09:558][  0]LogConfig: Setting CVar [[r.SSS.HalfRes:1]]
[2020.01.18-00.35.09:558][  0]LogConfig: Setting CVar [[r.SSGI.Quality:3]]
[2020.01.18-00.35.09:558][  0]LogConfig: Setting CVar [[r.EmitterSpawnRateScale:1.0]]
[2020.01.18-00.35.09:558][  0]LogConfig: Setting CVar [[r.ParticleLightQuality:2]]
[2020.01.18-00.35.09:559][  0]LogConfig: Setting CVar [[r.SkyAtmosphere.AerialPerspectiveLUT.FastApplyOnOpaque:1 ; Always have FastSkyLUT 1 in this case to avoid wrong sky]]
[2020.01.18-00.35.09:559][  0]LogConfig: Setting CVar [[r.SkyAtmosphere.AerialPerspectiveLUT.SampleCountPerSlice:1]]
[2020.01.18-00.35.09:559][  0]LogConfig: Setting CVar [[r.SkyAtmosphere.AerialPerspectiveLUT.DepthResolution:16.0]]
[2020.01.18-00.35.09:559][  0]LogConfig: Setting CVar [[r.SkyAtmosphere.FastSkyLUT:1]]
[2020.01.18-00.35.09:559][  0]LogConfig: Setting CVar [[r.SkyAtmosphere.FastSkyLUT.SampleCountMin:4.0]]
[2020.01.18-00.35.09:559][  0]LogConfig: Setting CVar [[r.SkyAtmosphere.FastSkyLUT.SampleCountMax:32.0]]
[2020.01.18-00.35.09:559][  0]LogConfig: Setting CVar [[r.SkyAtmosphere.SampleCountMin:4.0]]
[2020.01.18-00.35.09:559][  0]LogConfig: Setting CVar [[r.SkyAtmosphere.SampleCountMax:32.0]]
[2020.01.18-00.35.09:559][  0]LogConfig: Setting CVar [[r.SkyAtmosphere.TransmittanceLUT.UseSmallFormat:0]]
[2020.01.18-00.35.09:559][  0]LogConfig: Setting CVar [[r.SkyAtmosphere.TransmittanceLUT.SampleCount:10.0]]
[2020.01.18-00.35.09:559][  0]LogConfig: Setting CVar [[r.SkyAtmosphere.MultiScatteringLUT.SampleCount:15.0]]
[2020.01.18-00.35.09:559][  0]LogConfig: Applying CVar settings from Section [FoliageQuality@3] File [C:/Users/scrunnchy/Documents/Asset Pipeline/IC_Assignment1_KSL-20200118T003334Z-001/IC_Assignment1_KSL/Saved/Config/Windows/Scalability.ini]
[2020.01.18-00.35.09:560][  0]LogConfig: Setting CVar [[foliage.DensityScale:1.0]]
[2020.01.18-00.35.09:560][  0]LogConfig: Setting CVar [[grass.DensityScale:1.0]]
[2020.01.18-00.35.09:560][  0]LogConfig: Applying CVar settings from Section [ShadingQuality@3] File [C:/Users/scrunnchy/Documents/Asset Pipeline/IC_Assignment1_KSL-20200118T003334Z-001/IC_Assignment1_KSL/Saved/Config/Windows/Scalability.ini]
[2020.01.18-00.35.09:560][  0]LogConfig: Setting CVar [[r.HairStrands.SkyLighting.SampleCount:16]]
[2020.01.18-00.35.09:560][  0]LogConfig: Setting CVar [[r.HairStrands.SkyLighting.JitterIntegration:0]]
[2020.01.18-00.35.09:560][  0]LogConfig: Setting CVar [[r.HairStrands.SkyAO.SampleCount:16]]
[2020.01.18-00.35.09:560][  0]LogConfig: Applying CVar settings from Section [Startup] File [../../../Engine/Config/ConsoleVariables.ini]
[2020.01.18-00.35.09:562][  0]LogConfig: Setting CVar [[net.UseAdaptiveNetUpdateFrequency:0]]
[2020.01.18-00.35.09:562][  0]LogConfig: Setting CVar [[p.chaos.AllowCreatePhysxBodies:1]]
[2020.01.18-00.35.09:562][  0]LogConfig: Applying CVar settings from Section [ConsoleVariables] File [C:/Users/scrunnchy/Documents/Asset Pipeline/IC_Assignment1_KSL-20200118T003334Z-001/IC_Assignment1_KSL/Saved/Config/Windows/Engine.ini]
[2020.01.18-00.35.09:563][  0]LogInit: Computer: DESKTOP-UA651LH
[2020.01.18-00.35.09:563][  0]LogInit: User: scrunnchy
[2020.01.18-00.35.09:563][  0]LogInit: CPU Page size=4096, Cores=2
[2020.01.18-00.35.09:563][  0]LogInit: High frequency timer resolution =10.000000 MHz
[2020.01.18-00.35.09:563][  0]LogMemory: Memory total: Physical=7.9GB (8GB approx)
[2020.01.18-00.35.09:563][  0]LogMemory: Platform Memory Stats for Windows
[2020.01.18-00.35.09:563][  0]LogMemory: Process Physical Memory: 107.38 MB used, 107.38 MB peak
[2020.01.18-00.35.09:564][  0]LogMemory: Process Virtual Memory: 99.82 MB used, 99.82 MB peak
[2020.01.18-00.35.09:564][  0]LogMemory: Physical Memory: 5778.51 MB used,  2318.55 MB free, 8097.06 MB total
[2020.01.18-00.35.09:564][  0]LogMemory: Virtual Memory: 5083.29 MB used,  134212648.00 MB free, 134217728.00 MB total
[2020.01.18-00.35.09:590][  0]LogWindows: WindowsPlatformFeatures enabled
[2020.01.18-00.35.09:904][  0]LogInit: Using OS detected language (en-US).
[2020.01.18-00.35.09:904][  0]LogInit: Using OS detected locale (en-US).
[2020.01.18-00.35.09:910][  0]LogTextLocalizationManager: No specific localization for 'en-US' exists, so the 'en' localization will be used.
[2020.01.18-00.35.10:349][  0]LogInit: Setting process to per monitor DPI aware
[2020.01.18-00.35.10:482][  0]LogSlate: New Slate User Created.  User Index 0, Is Virtual User: 0
[2020.01.18-00.35.10:482][  0]LogSlate: Slate User Registered.  User Index 0, Is Virtual User: 0
[2020.01.18-00.35.11:178][  0]LogHMD: Failed to initialize OpenVR with code 110
[2020.01.18-00.35.11:178][  0]LogD3D11RHI: D3D11 min allowed feature level: 11_0
[2020.01.18-00.35.11:178][  0]LogD3D11RHI: D3D11 max allowed feature level: 11_0
[2020.01.18-00.35.11:178][  0]LogD3D11RHI: D3D11 adapters:
[2020.01.18-00.35.11:197][  0]LogD3D11RHI:    0. 'Intel(R) HD Graphics 5000' (Feature Level 11_0)
[2020.01.18-00.35.11:197][  0]LogD3D11RHI:       112/0/2048 MB DedicatedVideo/DedicatedSystem/SharedSystem, Outputs:3, VendorId:0x8086
[2020.01.18-00.35.11:206][  0]LogD3D11RHI:    1. 'Microsoft Basic Render Driver' (Feature Level 11_0)
[2020.01.18-00.35.11:206][  0]LogD3D11RHI:       0/0/4048 MB DedicatedVideo/DedicatedSystem/SharedSystem, Outputs:0, VendorId:0x1414
[2020.01.18-00.35.11:206][  0]LogD3D11RHI: Chosen D3D11 Adapter: 0
[2020.01.18-00.35.11:218][  0]LogD3D11RHI: Creating new Direct3DDevice
[2020.01.18-00.35.11:218][  0]LogD3D11RHI:     GPU DeviceId: 0xa26 (for the marketing name, search the web for "GPU Device Id")
[2020.01.18-00.35.11:218][  0]LogWindows: EnumDisplayDevices:
[2020.01.18-00.35.11:219][  0]LogWindows:    0. 'Intel(R) HD Graphics 5000' (P:0 D:1)
[2020.01.18-00.35.11:220][  0]LogWindows:    1. 'Intel(R) HD Graphics 5000' (P:0 D:1)
[2020.01.18-00.35.11:220][  0]LogWindows:    2. 'Intel(R) HD Graphics 5000' (P:1 D:1)
[2020.01.18-00.35.11:221][  0]LogWindows: DebugString: FoundDriverCount:3 
[2020.01.18-00.35.11:221][  0]LogD3D11RHI:     Adapter Name: Intel(R) HD Graphics 5000
[2020.01.18-00.35.11:221][  0]LogD3D11RHI:   Driver Version: 20.19.15.4568 (internal:20.19.15.4568, unified:20.19.15.4568)
[2020.01.18-00.35.11:221][  0]LogD3D11RHI:      Driver Date: 12-16-2016
[2020.01.18-00.35.11:221][  0]LogRHI: Texture pool is 795 MB (70% of 1136 MB)
[2020.01.18-00.35.11:233][  0]LogD3D11RHI: RHI does not have support for 64 bit atomics
[2020.01.18-00.35.11:234][  0]LogD3D11RHI: Async texture creation enabled
[2020.01.18-00.35.11:253][  0]LogD3D11RHI: GPU Timing Frequency: 12.500000 (Debug: 2 0)
[2020.01.18-00.35.12:789][  0]LogTargetPlatformManager: Display: Loaded TargetPlatform 'AllDesktop'
[2020.01.18-00.35.12:896][  0]LogTargetPlatformManager: Display: Loaded TargetPlatform 'Android'
[2020.01.18-00.35.12:896][  0]LogTargetPlatformManager: Display: Loaded TargetPlatform 'Android_ASTC'
[2020.01.18-00.35.12:896][  0]LogTargetPlatformManager: Display: Loaded TargetPlatform 'Android_ATC'
[2020.01.18-00.35.12:897][  0]LogTargetPlatformManager: Display: Loaded TargetPlatform 'Android_DXT'
[2020.01.18-00.35.12:897][  0]LogTargetPlatformManager: Display: Loaded TargetPlatform 'Android_ETC1'
[2020.01.18-00.35.12:897][  0]LogTargetPlatformManager: Display: Loaded TargetPlatform 'Android_ETC1a'
[2020.01.18-00.35.12:897][  0]LogTargetPlatformManager: Display: Loaded TargetPlatform 'Android_ETC2'
[2020.01.18-00.35.12:897][  0]LogTargetPlatformManager: Display: Loaded TargetPlatform 'Android_PVRTC'
[2020.01.18-00.35.12:897][  0]LogTargetPlatformManager: Display: Loaded TargetPlatform 'AndroidClient'
[2020.01.18-00.35.12:897][  0]LogTargetPlatformManager: Display: Loaded TargetPlatform 'Android_ASTCClient'
[2020.01.18-00.35.12:897][  0]LogTargetPlatformManager: Display: Loaded TargetPlatform 'Android_ATCClient'
[2020.01.18-00.35.12:897][  0]LogTargetPlatformManager: Display: Loaded TargetPlatform 'Android_DXTClient'
[2020.01.18-00.35.12:897][  0]LogTargetPlatformManager: Display: Loaded TargetPlatform 'Android_ETC1Client'
[2020.01.18-00.35.12:897][  0]LogTargetPlatformManager: Display: Loaded TargetPlatform 'Android_ETC1aClient'
[2020.01.18-00.35.12:897][  0]LogTargetPlatformManager: Display: Loaded TargetPlatform 'Android_ETC2Client'
[2020.01.18-00.35.12:897][  0]LogTargetPlatformManager: Display: Loaded TargetPlatform 'Android_PVRTCClient'
[2020.01.18-00.35.12:898][  0]LogTargetPlatformManager: Display: Loaded TargetPlatform 'Android_Multi'
[2020.01.18-00.35.12:898][  0]LogTargetPlatformManager: Display: Loaded TargetPlatform 'Android_MultiClient'
[2020.01.18-00.35.12:976][  0]LogTargetPlatformManager: Display: Loaded TargetPlatform 'IOSClient'
[2020.01.18-00.35.12:976][  0]LogTargetPlatformManager: Display: Loaded TargetPlatform 'IOS'
[2020.01.18-00.35.13:006][  0]LogTargetPlatformManager: Display: Loaded TargetPlatform 'LinuxNoEditor'
[2020.01.18-00.35.13:030][  0]LogTargetPlatformManager: Display: Loaded TargetPlatform 'LinuxClient'
[2020.01.18-00.35.13:053][  0]LogTargetPlatformManager: Display: Loaded TargetPlatform 'LinuxServer'
[2020.01.18-00.35.13:073][  0]LogTargetPlatformManager: Display: Loaded TargetPlatform 'LinuxAArch64NoEditor'
[2020.01.18-00.35.13:101][  0]LogTargetPlatformManager: Display: Loaded TargetPlatform 'LinuxAArch64Client'
[2020.01.18-00.35.13:123][  0]LogTargetPlatformManager: Display: Loaded TargetPlatform 'LinuxAArch64Server'
[2020.01.18-00.35.13:183][  0]LogTargetPlatformManager: Display: Loaded TargetPlatform 'Lumin'
[2020.01.18-00.35.13:183][  0]LogTargetPlatformManager: Display: Loaded TargetPlatform 'LuminClient'
[2020.01.18-00.35.13:218][  0]LogTargetPlatformManager: Display: Loaded TargetPlatform 'TVOSClient'
[2020.01.18-00.35.13:218][  0]LogTargetPlatformManager: Display: Loaded TargetPlatform 'TVOS'
[2020.01.18-00.35.13:239][  0]LogTargetPlatformManager: Display: Loaded TargetPlatform 'WindowsNoEditor'
[2020.01.18-00.35.13:261][  0]LogTargetPlatformManager: Display: Loaded TargetPlatform 'Windows'
[2020.01.18-00.35.13:280][  0]LogTargetPlatformManager: Display: Loaded TargetPlatform 'WindowsClient'
[2020.01.18-00.35.13:305][  0]LogTargetPlatformManager: Display: Loaded TargetPlatform 'WindowsServer'
[2020.01.18-00.35.13:305][  0]LogTargetPlatformManager: Display: Building Assets For Windows
[2020.01.18-00.35.13:385][  0]LogAudioDebug: Display: Lib vorbis DLL was dynamically loaded.
[2020.01.18-00.35.13:703][  0]LogShaderCompilers: Guid format shader working directory is -67 characters bigger than the processId version (../../../../../../Users/scrunnchy/Documents/Asset Pipeline/IC_Assignment1_KSL-20200118T003334Z-001/IC_Assignment1_KSL/Intermediate/Shaders/WorkingDirectory/4284/).
[2020.01.18-00.35.13:704][  0]LogShaderCompilers: Cleaned the shader compiler working directory 'C:/Users/scrunnchy/AppData/Local/Temp/UnrealShaderWorkingDir/198F8BFA4CD7EA6B06C159AFA0185F6A/'.
[2020.01.18-00.35.13:706][  0]LogXGEController: Cleaning working directory: C:/Users/scrunnchy/AppData/Local/Temp/UnrealXGEWorkingDir/
[2020.01.18-00.35.13:706][  0]LogXGEController: Cannot use XGE Controller as Incredibuild is not installed on this machine.
[2020.01.18-00.35.13:707][  0]LogShaderCompilers: Cannot use XGE Shader Compiler as Incredibuild is not installed on this machine.
[2020.01.18-00.35.13:707][  0]LogShaderCompilers: Display: Using Local Shader Compiler.
[2020.01.18-00.35.16:239][  0]LogDerivedDataCache: Display: Max Cache Size: 512 MB
[2020.01.18-00.35.16:239][  0]LogDerivedDataCache: Display: Starting with empty Boot cache
[2020.01.18-00.35.16:239][  0]LogDerivedDataCache: FDerivedDataBackendGraph:  Pak pak cache file ../../../../../../Users/scrunnchy/Documents/Asset Pipeline/IC_Assignment1_KSL-20200118T003334Z-001/IC_Assignment1_KSL/DerivedDataCache/DDC.ddp not found, will not use a pak cache.
[2020.01.18-00.35.16:239][  0]LogDerivedDataCache: Unable to find inner node Pak for hierarchical cache Hierarchy.
[2020.01.18-00.35.16:239][  0]LogDerivedDataCache: FDerivedDataBackendGraph:  CompressedPak pak cache file ../../../../../../Users/scrunnchy/Documents/Asset Pipeline/IC_Assignment1_KSL-20200118T003334Z-001/IC_Assignment1_KSL/DerivedDataCache/Compressed.ddp not found, will not use a pak cache.
[2020.01.18-00.35.16:239][  0]LogDerivedDataCache: Unable to find inner node CompressedPak for hierarchical cache Hierarchy.
[2020.01.18-00.35.16:265][  0]LogDerivedDataCache: Display: Pak cache opened for reading ../../../Engine/DerivedDataCache/Compressed.ddp.
[2020.01.18-00.35.16:265][  0]LogDerivedDataCache: FDerivedDataBackendGraph:  EnterprisePak pak cache file ../../../Enterprise/DerivedDataCache/Compressed.ddp not found, will not use a pak cache.
[2020.01.18-00.35.16:265][  0]LogDerivedDataCache: Unable to find inner node EnterprisePak for hierarchical cache Hierarchy.
[2020.01.18-00.35.16:269][  0]LogDerivedDataCache: Using Local data cache path C:/Users/scrunnchy/AppData/Local/UnrealEngine/Common/DerivedDataCache: Writable
[2020.01.18-00.35.16:269][  0]LogDerivedDataCache: Shared data cache path not found in *engine.ini, will not use an Shared cache.
[2020.01.18-00.35.16:270][  0]LogDerivedDataCache: Unable to find inner node Shared for hierarchical cache Hierarchy.
[2020.01.18-00.35.16:408][  0]LogMaterial: Verifying Global Shaders for PCD3D_SM5
[2020.01.18-00.35.16:420][  0]LogSlate: Using FreeType 2.10.0
[2020.01.18-00.35.16:427][  0]LogSlate: SlateFontServices - WITH_FREETYPE: 1, WITH_HARFBUZZ: 1
[2020.01.18-00.35.16:751][  0]LogAssetRegistry: FAssetRegistry took 0.0108 seconds to start up
[2020.01.18-00.35.17:902][  0]LogInit: Selected Device Profile: [Windows]
[2020.01.18-00.35.18:749][  0]LogMeshReduction: Using QuadricMeshReduction for automatic static mesh reduction
[2020.01.18-00.35.18:749][  0]LogMeshReduction: Using SimplygonMeshReduction for automatic skeletal mesh reduction
[2020.01.18-00.35.18:749][  0]LogMeshReduction: Using ProxyLODMeshReduction for automatic mesh merging
[2020.01.18-00.35.18:750][  0]LogMeshReduction: No distributed automatic mesh merging module available
[2020.01.18-00.35.18:750][  0]LogMeshMerging: No distributed automatic mesh merging module available
[2020.01.18-00.35.18:855][  0]LogNetVersion: WhiteBox 1.0.0, NetCL: 10570792, EngineNetVer: 13, GameNetVer: 0 (Checksum: 473106472)
[2020.01.18-00.35.25:087][  0]LogPackageLocalizationCache: Processed 10 localized package path(s) for 1 prioritized culture(s) in 0.107404 seconds
[2020.01.18-00.35.25:112][  0]LogUObjectArray: 46750 objects as part of root set at end of initial load.
[2020.01.18-00.35.25:112][  0]LogUObjectAllocator: 8137160 out of 0 bytes used by permanent object pool.
[2020.01.18-00.35.25:112][  0]LogUObjectArray: CloseDisregardForGC: 0/0 objects in disregard for GC pool
[2020.01.18-00.35.27:384][  0]LogTcpMessaging: Initializing TcpMessaging bridge
[2020.01.18-00.35.27:416][  0]LogUdpMessaging: Initializing bridge on interface 0.0.0.0:0 to multicast group 230.0.0.1:6666.
[2020.01.18-00.35.27:669][  0]SourceControl: Source control is disabled
[2020.01.18-00.35.27:669][  0]SourceControl: Source control is disabled
[2020.01.18-00.35.27:688][  0]SourceControl: Source control is disabled
[2020.01.18-00.35.27:700][  0]SourceControl: Source control is disabled
[2020.01.18-00.35.27:711][  0]SourceControl: Source control is disabled
[2020.01.18-00.35.28:334][  0]LogAndroidPermission: UAndroidPermissionCallbackProxy::GetInstance
[2020.01.18-00.35.28:399][  0]LogAudioCaptureCore: Display: No Audio Capture implementations found. Audio input will be silent.
[2020.01.18-00.35.28:399][  0]LogAudioCaptureCore: Display: No Audio Capture implementations found. Audio input will be silent.
[2020.01.18-00.35.28:634][  0]LogOcInput: OculusInput pre-init called
[2020.01.18-00.35.28:670][  0]LogWindows: Failed to load 'OVRPlugin.dll' (GetLastError=126)
[2020.01.18-00.35.28:671][  0]LogWindows: File 'OVRPlugin.dll' does not exist
[2020.01.18-00.35.28:931][  0]LogEngine: Initializing Engine...
[2020.01.18-00.35.28:936][  0]LogHMD: Failed to initialize OpenVR with code 110
[2020.01.18-00.35.28:940][  0]LogStats: UGameplayTagsManager::InitializeManager -  0.001 s
[2020.01.18-00.35.29:882][  0]LogInit: Initializing FReadOnlyCVARCache
[2020.01.18-00.35.29:944][  0]LogAIModule: Creating AISystem for world Untitled
[2020.01.18-00.35.29:973][  0]LogAudioMixer: Display: Audio Mixer Platform Settings:
[2020.01.18-00.35.29:973][  0]LogAudioMixer: Display: 	Sample Rate:						  48000
[2020.01.18-00.35.29:973][  0]LogAudioMixer: Display: 	Callback Buffer Frame Size Requested: 1024
[2020.01.18-00.35.29:973][  0]LogAudioMixer: Display: 	Callback Buffer Frame Size To Use:	  1024
[2020.01.18-00.35.29:973][  0]LogAudioMixer: Display: 	Number of buffers to queue:			  2
[2020.01.18-00.35.29:973][  0]LogAudioMixer: Display: 	Max Channels (voices):				  32
[2020.01.18-00.35.29:973][  0]LogAudioMixer: Display: 	Number of Async Source Workers:		  0
[2020.01.18-00.35.29:973][  0]LogAudio: Display: AudioDevice MaxSources: 32
[2020.01.18-00.35.29:975][  0]LogAudio: Display: Using built-in audio occlusion.
[2020.01.18-00.35.29:975][  0]LogAudioMixer: Display: Initializing audio mixer.
[2020.01.18-00.35.30:058][  0]LogAudioMixer: Display: Audio Device Output Speaker Info:
[2020.01.18-00.35.30:058][  0]LogAudioMixer: Display: Name: Headphones (Realtek High Definition Audio)
[2020.01.18-00.35.30:058][  0]LogAudioMixer: Display: Is Default: Yes
[2020.01.18-00.35.30:058][  0]LogAudioMixer: Display: Sample Rate: 48000
[2020.01.18-00.35.30:058][  0]LogAudioMixer: Display: Channel Count Used: 2
[2020.01.18-00.35.30:058][  0]LogAudioMixer: Display: Device Channel Count: 2
[2020.01.18-00.35.30:059][  0]LogAudioMixer: Display: Channel Order:
[2020.01.18-00.35.30:059][  0]LogAudioMixer: Display: 0: FrontLeft
[2020.01.18-00.35.30:059][  0]LogAudioMixer: Display: 1: FrontRight
[2020.01.18-00.35.30:128][  0]LogAudioMixer: Display: Using Audio Device Headphones (Realtek High Definition Audio)
[2020.01.18-00.35.30:134][  0]LogInit: FAudioDevice initialized.
[2020.01.18-00.35.30:135][  0]LogNetVersion: Set ProjectVersion to 1.0.0.0. Version Checksum will be recalculated on next use.
[2020.01.18-00.35.30:279][  0]LogDerivedDataCache: Saved boot cache 0.14s 79MB C:/Users/scrunnchy/AppData/Local/UnrealEngine/4.24/DerivedDataCache/Boot.ddc.
[2020.01.18-00.35.30:283][  0]LogInit: Texture streaming: Enabled
[2020.01.18-00.35.30:389][  0]LogEngineSessionManager: EngineSessionManager initialized
[2020.01.18-00.35.30:390][  0]LogEditorSessionSummary: Verbose: Initializing EditorSessionSummaryWriter for editor session tracking
[2020.01.18-00.35.30:422][  0]LogEditorSessionSummary: EditorSessionSummaryWriter initialized
[2020.01.18-00.35.30:516][  0]LogInit: Transaction tracking system initialized
[2020.01.18-00.35.30:606][  0]BlueprintLog: New page: Editor Load
[2020.01.18-00.35.30:878][  0]LocalizationService: Localization service is disabled
[2020.01.18-00.35.31:625][  0]LogFileCache: Scanning file cache for directory 'C:/Users/scrunnchy/Documents/Asset Pipeline/IC_Assignment1_KSL-20200118T003334Z-001/IC_Assignment1_KSL/Content/' took 0.00s
[2020.01.18-00.35.31:625][  0]LogCook: Display: Max memory allowance for cook 16384mb min free memory 0mb
[2020.01.18-00.35.31:625][  0]LogCook: Display: Mobile HDR setting 1
[2020.01.18-00.35.33:599][  0]SourceControl: Source control is disabled
[2020.01.18-00.35.33:601][  0]Cmd: MAP LOAD FILE="../../../Engine/Content/Maps/Templates/Template_Default.umap" TEMPLATE=1 SHOWPROGRESS=1 FEATURELEVEL=3
[2020.01.18-00.35.33:604][  0]LightingResults: New page: Lighting Build
[2020.01.18-00.35.33:615][  0]LogWorld: UWorld::CleanupWorld for Untitled, bSessionEnded=true, bCleanupResources=true
[2020.01.18-00.35.33:620][  0]LogSlate: InvalidateAllWidgets triggered.  All widgets were invalidated
[2020.01.18-00.35.33:621][  0]MapCheck: New page: Map Check
[2020.01.18-00.35.33:621][  0]LightingResults: New page: Lighting Build
[2020.01.18-00.35.33:676][  0]LogUObjectHash: Compacting FUObjectHashTables data took   5.19ms
[2020.01.18-00.35.33:981][  0]LogAIModule: Creating AISystem for world Untitled_1
[2020.01.18-00.35.34:020][  0]LogEditorServer: Finished looking for orphan Actors (0.000 secs)
[2020.01.18-00.35.34:129][  0]LogUObjectHash: Compacting FUObjectHashTables data took  15.77ms
[2020.01.18-00.35.34:130][  0]Cmd: MAP CHECKDEP NOCLEARLOG
[2020.01.18-00.35.34:145][  0]MapCheck: Map check complete: 0 Error(s), 0 Warning(s), took 10.923ms to complete.
[2020.01.18-00.35.34:147][  0]LogFileHelpers: Loading map 'Template_Default' took 0.548
[2020.01.18-00.35.34:529][  0]LogSlate: Updating window title bar state: overlay mode, drag disabled, window buttons hidden, title bar hidden
[2020.01.18-00.35.34:543][  0]LogSlate: Updating window title bar state: overlay mode, drag disabled, window buttons hidden, title bar hidden
[2020.01.18-00.35.34:557][  0]LogSlate: Updating window title bar state: overlay mode, drag disabled, window buttons hidden, title bar hidden
[2020.01.18-00.35.34:571][  0]LogSlate: Updating window title bar state: overlay mode, drag disabled, window buttons hidden, title bar hidden
[2020.01.18-00.35.34:612][  0]LogCollectionManager: Loaded 0 collections in 0.007343 seconds
[2020.01.18-00.35.34:651][  0]LogFileCache: Scanning file cache for directory 'C:/Users/scrunnchy/Documents/Asset Pipeline/IC_Assignment1_KSL-20200118T003334Z-001/IC_Assignment1_KSL/Saved/Collections/' took 0.00s
[2020.01.18-00.35.34:651][  0]LogFileCache: Scanning file cache for directory 'C:/Users/scrunnchy/Documents/Asset Pipeline/IC_Assignment1_KSL-20200118T003334Z-001/IC_Assignment1_KSL/Content/Developers/scrunnchy/Collections/' took 0.00s
[2020.01.18-00.35.34:651][  0]LogFileCache: Scanning file cache for directory 'C:/Users/scrunnchy/Documents/Asset Pipeline/IC_Assignment1_KSL-20200118T003334Z-001/IC_Assignment1_KSL/Content/Collections/' took 0.00s
[2020.01.18-00.35.34:651][  0]LogContentBrowser: Native class hierarchy populated in 0.0114 seconds. Added 3015 classes and 717 folders.
[2020.01.18-00.35.34:662][  0]LogContentBrowser: Native class hierarchy updated for 'WidgetCarousel' in 0.0005 seconds. Added 0 classes and 0 folders.
[2020.01.18-00.35.35:040][  0]LogContentBrowser: Native class hierarchy updated for 'AddContentDialog' in 0.0005 seconds. Added 0 classes and 0 folders.
[2020.01.18-00.35.35:070][  0]LogContentBrowser: Native class hierarchy updated for 'SceneOutliner' in 0.0006 seconds. Added 2 classes and 3 folders.
[2020.01.18-00.35.35:228][  0]LogSlate: Took 0.001509 seconds to synchronously load lazily loaded font '../../../Engine/Content/Slate/Fonts/Roboto-Regular.ttf' (155K)
[2020.01.18-00.35.35:235][  0]LogSlate: Took 0.001128 seconds to synchronously load lazily loaded font '../../../Engine/Content/Slate/Fonts/Roboto-Bold.ttf' (160K)
[2020.01.18-00.35.35:248][  0]LogSlate: Took 0.001065 seconds to synchronously load lazily loaded font '../../../Engine/Content/Editor/Slate/Fonts/FontAwesome.ttf' (139K)
[2020.01.18-00.35.35:629][  0]LogRenderer: Reallocating scene render targets to support 1208x572 Format 10 NumSamples 1 (Frame:1).
[2020.01.18-00.35.36:510][  0]LogSlate: Window 'Tutorials' being destroyed
[2020.01.18-00.35.36:539][  0]LogContentBrowser: Native class hierarchy updated for 'HierarchicalLODOutliner' in 0.0004 seconds. Added 0 classes and 0 folders.
[2020.01.18-00.35.36:539][  0]LogLoad: (Engine Initialization) Total time: 36.05 seconds
[2020.01.18-00.35.36:539][  0]LogLoad: (Engine Initialization) Total Blueprint compile time: 0.00 seconds
[2020.01.18-00.35.36:637][  0]LogContentStreaming: Texture pool size now 1000 MB
[2020.01.18-00.35.37:079][  2]LogAssetRegistry: Asset discovery search completed in 20.3309 seconds
[2020.01.18-00.35.37:091][  2]LogCollectionManager: Fixed up redirectors for 0 collections in 0.000163 seconds (updated 0 objects)
[2020.01.18-00.35.40:805][ 13]LogSlate: Took 0.001118 seconds to synchronously load lazily loaded font '../../../Engine/Content/Slate/Fonts/Roboto-Light.ttf' (167K)
[2020.01.18-00.35.52:984][ 92]LogSlate: Took 0.001331 seconds to synchronously load lazily loaded font '../../../Engine/Content/Slate/Fonts/Roboto-Light.ttf' (167K)
[2020.01.18-00.35.53:413][ 92]LogMaterial: Display: Missing cached shader map for material MM_WBDesign_KSL, compiling. 
[2020.01.18-00.35.53:538][ 92]LogShaderCompilers: Display: Worker (1/3): shaders left to compile 15
[2020.01.18-00.35.53:539][ 92]LogShaderCompilers: Display: Worker (2/3): shaders left to compile 9
[2020.01.18-00.35.53:539][ 92]LogShaderCompilers: Display: Worker (3/3): shaders left to compile 3
[2020.01.18-00.35.53:585][ 92]LogAIModule: Creating AISystem for world CityBlock
[2020.01.18-00.35.53:984][ 92]LogAssetEditorSubsystem: Opening Asset editor for World /Game/CityBlock.CityBlock
[2020.01.18-00.35.54:057][ 92]LogUObjectHash: Compacting FUObjectHashTables data took   6.28ms
[2020.01.18-00.35.54:070][ 92]Cmd: MAP LOAD FILE="../../../../../../Users/scrunnchy/Documents/Asset Pipeline/IC_Assignment1_KSL-20200118T003334Z-001/IC_Assignment1_KSL/Content/CityBlock.umap" TEMPLATE=0 SHOWPROGRESS=1 FEATURELEVEL=3
[2020.01.18-00.35.54:071][ 92]LightingResults: New page: Lighting Build
[2020.01.18-00.35.54:073][ 92]LoadErrors: New page: Loading map: CityBlock.umap
[2020.01.18-00.35.54:075][ 92]LogWorld: UWorld::CleanupWorld for Untitled_1, bSessionEnded=true, bCleanupResources=true
[2020.01.18-00.35.54:077][ 92]LogSlate: InvalidateAllWidgets triggered.  All widgets were invalidated
[2020.01.18-00.35.54:077][ 92]MapCheck: New page: Map Check
[2020.01.18-00.35.54:077][ 92]LightingResults: New page: Lighting Build
[2020.01.18-00.35.54:145][ 92]LogUObjectHash: Compacting FUObjectHashTables data took   5.81ms
[2020.01.18-00.35.54:647][ 92]LogEditorServer: Finished looking for orphan Actors (0.000 secs)
[2020.01.18-00.35.55:023][ 92]LogUObjectHash: Compacting FUObjectHashTables data took   4.23ms
[2020.01.18-00.35.55:073][ 92]Cmd: MAP CHECKDEP NOCLEARLOG
[2020.01.18-00.35.55:074][ 92]MapCheck: Map check complete: 0 Error(s), 0 Warning(s), took 0.417ms to complete.
[2020.01.18-00.35.55:074][ 92]LogFileHelpers: Loading map 'CityBlock' took 1.011
[2020.01.18-00.36.24:675][507]LogAssetEditorSubsystem: Opening Asset editor for MaterialInstanceConstant /Game/Material/MI_WBDesignGrass_KSL.MI_WBDesignGrass_KSL
[2020.01.18-00.36.27:472][507]LogRenderer: Reallocating scene render targets to support 1336x920 Format 10 NumSamples 1 (Frame:1).
[2020.01.18-00.36.35:551][629]LogAssetEditorSubsystem: Opening Asset editor for Material /Game/Material/MM_WBDesign_KSL.MM_WBDesign_KSL
[2020.01.18-00.36.35:564][629]LogMaterial: Display: Missing cached shader map for material MM_WBDesign_KSL, compiling. 
[2020.01.18-00.36.35:893][629]LogMaterial: Display: Missing cached shader map for material MM_WBDesign_KSL, compiling. 
[2020.01.18-00.36.35:928][629]LogMaterial: Display: Missing cached shader map for material MM_WBDesign_KSL, compiling. 
[2020.01.18-00.36.35:999][629]LogMaterial: Display: Missing cached shader map for material FMatExpressionPreview MaterialExpressionVectorParameter_0, compiling. 
[2020.01.18-00.36.36:024][629]LogShaderCompilers: Display: Worker (3/3): shaders left to compile 9
[2020.01.18-00.36.36:103][629]LogSlate: Took 0.001494 seconds to synchronously load lazily loaded font '../../../Engine/Content/Slate/Fonts/Roboto-BoldCondensed.ttf' (158K)
[2020.01.18-00.36.36:503][630]LogSlate: Took 0.003406 seconds to synchronously load lazily loaded font '../../../Engine/Content/Slate/Fonts/Roboto-Italic.ttf' (157K)
[2020.01.18-00.36.46:794][839]LogMaterial: Display: Missing cached shader map for material MM_WBDesign_KSL, compiling. 
[2020.01.18-00.36.46:892][839]LogMaterial: Display: Missing cached shader map for material FMatExpressionPreview MaterialExpressionVectorParameter_0, compiling. 
[2020.01.18-00.36.46:941][839]LogSlate: Window 'Color Picker' being destroyed
[2020.01.18-00.36.48:564][873]LogMaterialEditor: Saving and Compiling material MM_WBDesign_KSL
[2020.01.18-00.36.50:164][873]LogMaterial: Display: Missing cached shader map for material MM_WBDesign_KSL, compiling. 
[2020.01.18-00.36.50:362][873]LogMaterial: Display: Missing cached shader map for material MM_WBDesign_KSL, compiling. 
[2020.01.18-00.36.50:791][873]LogUObjectHash: Compacting FUObjectHashTables data took   3.89ms
[2020.01.18-00.36.50:842][873]LogMaterial: Display: Missing cached shader map for material DebugViewMode MaterialTexCoordScale, compiling. 
[2020.01.18-00.36.58:314][873]LogShaderCompilers: Display: Worker (3/3): shaders left to compile 30
[2020.01.18-00.36.58:314][873]LogShaderCompilers: Display: Worker (3/3): shaders left to compile 29
[2020.01.18-00.36.58:314][873]LogShaderCompilers: Display: Worker (1/3): shaders left to compile 28
[2020.01.18-00.36.58:314][873]LogShaderCompilers: Display: Worker (3/3): shaders left to compile 27
[2020.01.18-00.36.58:314][873]LogShaderCompilers: Display: Worker (1/3): shaders left to compile 26
[2020.01.18-00.36.58:314][873]LogShaderCompilers: Display: Worker (3/3): shaders left to compile 25
[2020.01.18-00.36.58:315][873]LogShaderCompilers: Display: Worker (2/3): shaders left to compile 24
[2020.01.18-00.36.58:315][873]LogShaderCompilers: Display: Worker (1/3): shaders left to compile 23
[2020.01.18-00.36.58:315][873]LogShaderCompilers: Display: Worker (3/3): shaders left to compile 22
[2020.01.18-00.36.58:315][873]LogShaderCompilers: Display: Worker (2/3): shaders left to compile 21
[2020.01.18-00.36.58:315][873]LogShaderCompilers: Display: Worker (1/3): shaders left to compile 20
[2020.01.18-00.36.58:315][873]LogShaderCompilers: Display: Worker (2/3): shaders left to compile 19
[2020.01.18-00.36.58:315][873]LogShaderCompilers: Display: Worker (3/3): shaders left to compile 18
[2020.01.18-00.36.58:315][873]LogShaderCompilers: Display: Worker (1/3): shaders left to compile 17
[2020.01.18-00.36.58:315][873]LogShaderCompilers: Display: Worker (2/3): shaders left to compile 16
[2020.01.18-00.36.58:315][873]LogShaderCompilers: Display: Worker (3/3): shaders left to compile 15
[2020.01.18-00.36.58:315][873]LogShaderCompilers: Display: Worker (1/3): shaders left to compile 9
[2020.01.18-00.36.58:315][873]LogShaderCompilers: Display: Worker (2/3): shaders left to compile 5
[2020.01.18-00.36.58:797][873]TextureStreamingBuild: Display: Compiling optional shaders took 7.994 seconds.
[2020.01.18-00.37.00:170][873]LogShaderCompilers: Display: Worker (2/3): shaders left to compile 3
[2020.01.18-00.37.00:170][873]LogUObjectHash: Compacting FUObjectHashTables data took   1.46ms
[2020.01.18-00.37.02:856][873]LogShaderCompilers: Display: Worker (2/3): shaders left to compile 1
[2020.01.18-00.37.03:259][873]LogSavePackage: Moving '../../../../../../Users/scrunnchy/Documents/Asset Pipeline/IC_Assignment1_KSL-20200118T003334Z-001/IC_Assignment1_KSL/Saved/MM_WBDesign_KSL8F289F3A45CBD7D81B22CABFBC25F38F.tmp' to '../../../../../../Users/scrunnchy/Documents/Asset Pipeline/IC_Assignment1_KSL-20200118T003334Z-001/IC_Assignment1_KSL/Content/Material/MM_WBDesign_KSL.uasset'
[2020.01.18-00.37.03:287][873]AssetCheck: New page: Asset Save: MM_WBDesign_KSL
[2020.01.18-00.37.03:287][873]LogContentValidation: Display: Validating Material /Game/Material/MM_WBDesign_KSL.MM_WBDesign_KSL
[2020.01.18-00.37.03:290][873]MaterialEditorStats: Base pass shader: 120 instructions
[2020.01.18-00.37.03:290][873]MaterialEditorStats: Base pass shader with Volumetric Lightmap: 194 instructions
[2020.01.18-00.37.03:290][873]MaterialEditorStats: Base pass vertex shader: 40 instructions
[2020.01.18-00.37.03:290][873]MaterialEditorStats: Texture samplers: 3/16
[2020.01.18-00.37.04:549][899]LogWorld: UWorld::CleanupWorld for World_2, bSessionEnded=true, bCleanupResources=true
[2020.01.18-00.37.04:549][899]LogSlate: InvalidateAllWidgets triggered.  All widgets were invalidated
[2020.01.18-00.37.05:941][971]LogWorld: UWorld::CleanupWorld for World_1, bSessionEnded=true, bCleanupResources=true
[2020.01.18-00.37.05:941][971]LogSlate: InvalidateAllWidgets triggered.  All widgets were invalidated
[2020.01.18-00.38.24:423][892]LogAssetEditorSubsystem: Opening Asset editor for MaterialInstanceConstant /Game/Material/MI_WBDesignRed_KSL_Inst.MI_WBDesignRed_KSL_Inst
[2020.01.18-00.38.50:104][210]Cmd: TRANSACTION UNDO
[2020.01.18-00.38.50:104][210]LogEditorTransaction: Undo Edit Color
[2020.01.18-00.38.50:713][210]Cmd: TRANSACTION UNDO
[2020.01.18-00.38.50:714][210]LogEditorTransaction: Undo Edit Color
[2020.01.18-00.38.51:257][211]Cmd: TRANSACTION UNDO
[2020.01.18-00.38.51:257][211]LogEditorTransaction: Undo Edit Color
[2020.01.18-00.38.51:284][211]LogSlate: Window 'Color Picker' being destroyed
[2020.01.18-00.39.16:926][681]LogSlate: Window 'Color Picker' being destroyed
[2020.01.18-00.39.20:355][707]LogUObjectHash: Compacting FUObjectHashTables data took   8.17ms
[2020.01.18-00.39.20:435][707]TextureStreamingBuild: Display: Compiling optional shaders took 0.077 seconds.
[2020.01.18-00.39.20:506][707]LogUObjectHash: Compacting FUObjectHashTables data took   1.72ms
[2020.01.18-00.39.20:549][707]LogSavePackage: Moving '../../../../../../Users/scrunnchy/Documents/Asset Pipeline/IC_Assignment1_KSL-20200118T003334Z-001/IC_Assignment1_KSL/Saved/MI_WBDesignRed_KSL_InstD4F07C804F549196C732F19D1F10B07F.tmp' to '../../../../../../Users/scrunnchy/Documents/Asset Pipeline/IC_Assignment1_KSL-20200118T003334Z-001/IC_Assignment1_KSL/Content/Material/MI_WBDesignRed_KSL_Inst.uasset'
[2020.01.18-00.39.20:600][707]AssetCheck: New page: Asset Save: MI_WBDesignRed_KSL_Inst
[2020.01.18-00.39.20:600][707]LogContentValidation: Display: Validating MaterialInstanceConstant /Game/Material/MI_WBDesignRed_KSL_Inst.MI_WBDesignRed_KSL_Inst
[2020.01.18-00.39.49:583][ 11]LogUObjectHash: Compacting FUObjectHashTables data took   2.23ms
[2020.01.18-00.39.49:662][ 11]TextureStreamingBuild: Display: Compiling optional shaders took 0.077 seconds.
[2020.01.18-00.39.49:741][ 11]LogUObjectHash: Compacting FUObjectHashTables data took   1.70ms
[2020.01.18-00.39.49:761][ 11]LogSavePackage: Moving '../../../../../../Users/scrunnchy/Documents/Asset Pipeline/IC_Assignment1_KSL-20200118T003334Z-001/IC_Assignment1_KSL/Saved/MI_WBDesignRed_KSL_Inst605E74DB490EC96081E671A76F10741C.tmp' to '../../../../../../Users/scrunnchy/Documents/Asset Pipeline/IC_Assignment1_KSL-20200118T003334Z-001/IC_Assignment1_KSL/Content/Material/MI_WBDesignRed_KSL_Inst.uasset'
[2020.01.18-00.39.49:821][ 11]AssetCheck: New page: Asset Save: MI_WBDesignRed_KSL_Inst
[2020.01.18-00.39.49:821][ 11]LogContentValidation: Display: Validating MaterialInstanceConstant /Game/Material/MI_WBDesignRed_KSL_Inst.MI_WBDesignRed_KSL_Inst
[2020.01.18-00.39.54:025][ 52]LogSlate: Window 'MI_WBDesignRed_KSL_Inst' being destroyed
[2020.01.18-00.39.54:056][ 52]LogSlate: Window 'MI_WBDesignRed_KSL_Inst' being destroyed
[2020.01.18-00.39.54:133][ 52]LogWorld: UWorld::CleanupWorld for World_3, bSessionEnded=true, bCleanupResources=true
[2020.01.18-00.39.54:133][ 52]LogSlate: InvalidateAllWidgets triggered.  All widgets were invalidated
[2020.01.18-00.40.03:177][134]Cmd: BRUSH ADD SELECTNEWBRUSH
[2020.01.18-00.45.02:110][613]LogAudioMixer: Warning: Changing default audio render device to new device: {0.0.0.00000000}.{bc41bb7f-2a6c-4d8f-8393-a18a1ab95a75}.
[2020.01.18-00.45.02:321][613]LogTemp: Resetting audio stream to device id 
[2020.01.18-00.45.02:467][613]LogAudioMixer: Display: Audio Device Output Speaker Info:
[2020.01.18-00.45.02:467][613]LogAudioMixer: Display: Name: DELL P2217H (2- Intel(R) Display Audio)
[2020.01.18-00.45.02:467][613]LogAudioMixer: Display: Is Default: Yes
[2020.01.18-00.45.02:467][613]LogAudioMixer: Display: Sample Rate: 48000
[2020.01.18-00.45.02:467][613]LogAudioMixer: Display: Channel Count Used: 2
[2020.01.18-00.45.02:467][613]LogAudioMixer: Display: Device Channel Count: 2
[2020.01.18-00.45.02:467][613]LogAudioMixer: Display: Channel Order:
[2020.01.18-00.45.02:467][613]LogAudioMixer: Display: 0: FrontLeft
[2020.01.18-00.45.02:468][613]LogAudioMixer: Display: 1: FrontRight
[2020.01.18-00.45.54:058][265]LogUObjectHash: Compacting FUObjectHashTables data took   5.06ms
[2020.01.18-00.45.55:021][265]LogSavePackage: Moving '../../../../../../Users/scrunnchy/Documents/Asset Pipeline/IC_Assignment1_KSL-20200118T003334Z-001/IC_Assignment1_KSL/Saved/CityBlock_Auto1AA71ABE6460876F998F40E866649E303.tmp' to '../../../../../../Users/scrunnchy/Documents/Asset Pipeline/IC_Assignment1_KSL-20200118T003334Z-001/IC_Assignment1_KSL/Saved/Autosaves/Game/CityBlock_Auto1.umap'
[2020.01.18-00.45.55:025][265]LogFileHelpers: Editor autosave (incl. sublevels) for '/Game/CityBlock' took 1.039
[2020.01.18-00.45.55:025][265]LogFileHelpers: Editor autosave (incl. sublevels) for all levels took 1.039
[2020.01.18-00.56.12:203][ 92]LogAudioMixer: Warning: Changing default audio render device to new device: {0.0.0.00000000}.{cf1fe62e-86cd-4fb1-b424-7cbd83386bcd}.
[2020.01.18-00.56.12:204][ 92]LogTemp: Resetting audio stream to device id 
[2020.01.18-00.56.12:435][ 92]LogAudioMixer: Display: Audio Device Output Speaker Info:
[2020.01.18-00.56.12:436][ 92]LogAudioMixer: Display: Name: Speakers (Realtek High Definition Audio)
[2020.01.18-00.56.12:436][ 92]LogAudioMixer: Display: Is Default: Yes
[2020.01.18-00.56.12:436][ 92]LogAudioMixer: Display: Sample Rate: 48000
[2020.01.18-00.56.12:436][ 92]LogAudioMixer: Display: Channel Count Used: 2
[2020.01.18-00.56.12:436][ 92]LogAudioMixer: Display: Device Channel Count: 2
[2020.01.18-00.56.12:436][ 92]LogAudioMixer: Display: Channel Order:
[2020.01.18-00.56.12:436][ 92]LogAudioMixer: Display: 0: FrontLeft
[2020.01.18-00.56.12:437][ 92]LogAudioMixer: Display: 1: FrontRight
[2020.01.18-01.55.58:472][149]LogUdpMessaging: Warning: UDP messaging encountered an error. Auto repair routine started for reinitialization
[2020.01.18-01.55.59:599][152]LogAudioMixer: Warning: Changing default audio render device to new device: {0.0.0.00000000}.{bc41bb7f-2a6c-4d8f-8393-a18a1ab95a75}.
[2020.01.18-01.55.59:599][152]LogTemp: Resetting audio stream to device id 
[2020.01.18-01.55.59:709][152]LogAudioMixer: Display: Audio Device Output Speaker Info:
[2020.01.18-01.55.59:709][152]LogAudioMixer: Display: Name: DELL P2217H (2- Intel(R) Display Audio)
[2020.01.18-01.55.59:709][152]LogAudioMixer: Display: Is Default: Yes
[2020.01.18-01.55.59:709][152]LogAudioMixer: Display: Sample Rate: 48000
[2020.01.18-01.55.59:709][152]LogAudioMixer: Display: Channel Count Used: 2
[2020.01.18-01.55.59:709][152]LogAudioMixer: Display: Device Channel Count: 2
[2020.01.18-01.55.59:709][152]LogAudioMixer: Display: Channel Order:
[2020.01.18-01.55.59:709][152]LogAudioMixer: Display: 0: FrontLeft
[2020.01.18-01.55.59:709][152]LogAudioMixer: Display: 1: FrontRight
[2020.01.18-01.56.00:815][154]FUdpSocketBuilder: Failed to subscribe UdpMessageMulticastSocket to multicast group 230.0.0.1 on interface 0.0.0.0
[2020.01.18-01.56.00:815][154]FUdpSocketBuilder: Failed to create and initialize socket UdpMessageMulticastSocket (last error: 0)
[2020.01.18-01.56.00:815][154]LogUdpMessaging: Warning: StartTransport failed to create multicast socket on 0.0.0.0:0, joined to 230.0.0.1:6666 with TTL 1
[2020.01.18-01.56.00:868][155]LogUdpMessaging: Warning: UDP messaging encountered an error. Auto repair routine started for reinitialization
[2020.01.18-01.56.02:738][173]FUdpSocketBuilder: Failed to subscribe UdpMessageMulticastSocket to multicast group 230.0.0.1 on interface 0.0.0.0
[2020.01.18-01.56.02:738][173]FUdpSocketBuilder: Failed to create and initialize socket UdpMessageMulticastSocket (last error: 0)
[2020.01.18-01.56.02:738][173]LogUdpMessaging: Warning: StartTransport failed to create multicast socket on 0.0.0.0:0, joined to 230.0.0.1:6666 with TTL 1
[2020.01.18-01.56.02:782][174]LogUdpMessaging: Warning: UDP messaging encountered an error. Auto repair routine started for reinitialization
[2020.01.18-01.56.06:361][213]LogHttp: Warning: 000002043612CE00: invalid HTTP response code received. URL: https://datarouter.ol.epicgames.com/datarouter/api/v1/public/data?SessionID=%7BF0AEA45D-442D-A2B2-4E29-CBB3F09180C2%7D&AppID=UEEditor.Rocket.Release&AppVersion=4.24.1-10757647%2B%2B%2BUE4%2BRelease-4.24&UserID=a3233e83498203f9b8831ebdcc8f14c7%7Cbcdc19034ede4661ba89b8fcc075f0de%7C45e4430e-3c32-405a-bf82-123d586f7fd9&AppEnvironment=datacollector-binary&UploadType=eteventstream, HTTP code: 0, content length: 0, actual payload size: 0
[2020.01.18-01.56.06:361][213]LogHttp: Warning: 000002043612CE00: request failed, libcurl error: 6 (Couldn't resolve host name)
[2020.01.18-01.56.06:361][213]LogHttp: Warning: 000002043612CE00: libcurl info message cache 0 (Connection 17 seems to be dead!)
[2020.01.18-01.56.06:361][213]LogHttp: Warning: 000002043612CE00: libcurl info message cache 1 (Closing connection 17)
[2020.01.18-01.56.06:361][213]LogHttp: Warning: 000002043612CE00: libcurl info message cache 2 (Could not resolve host: datarouter.ol.epicgames.com)
[2020.01.18-01.56.06:362][213]LogHttp: Warning: 000002043612CE00: libcurl info message cache 3 (Closing connection 18)
[2020.01.18-01.56.06:433][214]LogHttp: Warning: Retry exhausted on https://datarouter.ol.epicgames.com/datarouter/api/v1/public/data?SessionID=%7BF0AEA45D-442D-A2B2-4E29-CBB3F09180C2%7D&AppID=UEEditor.Rocket.Release&AppVersion=4.24.1-10757647%2B%2B%2BUE4%2BRelease-4.24&UserID=a3233e83498203f9b8831ebdcc8f14c7%7Cbcdc19034ede4661ba89b8fcc075f0de%7C45e4430e-3c32-405a-bf82-123d586f7fd9&AppEnvironment=datacollector-binary&UploadType=eteventstream
[2020.01.18-01.56.25:892][486]LogSlate: Window 'Editor Preferences' being destroyed
[2020.01.18-01.56.25:993][486]LogSlate: Window 'Editor Preferences' being destroyed
[2020.01.18-01.56.28:225][510]LogUObjectHash: Compacting FUObjectHashTables data took   2.09ms
[2020.01.18-01.56.29:605][510]LogSavePackage: Moving '../../../../../../Users/scrunnchy/Documents/Asset Pipeline/IC_Assignment1_KSL-20200118T003334Z-001/IC_Assignment1_KSL/Saved/CityBlock919BDF4C48C0B32C520C409602C3D99A.tmp' to '../../../../../../Users/scrunnchy/Documents/Asset Pipeline/IC_Assignment1_KSL-20200118T003334Z-001/IC_Assignment1_KSL/Content/CityBlock.umap'
[2020.01.18-01.56.29:731][510]LogSavePackage: Moving '../../../../../../Users/scrunnchy/Documents/Asset Pipeline/IC_Assignment1_KSL-20200118T003334Z-001/IC_Assignment1_KSL/Saved/CityBlock_BuiltData5A9B13854D119529FEA74CA2810B9ACD.tmp' to '../../../../../../Users/scrunnchy/Documents/Asset Pipeline/IC_Assignment1_KSL-20200118T003334Z-001/IC_Assignment1_KSL/Content/CityBlock_BuiltData.uasset'
[2020.01.18-01.56.29:769][510]AssetCheck: New page: Asset Save: multiple assets
[2020.01.18-01.56.29:769][510]LogContentValidation: Display: Validating World /Game/CityBlock.CityBlock
[2020.01.18-01.56.29:769][510]LogContentValidation: Display: Validating MapBuildDataRegistry /Game/CityBlock_BuiltData.CityBlock_BuiltData
[2020.01.18-01.56.30:664][524]LogUObjectHash: Compacting FUObjectHashTables data took   5.68ms
[2020.01.18-01.56.30:783][524]LogSlate: Window 'WhiteBox - Unreal Editor' being destroyed
[2020.01.18-01.56.30:786][524]LogWindowsTextInputMethodSystem: Display: IME system now deactivated.
[2020.01.18-01.56.31:093][525]Cmd: QUIT_EDITOR
[2020.01.18-01.56.31:093][525]LogCore: Engine exit requested (reason: UUnrealEdEngine::CloseEditor())
[2020.01.18-01.56.31:138][525]LogCore: Engine exit requested (reason: EngineExit() was called; note: exit was already requested)
[2020.01.18-01.56.31:138][525]LogAudioMixer: Display: No commands were queued while flushing the source manager.
[2020.01.18-01.56.31:215][525]LogExit: Preparing to exit.
[2020.01.18-01.56.32:666][525]LogWorld: UWorld::CleanupWorld for World_0, bSessionEnded=true, bCleanupResources=true
[2020.01.18-01.56.32:880][525]LogDemo: Cleaned up 0 splitscreen connections with owner deletion
[2020.01.18-01.56.33:025][525]LogWorld: UWorld::CleanupWorld for None, bSessionEnded=true, bCleanupResources=true
[2020.01.18-01.56.33:026][525]LogExit: Editor shut down
[2020.01.18-01.56.33:030][525]LogExit: Transaction tracking system shut down
[2020.01.18-01.56.34:492][525]LogExit: Object subsystem successfully closed.
[2020.01.18-01.56.34:564][525]LogShaderCompilers: Display: Shaders left to compile 0
[2020.01.18-01.56.34:959][525]LogModuleManager: Shutting down and abandoning module HierarchicalLODOutliner (698)
[2020.01.18-01.56.34:959][525]LogModuleManager: Shutting down and abandoning module SceneOutliner (696)
[2020.01.18-01.56.34:959][525]LogModuleManager: Shutting down and abandoning module AddContentDialog (694)
[2020.01.18-01.56.34:970][525]LogModuleManager: Shutting down and abandoning module WidgetCarousel (693)
[2020.01.18-01.56.34:970][525]LogModuleManager: Shutting down and abandoning module EditorWidgets (690)
[2020.01.18-01.56.34:970][525]LogModuleManager: Shutting down and abandoning module CollectionManager (688)
[2020.01.18-01.56.34:977][525]LogModuleManager: Shutting down and abandoning module HierarchicalLODUtilities (686)
[2020.01.18-01.56.34:978][525]LogModuleManager: Shutting down and abandoning module StatsViewer (684)
[2020.01.18-01.56.34:979][525]LogModuleManager: Shutting down and abandoning module VirtualTexturingEditor (682)
[2020.01.18-01.56.34:979][525]LogModuleManager: Shutting down and abandoning module FoliageEdit (680)
[2020.01.18-01.56.34:980][525]LogModuleManager: Shutting down and abandoning module LandscapeEditor (678)
[2020.01.18-01.56.34:984][525]LogModuleManager: Shutting down and abandoning module MeshPaintMode (676)
[2020.01.18-01.56.34:984][525]LogModuleManager: Shutting down and abandoning module SceneDepthPickerMode (674)
[2020.01.18-01.56.34:984][525]LogModuleManager: Shutting down and abandoning module ActorPickerMode (672)
[2020.01.18-01.56.34:985][525]LogModuleManager: Shutting down and abandoning module GeometryMode (670)
[2020.01.18-01.56.34:985][525]LogModuleManager: Shutting down and abandoning module TextureAlignMode (668)
[2020.01.18-01.56.34:985][525]LogModuleManager: Shutting down and abandoning module BspMode (666)
[2020.01.18-01.56.34:985][525]LogModuleManager: Shutting down and abandoning module PIEPreviewDeviceProfileSelector (664)
[2020.01.18-01.56.34:986][525]LogModuleManager: Shutting down and abandoning module SequenceRecorderSections (662)
[2020.01.18-01.56.34:987][525]LogModuleManager: Shutting down and abandoning module AutomationWorker (660)
[2020.01.18-01.56.34:987][525]LogModuleManager: Shutting down and abandoning module SteamVREditor (658)
[2020.01.18-01.56.34:987][525]LogModuleManager: Shutting down and abandoning module OculusMR (656)
[2020.01.18-01.56.34:987][525]LogModuleManager: Shutting down and abandoning module AudioCaptureEditor (654)
[2020.01.18-01.56.34:988][525]LogModuleManager: Shutting down and abandoning module MatineeToLevelSequence (652)
[2020.01.18-01.56.34:988][525]LogModuleManager: Shutting down and abandoning module LevelSequenceEditor (650)
[2020.01.18-01.56.34:990][525]LogModuleManager: Shutting down and abandoning module PlacementMode (649)
[2020.01.18-01.56.34:990][525]LogModuleManager: Shutting down and abandoning module MaterialEditor (648)
[2020.01.18-01.56.34:990][525]LogModuleManager: Shutting down and abandoning module ActorSequenceEditor (644)
[2020.01.18-01.56.34:991][525]LogModuleManager: Shutting down and abandoning module WmfMediaFactory (642)
[2020.01.18-01.56.34:991][525]LogModuleManager: Shutting down and abandoning module WmfMediaEditor (640)
[2020.01.18-01.56.34:991][525]LogModuleManager: Shutting down and abandoning module WebMMediaFactory (638)
[2020.01.18-01.56.34:991][525]LogModuleManager: Shutting down and abandoning module WebMMediaEditor (636)
[2020.01.18-01.56.34:991][525]LogModuleManager: Shutting down and abandoning module WebMMedia (634)
[2020.01.18-01.56.34:991][525]LogModuleManager: Shutting down and abandoning module MediaPlayerEditor (632)
[2020.01.18-01.56.34:992][525]LogModuleManager: Shutting down and abandoning module MediaCompositingEditor (630)
[2020.01.18-01.56.34:993][525]LogModuleManager: Shutting down and abandoning module SequenceRecorder (629)
[2020.01.18-01.56.34:993][525]LogModuleManager: Shutting down and abandoning module OpenExrWrapper (626)
[2020.01.18-01.56.34:993][525]LogModuleManager: Shutting down and abandoning module ImgMediaFactory (624)
[2020.01.18-01.56.34:993][525]LogModuleManager: Shutting down and abandoning module ImgMediaEditor (622)
[2020.01.18-01.56.34:993][525]LogModuleManager: Shutting down and abandoning module AvfMediaFactory (620)
[2020.01.18-01.56.34:993][525]LogModuleManager: Shutting down and abandoning module AvfMediaEditor (618)
[2020.01.18-01.56.34:993][525]LogModuleManager: Shutting down and abandoning module AndroidMediaFactory (616)
[2020.01.18-01.56.34:993][525]LogModuleManager: Shutting down and abandoning module AndroidMediaEditor (614)
[2020.01.18-01.56.34:994][525]LogModuleManager: Shutting down and abandoning module MagicLeapMediaCodecFactory (612)
[2020.01.18-01.56.34:994][525]LogModuleManager: Shutting down and abandoning module MagicLeapMediaFactory (610)
[2020.01.18-01.56.34:994][525]LogModuleManager: Shutting down and abandoning module MagicLeapMediaEditor (608)
[2020.01.18-01.56.34:994][525]LogModuleManager: Shutting down and abandoning module CharacterAI (606)
[2020.01.18-01.56.34:994][525]LogModuleManager: Shutting down and abandoning module SmartSnapping (604)
[2020.01.18-01.56.34:994][525]LogModuleManager: Shutting down and abandoning module SessionServices (602)
[2020.01.18-01.56.34:994][525]LogModuleManager: Shutting down and abandoning module MeshPaint (600)
[2020.01.18-01.56.34:996][525]LogModuleManager: Shutting down and abandoning module ViewportSnapping (598)
[2020.01.18-01.56.34:996][525]LogModuleManager: Shutting down and abandoning module ViewportInteraction (596)
[2020.01.18-01.56.34:996][525]LogModuleManager: Shutting down and abandoning module ClothPainter (594)
[2020.01.18-01.56.35:000][525]LogModuleManager: Shutting down and abandoning module SkeletalMeshEditor (593)
[2020.01.18-01.56.35:004][525]LogModuleManager: Shutting down and abandoning module LogVisualizer (590)
[2020.01.18-01.56.35:005][525]LogModuleManager: Shutting down and abandoning module IntroTutorials (588)
[2020.01.18-01.56.35:006][525]LogModuleManager: Shutting down and abandoning module GameProjectGeneration (587)
[2020.01.18-01.56.35:006][525]LogModuleManager: Shutting down and abandoning module LuminPlatformEditor (584)
[2020.01.18-01.56.35:006][525]LogModuleManager: Shutting down and abandoning module IOSPlatformEditor (582)
[2020.01.18-01.56.35:007][525]LogModuleManager: Shutting down and abandoning module AndroidPlatformEditor (580)
[2020.01.18-01.56.35:007][525]LogModuleManager: Shutting down and abandoning module AndroidDeviceDetection (579)
