Log file open, 01/20/20 11:08:27
LogWindows: Failed to load 'aqProf.dll' (GetLastError=126)
LogWindows: File 'aqProf.dll' does not exist
LogWindows: Failed to load 'VtuneApi.dll' (GetLastError=126)
LogWindows: File 'VtuneApi.dll' does not exist
LogWindows: Failed to load 'VtuneApi32e.dll' (GetLastError=126)
LogWindows: File 'VtuneApi32e.dll' does not exist
LogConsoleResponse: Display: Failed to find resolution value strings in scalability ini. Falling back to default.
LogInit: Display: Running engine for game: WhiteBox
LogPlatformFile: Not using cached read wrapper
LogTaskGraph: Started task graph with 5 named threads and 11 total threads with 3 sets of task threads.
LogStats: Stats thread started at 0.918293
LogD3D11RHI: Loaded GFSDK_Aftermath_Lib.x64.dll
LogICUInternationalization: ICU TimeZone Detection - Raw Offset: -7:00, Platform Override: ''
LogPluginManager: Mounting plugin Paper2D
LogPluginManager: Mounting plugin AISupport
LogPluginManager: Mounting plugin LightPropagationVolume
LogPluginManager: Mounting plugin ActorLayerUtilities
LogPluginManager: Mounting plugin AnimationSharing
LogPluginManager: Mounting plugin CLionSourceCodeAccess
LogPluginManager: Mounting plugin CodeLiteSourceCodeAccess
LogPluginManager: Mounting plugin GitSourceControl
LogPluginManager: Mounting plugin KDevelopSourceCodeAccess
LogPluginManager: Mounting plugin NullSourceCodeAccess
LogPluginManager: Mounting plugin PerforceSourceControl
LogPluginManager: Mounting plugin PlasticSourceControl
LogPluginManager: Mounting plugin SubversionSourceControl
LogPluginManager: Mounting plugin UObjectPlugin
LogPluginManager: Mounting plugin VisualStudioCodeSourceCodeAccess
LogPluginManager: Mounting plugin VisualStudioSourceCodeAccess
LogPluginManager: Mounting plugin XCodeSourceCodeAccess
LogPluginManager: Mounting plugin AssetManagerEditor
LogPluginManager: Mounting plugin CryptoKeys
LogPluginManager: Mounting plugin CurveEditorTools
LogPluginManager: Mounting plugin DataValidation
LogPluginManager: Mounting plugin FacialAnimation
LogPluginManager: Mounting plugin GameplayTagsEditor
LogPluginManager: Mounting plugin MacGraphicsSwitching
LogPluginManager: Mounting plugin MaterialAnalyzer
LogPluginManager: Mounting plugin MobileLauncherProfileWizard
LogPluginManager: Mounting plugin PluginBrowser
LogPluginManager: Mounting plugin SpeedTreeImporter
LogPluginManager: Mounting plugin DatasmithContent
LogPluginManager: Mounting plugin VariantManagerContent
LogPluginManager: Mounting plugin AlembicImporter
LogPluginManager: Mounting plugin AutomationUtils
LogPluginManager: Mounting plugin BackChannel
LogPluginManager: Mounting plugin CharacterAI
LogPluginManager: Mounting plugin GeometryCache
LogPluginManager: Mounting plugin PlatformCrypto
LogPluginManager: Mounting plugin ProxyLODPlugin
LogPluginManager: Mounting plugin SkeletalReduction
LogPluginManager: Mounting plugin MagicLeap
LogPluginManager: Mounting plugin MagicLeapMedia
LogPluginManager: Mounting plugin MLSDK
LogPluginManager: Mounting plugin AndroidMedia
LogPluginManager: Mounting plugin AvfMedia
LogPluginManager: Mounting plugin ImgMedia
LogPluginManager: Mounting plugin MediaCompositing
LogPluginManager: Mounting plugin MediaPlayerEditor
LogPluginManager: Mounting plugin WebMMedia
LogPluginManager: Mounting plugin WmfMedia
LogPluginManager: Mounting plugin TcpMessaging
LogPluginManager: Mounting plugin UdpMessaging
LogPluginManager: Mounting plugin ActorSequence
LogPluginManager: Mounting plugin LevelSequenceEditor
LogPluginManager: Mounting plugin MatineeToLevelSequence
LogPluginManager: Mounting plugin NetcodeUnitTest
LogPluginManager: Mounting plugin NUTUnrealEngine4
LogPluginManager: Mounting plugin OnlineSubsystemGooglePlay
LogPluginManager: Mounting plugin OnlineSubsystemIOS
LogPluginManager: Mounting plugin OnlineSubsystem
LogPluginManager: Mounting plugin OnlineSubsystemNull
LogPluginManager: Mounting plugin OnlineSubsystemUtils
LogPluginManager: Mounting plugin LauncherChunkInstaller
LogPluginManager: Mounting plugin AndroidDeviceProfileSelector
LogPluginManager: Mounting plugin AndroidMoviePlayer
LogPluginManager: Mounting plugin AndroidPermission
LogPluginManager: Mounting plugin AppleImageUtils
LogPluginManager: Mounting plugin AppleMoviePlayer
LogPluginManager: Mounting plugin ArchVisCharacter
LogPluginManager: Mounting plugin AssetTags
LogPluginManager: Mounting plugin AudioCapture
LogPluginManager: Mounting plugin CableComponent
LogPluginManager: Mounting plugin CustomMeshComponent
LogPluginManager: Mounting plugin EditableMesh
LogPluginManager: Mounting plugin ExampleDeviceProfileSelector
LogPluginManager: Mounting plugin GoogleCloudMessaging
LogPluginManager: Mounting plugin IOSDeviceProfileSelector
LogPluginManager: Mounting plugin LinuxDeviceProfileSelector
LogPluginManager: Mounting plugin LocationServicesBPLibrary
LogPluginManager: Mounting plugin MobilePatchingUtils
LogPluginManager: Mounting plugin OculusVR
LogPluginManager: Mounting plugin PhysXVehicles
LogPluginManager: Mounting plugin PostSplashScreen
LogPluginManager: Mounting plugin ProceduralMeshComponent
LogPluginManager: Mounting plugin RuntimePhysXCooking
LogPluginManager: Mounting plugin SignificanceManager
LogPluginManager: Mounting plugin SteamVR
LogPluginManager: Mounting plugin WebMMoviePlayer
LogPluginManager: Mounting plugin WindowsMoviePlayer
LogPluginManager: Mounting plugin ScreenshotTools
LogInit: Using libcurl 7.55.1-DEV
LogInit:  - built for x86_64-pc-win32
LogInit:  - supports SSL with OpenSSL/1.1.1
LogInit:  - supports HTTP deflate (compression) using libz 1.2.8
LogInit:  - other features:
LogInit:      CURL_VERSION_SSL
LogInit:      CURL_VERSION_LIBZ
LogInit:      CURL_VERSION_IPV6
LogInit:      CURL_VERSION_ASYNCHDNS
LogInit:      CURL_VERSION_LARGEFILE
LogInit:      CURL_VERSION_IDN
LogInit:  CurlRequestOptions (configurable via config and command line):
LogInit:  - bVerifyPeer = true  - Libcurl will verify peer certificate
LogInit:  - bUseHttpProxy = false  - Libcurl will NOT use HTTP proxy
LogInit:  - bDontReuseConnections = false  - Libcurl will reuse connections
LogInit:  - MaxHostConnections = 16  - Libcurl will limit the number of connections to a host
LogInit:  - LocalHostAddr = Default
LogInit:  - BufferSize = 65536
LogOnline: OSS: Creating online subsystem instance for: NULL
LogInit: WinSock: version 1.1 (2.2), MaxSocks=32767, MaxUdp=65467
LogOnline: OSS: TryLoadSubsystemAndSetDefault: Loaded subsystem for module [NULL]
LogInit: Build: ++UE4+Release-4.24-CL-10757647
LogInit: Engine Version: 4.24.1-10757647+++UE4+Release-4.24
LogInit: Compatible Engine Version: 4.24.0-10570792+++UE4+Release-4.24
LogInit: Net CL: 10570792
LogInit: OS: Windows 10 (Release 1909) (), CPU: Intel(R) Core(TM) i7-4650U CPU @ 1.70GHz, GPU: Intel(R) HD Graphics 5000
LogInit: Compiled (64-bit): Dec 17 2019 02:08:03
LogInit: Compiled with Visual C++: 19.16.27032.01
LogInit: Build Configuration: Development
LogInit: Branch Name: ++UE4+Release-4.24
LogInit: Command Line: 
LogInit: Base Directory: C:/Program Files/Epic Games/UE_4.24/Engine/Binaries/Win64/
LogInit: Installed Engine Build: 1
LogDevObjectVersion: Number of dev versions registered: 25
LogDevObjectVersion:   Dev-Blueprints (B0D832E4-1F89-4F0D-ACCF-7EB736FD4AA2): 10
LogDevObjectVersion:   Dev-Build (E1C64328-A22C-4D53-A36C-8E866417BD8C): 0
LogDevObjectVersion:   Dev-Core (375EC13C-06E4-48FB-B500-84F0262A717E): 3
LogDevObjectVersion:   Dev-Editor (E4B068ED-F494-42E9-A231-DA0B2E46BB41): 37
LogDevObjectVersion:   Dev-Framework (CFFC743F-43B0-4480-9391-14DF171D2073): 36
LogDevObjectVersion:   Dev-Mobile (B02B49B5-BB20-44E9-A304-32B752E40360): 2
LogDevObjectVersion:   Dev-Networking (A4E4105C-59A1-49B5-A7C5-40C4547EDFEE): 0
LogDevObjectVersion:   Dev-Online (39C831C9-5AE6-47DC-9A44-9C173E1C8E7C): 0
LogDevObjectVersion:   Dev-Physics (78F01B33-EBEA-4F98-B9B4-84EACCB95AA2): 2
LogDevObjectVersion:   Dev-Platform (6631380F-2D4D-43E0-8009-CF276956A95A): 0
LogDevObjectVersion:   Dev-Rendering (12F88B9F-8875-4AFC-A67C-D90C383ABD29): 36
LogDevObjectVersion:   Dev-Sequencer (7B5AE74C-D270-4C10-A958-57980B212A5A): 11
LogDevObjectVersion:   Dev-VR (D7296918-1DD6-4BDD-9DE2-64A83CC13884): 2
LogDevObjectVersion:   Dev-LoadTimes (C2A15278-BFE7-4AFE-6C17-90FF531DF755): 1
LogDevObjectVersion:   Private-Geometry (6EACA3D4-40EC-4CC1-B786-8BED09428FC5): 3
LogDevObjectVersion:   Dev-AnimPhys (29E575DD-E0A3-4627-9D10-D276232CDCEA): 17
LogDevObjectVersion:   Dev-Anim (AF43A65D-7FD3-4947-9873-3E8ED9C1BB05): 2
LogDevObjectVersion:   Dev-ReflectionCapture (6B266CEC-1EC7-4B8F-A30B-E4D90942FC07): 1
LogDevObjectVersion:   Dev-Automation (0DF73D61-A23F-47EA-B727-89E90C41499A): 1
LogDevObjectVersion:   FortniteMain (601D1886-AC64-4F84-AA16-D3DE0DEAC7D6): 31
LogDevObjectVersion:   Dev-Enterprise (9DFFBCD6-494F-0158-E221-12823C92A888): 8
LogDevObjectVersion:   Dev-Niagara (F2AED0AC-9AFE-416F-8664-AA7FFA26D6FC): 1
LogDevObjectVersion:   Dev-Destruction (174F1F0B-B4C6-45A5-B13F-2EE8D0FB917D): 9
LogDevObjectVersion:   Dev-Physics-Ext (35F94A83-E258-406C-A318-09F59610247C): 8
LogDevObjectVersion:   Dev-CineCamera (B2E18506-4273-CFC2-A54E-F4BB758BBA07): 1
LogInit: Presizing for max 25165824 objects, including 0 objects not considered by GC, pre-allocating 0 bytes for permanent pool.
LogInit: Object subsystem initialized
LogConfig: Setting CVar [[con.DebugEarlyDefault:1]]
LogConfig: Setting CVar [[r.setres:1280x720]]
[2020.01.20-18.08.27:994][  0]LogConfig: Setting CVar [[r.VSync:0]]
[2020.01.20-18.08.27:994][  0]LogConfig: Setting CVar [[r.RHICmdBypass:0]]
[2020.01.20-18.08.27:995][  0]LogConfig: Applying CVar settings from Section [/Script/Engine.RendererSettings] File [C:/Users/scrunnchy/Documents/Asset Pipeline/IC_Assignment1_KSL-20200118T003334Z-001/IC_Assignment1_KSL/Saved/Config/Windows/Engine.ini]
[2020.01.20-18.08.27:995][  0]LogConfig: Setting CVar [[r.GPUCrashDebugging:0]]
[2020.01.20-18.08.27:995][  0]LogConfig: Applying CVar settings from Section [/Script/Engine.RendererOverrideSettings] File [C:/Users/scrunnchy/Documents/Asset Pipeline/IC_Assignment1_KSL-20200118T003334Z-001/IC_Assignment1_KSL/Saved/Config/Windows/Engine.ini]
[2020.01.20-18.08.27:995][  0]LogConfig: Applying CVar settings from Section [/Script/Engine.StreamingSettings] File [C:/Users/scrunnchy/Documents/Asset Pipeline/IC_Assignment1_KSL-20200118T003334Z-001/IC_Assignment1_KSL/Saved/Config/Windows/Engine.ini]
[2020.01.20-18.08.27:995][  0]LogConfig: Setting CVar [[s.MinBulkDataSizeForAsyncLoading:131072]]
[2020.01.20-18.08.27:995][  0]LogConfig: Setting CVar [[s.AsyncLoadingThreadEnabled:0]]
[2020.01.20-18.08.27:995][  0]LogConfig: Setting CVar [[s.EventDrivenLoaderEnabled:1]]
[2020.01.20-18.08.27:995][  0]LogConfig: Setting CVar [[s.WarnIfTimeLimitExceeded:0]]
[2020.01.20-18.08.27:995][  0]LogConfig: Setting CVar [[s.TimeLimitExceededMultiplier:1.5]]
[2020.01.20-18.08.27:995][  0]LogConfig: Setting CVar [[s.TimeLimitExceededMinTime:0.005]]
[2020.01.20-18.08.27:995][  0]LogConfig: Setting CVar [[s.UseBackgroundLevelStreaming:1]]
[2020.01.20-18.08.27:996][  0]LogConfig: Setting CVar [[s.PriorityAsyncLoadingExtraTime:15.0]]
[2020.01.20-18.08.27:996][  0]LogConfig: Setting CVar [[s.LevelStreamingActorsUpdateTimeLimit:5.0]]
[2020.01.20-18.08.27:996][  0]LogConfig: Setting CVar [[s.PriorityLevelStreamingActorsUpdateExtraTime:5.0]]
[2020.01.20-18.08.27:996][  0]LogConfig: Setting CVar [[s.LevelStreamingComponentsRegistrationGranularity:10]]
[2020.01.20-18.08.27:996][  0]LogConfig: Setting CVar [[s.UnregisterComponentsTimeLimit:1.0]]
[2020.01.20-18.08.27:996][  0]LogConfig: Setting CVar [[s.LevelStreamingComponentsUnregistrationGranularity:5]]
[2020.01.20-18.08.27:996][  0]LogConfig: Setting CVar [[s.FlushStreamingOnExit:1]]
[2020.01.20-18.08.27:996][  0]LogConfig: Applying CVar settings from Section [/Script/Engine.GarbageCollectionSettings] File [C:/Users/scrunnchy/Documents/Asset Pipeline/IC_Assignment1_KSL-20200118T003334Z-001/IC_Assignment1_KSL/Saved/Config/Windows/Engine.ini]
[2020.01.20-18.08.27:996][  0]LogConfig: Setting CVar [[gc.MaxObjectsNotConsideredByGC:1]]
[2020.01.20-18.08.27:996][  0]LogConfig: Setting CVar [[gc.SizeOfPermanentObjectPool:0]]
[2020.01.20-18.08.27:996][  0]LogConfig: Setting CVar [[gc.FlushStreamingOnGC:0]]
[2020.01.20-18.08.27:996][  0]LogConfig: Setting CVar [[gc.NumRetriesBeforeForcingGC:10]]
[2020.01.20-18.08.27:996][  0]LogConfig: Setting CVar [[gc.AllowParallelGC:1]]
[2020.01.20-18.08.27:996][  0]LogConfig: Setting CVar [[gc.TimeBetweenPurgingPendingKillObjects:61.1]]
[2020.01.20-18.08.27:996][  0]LogConfig: Setting CVar [[gc.MaxObjectsInEditor:25165824]]
[2020.01.20-18.08.27:996][  0]LogConfig: Setting CVar [[gc.IncrementalBeginDestroyEnabled:1]]
[2020.01.20-18.08.27:997][  0]LogConfig: Setting CVar [[gc.CreateGCClusters:1]]
[2020.01.20-18.08.27:997][  0]LogConfig: Setting CVar [[gc.MinGCClusterSize:5]]
[2020.01.20-18.08.27:997][  0]LogConfig: Setting CVar [[gc.ActorClusteringEnabled:0]]
[2020.01.20-18.08.27:997][  0]LogConfig: Setting CVar [[gc.BlueprintClusteringEnabled:0]]
[2020.01.20-18.08.27:997][  0]LogConfig: Setting CVar [[gc.UseDisregardForGCOnDedicatedServers:0]]
[2020.01.20-18.08.27:997][  0]LogConfig: Applying CVar settings from Section [/Script/Engine.NetworkSettings] File [C:/Users/scrunnchy/Documents/Asset Pipeline/IC_Assignment1_KSL-20200118T003334Z-001/IC_Assignment1_KSL/Saved/Config/Windows/Engine.ini]
[2020.01.20-18.08.27:997][  0]LogConfig: Applying CVar settings from Section [/Script/UnrealEd.CookerSettings] File [C:/Users/scrunnchy/Documents/Asset Pipeline/IC_Assignment1_KSL-20200118T003334Z-001/IC_Assignment1_KSL/Saved/Config/Windows/Engine.ini]
[2020.01.20-18.08.28:006][  0]LogConfig: Applying CVar settings from Section [ViewDistanceQuality@3] File [C:/Users/scrunnchy/Documents/Asset Pipeline/IC_Assignment1_KSL-20200118T003334Z-001/IC_Assignment1_KSL/Saved/Config/Windows/Scalability.ini]
[2020.01.20-18.08.28:006][  0]LogConfig: Setting CVar [[r.SkeletalMeshLODBias:0]]
[2020.01.20-18.08.28:006][  0]LogConfig: Setting CVar [[r.ViewDistanceScale:1.0]]
[2020.01.20-18.08.28:006][  0]LogConfig: Applying CVar settings from Section [AntiAliasingQuality@3] File [C:/Users/scrunnchy/Documents/Asset Pipeline/IC_Assignment1_KSL-20200118T003334Z-001/IC_Assignment1_KSL/Saved/Config/Windows/Scalability.ini]
[2020.01.20-18.08.28:006][  0]LogConfig: Setting CVar [[r.PostProcessAAQuality:4]]
[2020.01.20-18.08.28:006][  0]LogConfig: Applying CVar settings from Section [ShadowQuality@3] File [C:/Users/scrunnchy/Documents/Asset Pipeline/IC_Assignment1_KSL-20200118T003334Z-001/IC_Assignment1_KSL/Saved/Config/Windows/Scalability.ini]
[2020.01.20-18.08.28:006][  0]LogConfig: Setting CVar [[r.LightFunctionQuality:1]]
[2020.01.20-18.08.28:006][  0]LogConfig: Setting CVar [[r.ShadowQuality:5]]
[2020.01.20-18.08.28:006][  0]LogConfig: Setting CVar [[r.Shadow.CSM.MaxCascades:10]]
[2020.01.20-18.08.28:006][  0]LogConfig: Setting CVar [[r.Shadow.MaxResolution:2048]]
[2020.01.20-18.08.28:006][  0]LogConfig: Setting CVar [[r.Shadow.MaxCSMResolution:2048]]
[2020.01.20-18.08.28:006][  0]LogConfig: Setting CVar [[r.Shadow.RadiusThreshold:0.01]]
[2020.01.20-18.08.28:006][  0]LogConfig: Setting CVar [[r.Shadow.DistanceScale:1.0]]
[2020.01.20-18.08.28:006][  0]LogConfig: Setting CVar [[r.Shadow.CSM.TransitionScale:1.0]]
[2020.01.20-18.08.28:006][  0]LogConfig: Setting CVar [[r.Shadow.PreShadowResolutionFactor:1.0]]
[2020.01.20-18.08.28:006][  0]LogConfig: Setting CVar [[r.DistanceFieldShadowing:1]]
[2020.01.20-18.08.28:006][  0]LogConfig: Setting CVar [[r.DistanceFieldAO:1]]
[2020.01.20-18.08.28:006][  0]LogConfig: Setting CVar [[r.AOQuality:2]]
[2020.01.20-18.08.28:006][  0]LogConfig: Setting CVar [[r.VolumetricFog:1]]
[2020.01.20-18.08.28:006][  0]LogConfig: Setting CVar [[r.VolumetricFog.GridPixelSize:8]]
[2020.01.20-18.08.28:006][  0]LogConfig: Setting CVar [[r.VolumetricFog.GridSizeZ:128]]
[2020.01.20-18.08.28:006][  0]LogConfig: Setting CVar [[r.VolumetricFog.HistoryMissSupersampleCount:4]]
[2020.01.20-18.08.28:006][  0]LogConfig: Setting CVar [[r.LightMaxDrawDistanceScale:1]]
[2020.01.20-18.08.28:006][  0]LogConfig: Setting CVar [[r.CapsuleShadows:1]]
[2020.01.20-18.08.28:006][  0]LogConfig: Applying CVar settings from Section [PostProcessQuality@3] File [C:/Users/scrunnchy/Documents/Asset Pipeline/IC_Assignment1_KSL-20200118T003334Z-001/IC_Assignment1_KSL/Saved/Config/Windows/Scalability.ini]
[2020.01.20-18.08.28:006][  0]LogConfig: Setting CVar [[r.MotionBlurQuality:4]]
[2020.01.20-18.08.28:006][  0]LogConfig: Setting CVar [[r.AmbientOcclusionMipLevelFactor:0.4]]
[2020.01.20-18.08.28:006][  0]LogConfig: Setting CVar [[r.AmbientOcclusionMaxQuality:100]]
[2020.01.20-18.08.28:006][  0]LogConfig: Setting CVar [[r.AmbientOcclusionLevels:-1]]
[2020.01.20-18.08.28:006][  0]LogConfig: Setting CVar [[r.AmbientOcclusionRadiusScale:1.0]]
[2020.01.20-18.08.28:006][  0]LogConfig: Setting CVar [[r.DepthOfFieldQuality:2]]
[2020.01.20-18.08.28:007][  0]LogConfig: Setting CVar [[r.RenderTargetPoolMin:400]]
[2020.01.20-18.08.28:007][  0]LogConfig: Setting CVar [[r.LensFlareQuality:2]]
[2020.01.20-18.08.28:007][  0]LogConfig: Setting CVar [[r.SceneColorFringeQuality:1]]
[2020.01.20-18.08.28:007][  0]LogConfig: Setting CVar [[r.EyeAdaptationQuality:2]]
[2020.01.20-18.08.28:007][  0]LogConfig: Setting CVar [[r.BloomQuality:5]]
[2020.01.20-18.08.28:007][  0]LogConfig: Setting CVar [[r.FastBlurThreshold:100]]
[2020.01.20-18.08.28:007][  0]LogConfig: Setting CVar [[r.Upscale.Quality:3]]
[2020.01.20-18.08.28:007][  0]LogConfig: Setting CVar [[r.Tonemapper.GrainQuantization:1]]
[2020.01.20-18.08.28:007][  0]LogConfig: Setting CVar [[r.LightShaftQuality:1]]
[2020.01.20-18.08.28:007][  0]LogConfig: Setting CVar [[r.Filter.SizeScale:1]]
[2020.01.20-18.08.28:007][  0]LogConfig: Setting CVar [[r.Tonemapper.Quality:5]]
[2020.01.20-18.08.28:007][  0]LogConfig: Setting CVar [[r.DOF.Gather.AccumulatorQuality:1        ; higher gathering accumulator quality]]
[2020.01.20-18.08.28:007][  0]LogConfig: Setting CVar [[r.DOF.Gather.PostfilterMethod:1          ; Median3x3 postfilering method]]
[2020.01.20-18.08.28:007][  0]LogConfig: Setting CVar [[r.DOF.Gather.EnableBokehSettings:0       ; no bokeh simulation when gathering]]
[2020.01.20-18.08.28:007][  0]LogConfig: Setting CVar [[r.DOF.Gather.RingCount:4                 ; medium number of samples when gathering]]
[2020.01.20-18.08.28:007][  0]LogConfig: Setting CVar [[r.DOF.Scatter.ForegroundCompositing:1    ; additive foreground scattering]]
[2020.01.20-18.08.28:007][  0]LogConfig: Setting CVar [[r.DOF.Scatter.BackgroundCompositing:2    ; additive background scattering]]
[2020.01.20-18.08.28:007][  0]LogConfig: Setting CVar [[r.DOF.Scatter.EnableBokehSettings:1      ; bokeh simulation when scattering]]
[2020.01.20-18.08.28:007][  0]LogConfig: Setting CVar [[r.DOF.Scatter.MaxSpriteRatio:0.1         ; only a maximum of 10% of scattered bokeh]]
[2020.01.20-18.08.28:007][  0]LogConfig: Setting CVar [[r.DOF.Recombine.Quality:1                ; cheap slight out of focus]]
[2020.01.20-18.08.28:007][  0]LogConfig: Setting CVar [[r.DOF.Recombine.EnableBokehSettings:0    ; no bokeh simulation on slight out of focus]]
[2020.01.20-18.08.28:007][  0]LogConfig: Setting CVar [[r.DOF.TemporalAAQuality:1                ; more stable temporal accumulation]]
[2020.01.20-18.08.28:007][  0]LogConfig: Setting CVar [[r.DOF.Kernel.MaxForegroundRadius:0.025]]
[2020.01.20-18.08.28:007][  0]LogConfig: Setting CVar [[r.DOF.Kernel.MaxBackgroundRadius:0.025]]
[2020.01.20-18.08.28:007][  0]LogConfig: Applying CVar settings from Section [TextureQuality@3] File [C:/Users/scrunnchy/Documents/Asset Pipeline/IC_Assignment1_KSL-20200118T003334Z-001/IC_Assignment1_KSL/Saved/Config/Windows/Scalability.ini]
[2020.01.20-18.08.28:007][  0]LogConfig: Setting CVar [[r.Streaming.MipBias:0]]
[2020.01.20-18.08.28:007][  0]LogConfig: Setting CVar [[r.Streaming.AmortizeCPUToGPUCopy:0]]
[2020.01.20-18.08.28:007][  0]LogConfig: Setting CVar [[r.Streaming.MaxNumTexturesToStreamPerFrame:0]]
[2020.01.20-18.08.28:007][  0]LogConfig: Setting CVar [[r.Streaming.Boost:1]]
[2020.01.20-18.08.28:007][  0]LogConfig: Setting CVar [[r.MaxAnisotropy:8]]
[2020.01.20-18.08.28:007][  0]LogConfig: Setting CVar [[r.VT.MaxAnisotropy:8]]
[2020.01.20-18.08.28:007][  0]LogConfig: Setting CVar [[r.Streaming.LimitPoolSizeToVRAM:0]]
[2020.01.20-18.08.28:007][  0]LogConfig: Setting CVar [[r.Streaming.PoolSize:1000]]
[2020.01.20-18.08.28:007][  0]LogConfig: Setting CVar [[r.Streaming.MaxEffectiveScreenSize:0]]
[2020.01.20-18.08.28:007][  0]LogConfig: Applying CVar settings from Section [EffectsQuality@3] File [C:/Users/scrunnchy/Documents/Asset Pipeline/IC_Assignment1_KSL-20200118T003334Z-001/IC_Assignment1_KSL/Saved/Config/Windows/Scalability.ini]
[2020.01.20-18.08.28:007][  0]LogConfig: Setting CVar [[r.TranslucencyLightingVolumeDim:64]]
[2020.01.20-18.08.28:007][  0]LogConfig: Setting CVar [[r.RefractionQuality:2]]
[2020.01.20-18.08.28:007][  0]LogConfig: Setting CVar [[r.SSR.Quality:3]]
[2020.01.20-18.08.28:007][  0]LogConfig: Setting CVar [[r.SSR.HalfResSceneColor:0]]
[2020.01.20-18.08.28:007][  0]LogConfig: Setting CVar [[r.SceneColorFormat:4]]
[2020.01.20-18.08.28:007][  0]LogConfig: Setting CVar [[r.DetailMode:2]]
[2020.01.20-18.08.28:007][  0]LogConfig: Setting CVar [[r.TranslucencyVolumeBlur:1]]
[2020.01.20-18.08.28:007][  0]LogConfig: Setting CVar [[r.MaterialQualityLevel:1 ; High quality]]
[2020.01.20-18.08.28:007][  0]LogConfig: Setting CVar [[r.SSS.Scale:1]]
[2020.01.20-18.08.28:007][  0]LogConfig: Setting CVar [[r.SSS.SampleSet:2]]
[2020.01.20-18.08.28:007][  0]LogConfig: Setting CVar [[r.SSS.Quality:1]]
[2020.01.20-18.08.28:007][  0]LogConfig: Setting CVar [[r.SSS.HalfRes:1]]
[2020.01.20-18.08.28:007][  0]LogConfig: Setting CVar [[r.SSGI.Quality:3]]
[2020.01.20-18.08.28:007][  0]LogConfig: Setting CVar [[r.EmitterSpawnRateScale:1.0]]
[2020.01.20-18.08.28:007][  0]LogConfig: Setting CVar [[r.ParticleLightQuality:2]]
[2020.01.20-18.08.28:007][  0]LogConfig: Setting CVar [[r.SkyAtmosphere.AerialPerspectiveLUT.FastApplyOnOpaque:1 ; Always have FastSkyLUT 1 in this case to avoid wrong sky]]
[2020.01.20-18.08.28:008][  0]LogConfig: Setting CVar [[r.SkyAtmosphere.AerialPerspectiveLUT.SampleCountPerSlice:1]]
[2020.01.20-18.08.28:008][  0]LogConfig: Setting CVar [[r.SkyAtmosphere.AerialPerspectiveLUT.DepthResolution:16.0]]
[2020.01.20-18.08.28:008][  0]LogConfig: Setting CVar [[r.SkyAtmosphere.FastSkyLUT:1]]
[2020.01.20-18.08.28:008][  0]LogConfig: Setting CVar [[r.SkyAtmosphere.FastSkyLUT.SampleCountMin:4.0]]
[2020.01.20-18.08.28:008][  0]LogConfig: Setting CVar [[r.SkyAtmosphere.FastSkyLUT.SampleCountMax:32.0]]
[2020.01.20-18.08.28:008][  0]LogConfig: Setting CVar [[r.SkyAtmosphere.SampleCountMin:4.0]]
[2020.01.20-18.08.28:008][  0]LogConfig: Setting CVar [[r.SkyAtmosphere.SampleCountMax:32.0]]
[2020.01.20-18.08.28:008][  0]LogConfig: Setting CVar [[r.SkyAtmosphere.TransmittanceLUT.UseSmallFormat:0]]
[2020.01.20-18.08.28:008][  0]LogConfig: Setting CVar [[r.SkyAtmosphere.TransmittanceLUT.SampleCount:10.0]]
[2020.01.20-18.08.28:008][  0]LogConfig: Setting CVar [[r.SkyAtmosphere.MultiScatteringLUT.SampleCount:15.0]]
[2020.01.20-18.08.28:008][  0]LogConfig: Applying CVar settings from Section [FoliageQuality@3] File [C:/Users/scrunnchy/Documents/Asset Pipeline/IC_Assignment1_KSL-20200118T003334Z-001/IC_Assignment1_KSL/Saved/Config/Windows/Scalability.ini]
[2020.01.20-18.08.28:008][  0]LogConfig: Setting CVar [[foliage.DensityScale:1.0]]
[2020.01.20-18.08.28:008][  0]LogConfig: Setting CVar [[grass.DensityScale:1.0]]
[2020.01.20-18.08.28:008][  0]LogConfig: Applying CVar settings from Section [ShadingQuality@3] File [C:/Users/scrunnchy/Documents/Asset Pipeline/IC_Assignment1_KSL-20200118T003334Z-001/IC_Assignment1_KSL/Saved/Config/Windows/Scalability.ini]
[2020.01.20-18.08.28:008][  0]LogConfig: Setting CVar [[r.HairStrands.SkyLighting.SampleCount:16]]
[2020.01.20-18.08.28:008][  0]LogConfig: Setting CVar [[r.HairStrands.SkyLighting.JitterIntegration:0]]
[2020.01.20-18.08.28:008][  0]LogConfig: Setting CVar [[r.HairStrands.SkyAO.SampleCount:16]]
[2020.01.20-18.08.28:008][  0]LogInit: Selected Device Profile: [Windows]
[2020.01.20-18.08.28:008][  0]LogInit: Applying CVar settings loaded from the selected device profile: [Windows]
[2020.01.20-18.08.28:016][  0]LogHAL: Display: Platform has ~ 8 GB [8490385408 / 8589934592 / 8], which maps to Default [LargestMinGB=32, LargerMinGB=12, DefaultMinGB=8, SmallerMinGB=6, SmallestMinGB=0)
[2020.01.20-18.08.28:016][  0]LogInit: Going up to parent DeviceProfile []
[2020.01.20-18.08.28:016][  0]LogConfig: Applying CVar settings from Section [ViewDistanceQuality@3] File [C:/Users/scrunnchy/Documents/Asset Pipeline/IC_Assignment1_KSL-20200118T003334Z-001/IC_Assignment1_KSL/Saved/Config/Windows/Scalability.ini]
[2020.01.20-18.08.28:016][  0]LogConfig: Setting CVar [[r.SkeletalMeshLODBias:0]]
[2020.01.20-18.08.28:016][  0]LogConfig: Setting CVar [[r.ViewDistanceScale:1.0]]
[2020.01.20-18.08.28:016][  0]LogConfig: Applying CVar settings from Section [AntiAliasingQuality@3] File [C:/Users/scrunnchy/Documents/Asset Pipeline/IC_Assignment1_KSL-20200118T003334Z-001/IC_Assignment1_KSL/Saved/Config/Windows/Scalability.ini]
[2020.01.20-18.08.28:016][  0]LogConfig: Setting CVar [[r.PostProcessAAQuality:4]]
[2020.01.20-18.08.28:016][  0]LogConfig: Applying CVar settings from Section [ShadowQuality@3] File [C:/Users/scrunnchy/Documents/Asset Pipeline/IC_Assignment1_KSL-20200118T003334Z-001/IC_Assignment1_KSL/Saved/Config/Windows/Scalability.ini]
[2020.01.20-18.08.28:016][  0]LogConfig: Setting CVar [[r.LightFunctionQuality:1]]
[2020.01.20-18.08.28:016][  0]LogConfig: Setting CVar [[r.ShadowQuality:5]]
[2020.01.20-18.08.28:016][  0]LogConfig: Setting CVar [[r.Shadow.CSM.MaxCascades:10]]
[2020.01.20-18.08.28:016][  0]LogConfig: Setting CVar [[r.Shadow.MaxResolution:2048]]
[2020.01.20-18.08.28:016][  0]LogConfig: Setting CVar [[r.Shadow.MaxCSMResolution:2048]]
[2020.01.20-18.08.28:016][  0]LogConfig: Setting CVar [[r.Shadow.RadiusThreshold:0.01]]
[2020.01.20-18.08.28:016][  0]LogConfig: Setting CVar [[r.Shadow.DistanceScale:1.0]]
[2020.01.20-18.08.28:016][  0]LogConfig: Setting CVar [[r.Shadow.CSM.TransitionScale:1.0]]
[2020.01.20-18.08.28:016][  0]LogConfig: Setting CVar [[r.Shadow.PreShadowResolutionFactor:1.0]]
[2020.01.20-18.08.28:016][  0]LogConfig: Setting CVar [[r.DistanceFieldShadowing:1]]
[2020.01.20-18.08.28:016][  0]LogConfig: Setting CVar [[r.DistanceFieldAO:1]]
[2020.01.20-18.08.28:016][  0]LogConfig: Setting CVar [[r.AOQuality:2]]
[2020.01.20-18.08.28:016][  0]LogConfig: Setting CVar [[r.VolumetricFog:1]]
[2020.01.20-18.08.28:016][  0]LogConfig: Setting CVar [[r.VolumetricFog.GridPixelSize:8]]
[2020.01.20-18.08.28:016][  0]LogConfig: Setting CVar [[r.VolumetricFog.GridSizeZ:128]]
[2020.01.20-18.08.28:017][  0]LogConfig: Setting CVar [[r.VolumetricFog.HistoryMissSupersampleCount:4]]
[2020.01.20-18.08.28:017][  0]LogConfig: Setting CVar [[r.LightMaxDrawDistanceScale:1]]
[2020.01.20-18.08.28:017][  0]LogConfig: Setting CVar [[r.CapsuleShadows:1]]
[2020.01.20-18.08.28:017][  0]LogConfig: Applying CVar settings from Section [PostProcessQuality@3] File [C:/Users/scrunnchy/Documents/Asset Pipeline/IC_Assignment1_KSL-20200118T003334Z-001/IC_Assignment1_KSL/Saved/Config/Windows/Scalability.ini]
[2020.01.20-18.08.28:017][  0]LogConfig: Setting CVar [[r.MotionBlurQuality:4]]
[2020.01.20-18.08.28:017][  0]LogConfig: Setting CVar [[r.AmbientOcclusionMipLevelFactor:0.4]]
[2020.01.20-18.08.28:017][  0]LogConfig: Setting CVar [[r.AmbientOcclusionMaxQuality:100]]
[2020.01.20-18.08.28:017][  0]LogConfig: Setting CVar [[r.AmbientOcclusionLevels:-1]]
[2020.01.20-18.08.28:017][  0]LogConfig: Setting CVar [[r.AmbientOcclusionRadiusScale:1.0]]
[2020.01.20-18.08.28:017][  0]LogConfig: Setting CVar [[r.DepthOfFieldQuality:2]]
[2020.01.20-18.08.28:017][  0]LogConfig: Setting CVar [[r.RenderTargetPoolMin:400]]
[2020.01.20-18.08.28:017][  0]LogConfig: Setting CVar [[r.LensFlareQuality:2]]
[2020.01.20-18.08.28:017][  0]LogConfig: Setting CVar [[r.SceneColorFringeQuality:1]]
[2020.01.20-18.08.28:017][  0]LogConfig: Setting CVar [[r.EyeAdaptationQuality:2]]
[2020.01.20-18.08.28:017][  0]LogConfig: Setting CVar [[r.BloomQuality:5]]
[2020.01.20-18.08.28:017][  0]LogConfig: Setting CVar [[r.FastBlurThreshold:100]]
[2020.01.20-18.08.28:017][  0]LogConfig: Setting CVar [[r.Upscale.Quality:3]]
[2020.01.20-18.08.28:017][  0]LogConfig: Setting CVar [[r.Tonemapper.GrainQuantization:1]]
[2020.01.20-18.08.28:017][  0]LogConfig: Setting CVar [[r.LightShaftQuality:1]]
[2020.01.20-18.08.28:017][  0]LogConfig: Setting CVar [[r.Filter.SizeScale:1]]
[2020.01.20-18.08.28:017][  0]LogConfig: Setting CVar [[r.Tonemapper.Quality:5]]
[2020.01.20-18.08.28:017][  0]LogConfig: Setting CVar [[r.DOF.Gather.AccumulatorQuality:1        ; higher gathering accumulator quality]]
[2020.01.20-18.08.28:017][  0]LogConfig: Setting CVar [[r.DOF.Gather.PostfilterMethod:1          ; Median3x3 postfilering method]]
[2020.01.20-18.08.28:017][  0]LogConfig: Setting CVar [[r.DOF.Gather.EnableBokehSettings:0       ; no bokeh simulation when gathering]]
[2020.01.20-18.08.28:017][  0]LogConfig: Setting CVar [[r.DOF.Gather.RingCount:4                 ; medium number of samples when gathering]]
[2020.01.20-18.08.28:017][  0]LogConfig: Setting CVar [[r.DOF.Scatter.ForegroundCompositing:1    ; additive foreground scattering]]
[2020.01.20-18.08.28:017][  0]LogConfig: Setting CVar [[r.DOF.Scatter.BackgroundCompositing:2    ; additive background scattering]]
[2020.01.20-18.08.28:017][  0]LogConfig: Setting CVar [[r.DOF.Scatter.EnableBokehSettings:1      ; bokeh simulation when scattering]]
[2020.01.20-18.08.28:017][  0]LogConfig: Setting CVar [[r.DOF.Scatter.MaxSpriteRatio:0.1         ; only a maximum of 10% of scattered bokeh]]
[2020.01.20-18.08.28:017][  0]LogConfig: Setting CVar [[r.DOF.Recombine.Quality:1                ; cheap slight out of focus]]
[2020.01.20-18.08.28:017][  0]LogConfig: Setting CVar [[r.DOF.Recombine.EnableBokehSettings:0    ; no bokeh simulation on slight out of focus]]
[2020.01.20-18.08.28:017][  0]LogConfig: Setting CVar [[r.DOF.TemporalAAQuality:1                ; more stable temporal accumulation]]
[2020.01.20-18.08.28:017][  0]LogConfig: Setting CVar [[r.DOF.Kernel.MaxForegroundRadius:0.025]]
[2020.01.20-18.08.28:017][  0]LogConfig: Setting CVar [[r.DOF.Kernel.MaxBackgroundRadius:0.025]]
[2020.01.20-18.08.28:017][  0]LogConfig: Applying CVar settings from Section [TextureQuality@3] File [C:/Users/scrunnchy/Documents/Asset Pipeline/IC_Assignment1_KSL-20200118T003334Z-001/IC_Assignment1_KSL/Saved/Config/Windows/Scalability.ini]
[2020.01.20-18.08.28:017][  0]LogConfig: Setting CVar [[r.Streaming.MipBias:0]]
[2020.01.20-18.08.28:017][  0]LogConfig: Setting CVar [[r.Streaming.AmortizeCPUToGPUCopy:0]]
[2020.01.20-18.08.28:017][  0]LogConfig: Setting CVar [[r.Streaming.MaxNumTexturesToStreamPerFrame:0]]
[2020.01.20-18.08.28:017][  0]LogConfig: Setting CVar [[r.Streaming.Boost:1]]
[2020.01.20-18.08.28:017][  0]LogConfig: Setting CVar [[r.MaxAnisotropy:8]]
[2020.01.20-18.08.28:018][  0]LogConfig: Setting CVar [[r.VT.MaxAnisotropy:8]]
[2020.01.20-18.08.28:018][  0]LogConfig: Setting CVar [[r.Streaming.LimitPoolSizeToVRAM:0]]
[2020.01.20-18.08.28:018][  0]LogConfig: Setting CVar [[r.Streaming.PoolSize:1000]]
[2020.01.20-18.08.28:018][  0]LogConfig: Setting CVar [[r.Streaming.MaxEffectiveScreenSize:0]]
[2020.01.20-18.08.28:018][  0]LogConfig: Applying CVar settings from Section [EffectsQuality@3] File [C:/Users/scrunnchy/Documents/Asset Pipeline/IC_Assignment1_KSL-20200118T003334Z-001/IC_Assignment1_KSL/Saved/Config/Windows/Scalability.ini]
[2020.01.20-18.08.28:018][  0]LogConfig: Setting CVar [[r.TranslucencyLightingVolumeDim:64]]
[2020.01.20-18.08.28:018][  0]LogConfig: Setting CVar [[r.RefractionQuality:2]]
[2020.01.20-18.08.28:018][  0]LogConfig: Setting CVar [[r.SSR.Quality:3]]
[2020.01.20-18.08.28:018][  0]LogConfig: Setting CVar [[r.SSR.HalfResSceneColor:0]]
[2020.01.20-18.08.28:018][  0]LogConfig: Setting CVar [[r.SceneColorFormat:4]]
[2020.01.20-18.08.28:018][  0]LogConfig: Setting CVar [[r.DetailMode:2]]
[2020.01.20-18.08.28:018][  0]LogConfig: Setting CVar [[r.TranslucencyVolumeBlur:1]]
[2020.01.20-18.08.28:018][  0]LogConfig: Setting CVar [[r.MaterialQualityLevel:1 ; High quality]]
[2020.01.20-18.08.28:018][  0]LogConfig: Setting CVar [[r.SSS.Scale:1]]
[2020.01.20-18.08.28:018][  0]LogConfig: Setting CVar [[r.SSS.SampleSet:2]]
[2020.01.20-18.08.28:018][  0]LogConfig: Setting CVar [[r.SSS.Quality:1]]
[2020.01.20-18.08.28:018][  0]LogConfig: Setting CVar [[r.SSS.HalfRes:1]]
[2020.01.20-18.08.28:018][  0]LogConfig: Setting CVar [[r.SSGI.Quality:3]]
[2020.01.20-18.08.28:018][  0]LogConfig: Setting CVar [[r.EmitterSpawnRateScale:1.0]]
[2020.01.20-18.08.28:018][  0]LogConfig: Setting CVar [[r.ParticleLightQuality:2]]
[2020.01.20-18.08.28:018][  0]LogConfig: Setting CVar [[r.SkyAtmosphere.AerialPerspectiveLUT.FastApplyOnOpaque:1 ; Always have FastSkyLUT 1 in this case to avoid wrong sky]]
[2020.01.20-18.08.28:018][  0]LogConfig: Setting CVar [[r.SkyAtmosphere.AerialPerspectiveLUT.SampleCountPerSlice:1]]
[2020.01.20-18.08.28:018][  0]LogConfig: Setting CVar [[r.SkyAtmosphere.AerialPerspectiveLUT.DepthResolution:16.0]]
[2020.01.20-18.08.28:018][  0]LogConfig: Setting CVar [[r.SkyAtmosphere.FastSkyLUT:1]]
[2020.01.20-18.08.28:018][  0]LogConfig: Setting CVar [[r.SkyAtmosphere.FastSkyLUT.SampleCountMin:4.0]]
[2020.01.20-18.08.28:018][  0]LogConfig: Setting CVar [[r.SkyAtmosphere.FastSkyLUT.SampleCountMax:32.0]]
[2020.01.20-18.08.28:018][  0]LogConfig: Setting CVar [[r.SkyAtmosphere.SampleCountMin:4.0]]
[2020.01.20-18.08.28:018][  0]LogConfig: Setting CVar [[r.SkyAtmosphere.SampleCountMax:32.0]]
[2020.01.20-18.08.28:018][  0]LogConfig: Setting CVar [[r.SkyAtmosphere.TransmittanceLUT.UseSmallFormat:0]]
[2020.01.20-18.08.28:018][  0]LogConfig: Setting CVar [[r.SkyAtmosphere.TransmittanceLUT.SampleCount:10.0]]
[2020.01.20-18.08.28:018][  0]LogConfig: Setting CVar [[r.SkyAtmosphere.MultiScatteringLUT.SampleCount:15.0]]
[2020.01.20-18.08.28:018][  0]LogConfig: Applying CVar settings from Section [FoliageQuality@3] File [C:/Users/scrunnchy/Documents/Asset Pipeline/IC_Assignment1_KSL-20200118T003334Z-001/IC_Assignment1_KSL/Saved/Config/Windows/Scalability.ini]
[2020.01.20-18.08.28:018][  0]LogConfig: Setting CVar [[foliage.DensityScale:1.0]]
[2020.01.20-18.08.28:018][  0]LogConfig: Setting CVar [[grass.DensityScale:1.0]]
[2020.01.20-18.08.28:018][  0]LogConfig: Applying CVar settings from Section [ShadingQuality@3] File [C:/Users/scrunnchy/Documents/Asset Pipeline/IC_Assignment1_KSL-20200118T003334Z-001/IC_Assignment1_KSL/Saved/Config/Windows/Scalability.ini]
[2020.01.20-18.08.28:018][  0]LogConfig: Setting CVar [[r.HairStrands.SkyLighting.SampleCount:16]]
[2020.01.20-18.08.28:018][  0]LogConfig: Setting CVar [[r.HairStrands.SkyLighting.JitterIntegration:0]]
[2020.01.20-18.08.28:018][  0]LogConfig: Setting CVar [[r.HairStrands.SkyAO.SampleCount:16]]
[2020.01.20-18.08.28:018][  0]LogConfig: Applying CVar settings from Section [Startup] File [../../../Engine/Config/ConsoleVariables.ini]
[2020.01.20-18.08.28:019][  0]LogConfig: Setting CVar [[net.UseAdaptiveNetUpdateFrequency:0]]
[2020.01.20-18.08.28:019][  0]LogConfig: Setting CVar [[p.chaos.AllowCreatePhysxBodies:1]]
[2020.01.20-18.08.28:019][  0]LogConfig: Applying CVar settings from Section [ConsoleVariables] File [C:/Users/scrunnchy/Documents/Asset Pipeline/IC_Assignment1_KSL-20200118T003334Z-001/IC_Assignment1_KSL/Saved/Config/Windows/Engine.ini]
[2020.01.20-18.08.28:020][  0]LogInit: Computer: DESKTOP-UA651LH
[2020.01.20-18.08.28:020][  0]LogInit: User: scrunnchy
[2020.01.20-18.08.28:020][  0]LogInit: CPU Page size=4096, Cores=2
[2020.01.20-18.08.28:021][  0]LogInit: High frequency timer resolution =10.000000 MHz
[2020.01.20-18.08.28:021][  0]LogMemory: Memory total: Physical=7.9GB (8GB approx)
[2020.01.20-18.08.28:021][  0]LogMemory: Platform Memory Stats for Windows
[2020.01.20-18.08.28:021][  0]LogMemory: Process Physical Memory: 104.16 MB used, 104.17 MB peak
[2020.01.20-18.08.28:021][  0]LogMemory: Process Virtual Memory: 99.44 MB used, 99.44 MB peak
[2020.01.20-18.08.28:021][  0]LogMemory: Physical Memory: 4483.08 MB used,  3613.98 MB free, 8097.06 MB total
[2020.01.20-18.08.28:021][  0]LogMemory: Virtual Memory: 5082.73 MB used,  134212648.00 MB free, 134217728.00 MB total
[2020.01.20-18.08.28:031][  0]LogWindows: WindowsPlatformFeatures enabled
[2020.01.20-18.08.28:194][  0]LogInit: Using OS detected language (en-US).
[2020.01.20-18.08.28:194][  0]LogInit: Using OS detected locale (en-US).
[2020.01.20-18.08.28:200][  0]LogTextLocalizationManager: No specific localization for 'en-US' exists, so the 'en' localization will be used.
[2020.01.20-18.08.28:660][  0]LogInit: Setting process to per monitor DPI aware
[2020.01.20-18.08.28:728][  0]LogSlate: New Slate User Created.  User Index 0, Is Virtual User: 0
[2020.01.20-18.08.28:728][  0]LogSlate: Slate User Registered.  User Index 0, Is Virtual User: 0
[2020.01.20-18.08.29:358][  0]LogHMD: Failed to initialize OpenVR with code 110
[2020.01.20-18.08.29:358][  0]LogD3D11RHI: D3D11 min allowed feature level: 11_0
[2020.01.20-18.08.29:358][  0]LogD3D11RHI: D3D11 max allowed feature level: 11_0
[2020.01.20-18.08.29:358][  0]LogD3D11RHI: D3D11 adapters:
[2020.01.20-18.08.29:373][  0]LogD3D11RHI:    0. 'Intel(R) HD Graphics 5000' (Feature Level 11_0)
[2020.01.20-18.08.29:373][  0]LogD3D11RHI:       112/0/2048 MB DedicatedVideo/DedicatedSystem/SharedSystem, Outputs:1, VendorId:0x8086
[2020.01.20-18.08.29:385][  0]LogD3D11RHI:    1. 'Microsoft Basic Render Driver' (Feature Level 11_0)
[2020.01.20-18.08.29:385][  0]LogD3D11RHI:       0/0/4048 MB DedicatedVideo/DedicatedSystem/SharedSystem, Outputs:0, VendorId:0x1414
[2020.01.20-18.08.29:385][  0]LogD3D11RHI: Chosen D3D11 Adapter: 0
[2020.01.20-18.08.29:416][  0]LogD3D11RHI: Creating new Direct3DDevice
[2020.01.20-18.08.29:417][  0]LogD3D11RHI:     GPU DeviceId: 0xa26 (for the marketing name, search the web for "GPU Device Id")
[2020.01.20-18.08.29:417][  0]LogWindows: EnumDisplayDevices:
[2020.01.20-18.08.29:417][  0]LogWindows:    0. 'Intel(R) HD Graphics 5000' (P:1 D:1)
[2020.01.20-18.08.29:418][  0]LogWindows:    1. 'Intel(R) HD Graphics 5000' (P:0 D:0)
[2020.01.20-18.08.29:419][  0]LogWindows:    2. 'Intel(R) HD Graphics 5000' (P:0 D:0)
[2020.01.20-18.08.29:420][  0]LogWindows: DebugString: FoundDriverCount:3 
[2020.01.20-18.08.29:420][  0]LogD3D11RHI:     Adapter Name: Intel(R) HD Graphics 5000
[2020.01.20-18.08.29:420][  0]LogD3D11RHI:   Driver Version: 20.19.15.4568 (internal:20.19.15.4568, unified:20.19.15.4568)
[2020.01.20-18.08.29:420][  0]LogD3D11RHI:      Driver Date: 12-16-2016
[2020.01.20-18.08.29:420][  0]LogRHI: Texture pool is 795 MB (70% of 1136 MB)
[2020.01.20-18.08.29:433][  0]LogD3D11RHI: RHI does not have support for 64 bit atomics
[2020.01.20-18.08.29:434][  0]LogD3D11RHI: Async texture creation enabled
[2020.01.20-18.08.29:461][  0]LogD3D11RHI: GPU Timing Frequency: 12.500000 (Debug: 2 0)
[2020.01.20-18.08.31:571][  0]LogTargetPlatformManager: Display: Loaded TargetPlatform 'AllDesktop'
[2020.01.20-18.08.31:675][  0]LogTargetPlatformManager: Display: Loaded TargetPlatform 'Android'
[2020.01.20-18.08.31:675][  0]LogTargetPlatformManager: Display: Loaded TargetPlatform 'Android_ASTC'
[2020.01.20-18.08.31:675][  0]LogTargetPlatformManager: Display: Loaded TargetPlatform 'Android_ATC'
[2020.01.20-18.08.31:675][  0]LogTargetPlatformManager: Display: Loaded TargetPlatform 'Android_DXT'
[2020.01.20-18.08.31:675][  0]LogTargetPlatformManager: Display: Loaded TargetPlatform 'Android_ETC1'
[2020.01.20-18.08.31:675][  0]LogTargetPlatformManager: Display: Loaded TargetPlatform 'Android_ETC1a'
[2020.01.20-18.08.31:676][  0]LogTargetPlatformManager: Display: Loaded TargetPlatform 'Android_ETC2'
[2020.01.20-18.08.31:676][  0]LogTargetPlatformManager: Display: Loaded TargetPlatform 'Android_PVRTC'
[2020.01.20-18.08.31:676][  0]LogTargetPlatformManager: Display: Loaded TargetPlatform 'AndroidClient'
[2020.01.20-18.08.31:676][  0]LogTargetPlatformManager: Display: Loaded TargetPlatform 'Android_ASTCClient'
[2020.01.20-18.08.31:676][  0]LogTargetPlatformManager: Display: Loaded TargetPlatform 'Android_ATCClient'
[2020.01.20-18.08.31:676][  0]LogTargetPlatformManager: Display: Loaded TargetPlatform 'Android_DXTClient'
[2020.01.20-18.08.31:676][  0]LogTargetPlatformManager: Display: Loaded TargetPlatform 'Android_ETC1Client'
[2020.01.20-18.08.31:676][  0]LogTargetPlatformManager: Display: Loaded TargetPlatform 'Android_ETC1aClient'
[2020.01.20-18.08.31:676][  0]LogTargetPlatformManager: Display: Loaded TargetPlatform 'Android_ETC2Client'
[2020.01.20-18.08.31:676][  0]LogTargetPlatformManager: Display: Loaded TargetPlatform 'Android_PVRTCClient'
[2020.01.20-18.08.31:676][  0]LogTargetPlatformManager: Display: Loaded TargetPlatform 'Android_Multi'
[2020.01.20-18.08.31:676][  0]LogTargetPlatformManager: Display: Loaded TargetPlatform 'Android_MultiClient'
[2020.01.20-18.08.31:739][  0]LogTargetPlatformManager: Display: Loaded TargetPlatform 'IOSClient'
[2020.01.20-18.08.31:739][  0]LogTargetPlatformManager: Display: Loaded TargetPlatform 'IOS'
[2020.01.20-18.08.31:759][  0]LogTargetPlatformManager: Display: Loaded TargetPlatform 'LinuxNoEditor'
[2020.01.20-18.08.31:782][  0]LogTargetPlatformManager: Display: Loaded TargetPlatform 'LinuxClient'
[2020.01.20-18.08.31:804][  0]LogTargetPlatformManager: Display: Loaded TargetPlatform 'LinuxServer'
[2020.01.20-18.08.31:825][  0]LogTargetPlatformManager: Display: Loaded TargetPlatform 'LinuxAArch64NoEditor'
[2020.01.20-18.08.31:846][  0]LogTargetPlatformManager: Display: Loaded TargetPlatform 'LinuxAArch64Client'
[2020.01.20-18.08.31:866][  0]LogTargetPlatformManager: Display: Loaded TargetPlatform 'LinuxAArch64Server'
[2020.01.20-18.08.31:941][  0]LogTargetPlatformManager: Display: Loaded TargetPlatform 'Lumin'
[2020.01.20-18.08.31:941][  0]LogTargetPlatformManager: Display: Loaded TargetPlatform 'LuminClient'
[2020.01.20-18.08.31:985][  0]LogTargetPlatformManager: Display: Loaded TargetPlatform 'TVOSClient'
[2020.01.20-18.08.31:985][  0]LogTargetPlatformManager: Display: Loaded TargetPlatform 'TVOS'
[2020.01.20-18.08.32:008][  0]LogTargetPlatformManager: Display: Loaded TargetPlatform 'WindowsNoEditor'
[2020.01.20-18.08.32:033][  0]LogTargetPlatformManager: Display: Loaded TargetPlatform 'Windows'
[2020.01.20-18.08.32:052][  0]LogTargetPlatformManager: Display: Loaded TargetPlatform 'WindowsClient'
[2020.01.20-18.08.32:072][  0]LogTargetPlatformManager: Display: Loaded TargetPlatform 'WindowsServer'
[2020.01.20-18.08.32:072][  0]LogTargetPlatformManager: Display: Building Assets For Windows
[2020.01.20-18.08.32:089][  0]LogAudioDebug: Display: Lib vorbis DLL was dynamically loaded.
[2020.01.20-18.08.32:241][  0]LogShaderCompilers: Guid format shader working directory is -68 characters bigger than the processId version (../../../../../../Users/scrunnchy/Documents/Asset Pipeline/IC_Assignment1_KSL-20200118T003334Z-001/IC_Assignment1_KSL/Intermediate/Shaders/WorkingDirectory/13120/).
[2020.01.20-18.08.32:242][  0]LogShaderCompilers: Cleaned the shader compiler working directory 'C:/Users/scrunnchy/AppData/Local/Temp/UnrealShaderWorkingDir/BB54259A489AC91971FF94B6126C3F42/'.
[2020.01.20-18.08.32:244][  0]LogXGEController: Cleaning working directory: C:/Users/scrunnchy/AppData/Local/Temp/UnrealXGEWorkingDir/
[2020.01.20-18.08.32:245][  0]LogXGEController: Cannot use XGE Controller as Incredibuild is not installed on this machine.
[2020.01.20-18.08.32:245][  0]LogShaderCompilers: Cannot use XGE Shader Compiler as Incredibuild is not installed on this machine.
[2020.01.20-18.08.32:245][  0]LogShaderCompilers: Display: Using Local Shader Compiler.
[2020.01.20-18.08.34:709][  0]LogDerivedDataCache: Display: Max Cache Size: 512 MB
[2020.01.20-18.08.34:962][  0]LogDerivedDataCache: Loaded boot cache 0.25s 79MB C:/Users/scrunnchy/AppData/Local/UnrealEngine/4.24/DerivedDataCache/Boot.ddc.
[2020.01.20-18.08.34:963][  0]LogDerivedDataCache: Display: Loaded Boot cache: C:/Users/scrunnchy/AppData/Local/UnrealEngine/4.24/DerivedDataCache/Boot.ddc
[2020.01.20-18.08.34:963][  0]LogDerivedDataCache: FDerivedDataBackendGraph:  Pak pak cache file ../../../../../../Users/scrunnchy/Documents/Asset Pipeline/IC_Assignment1_KSL-20200118T003334Z-001/IC_Assignment1_KSL/DerivedDataCache/DDC.ddp not found, will not use a pak cache.
[2020.01.20-18.08.34:963][  0]LogDerivedDataCache: Unable to find inner node Pak for hierarchical cache Hierarchy.
[2020.01.20-18.08.34:963][  0]LogDerivedDataCache: FDerivedDataBackendGraph:  CompressedPak pak cache file ../../../../../../Users/scrunnchy/Documents/Asset Pipeline/IC_Assignment1_KSL-20200118T003334Z-001/IC_Assignment1_KSL/DerivedDataCache/Compressed.ddp not found, will not use a pak cache.
[2020.01.20-18.08.34:963][  0]LogDerivedDataCache: Unable to find inner node CompressedPak for hierarchical cache Hierarchy.
[2020.01.20-18.08.34:988][  0]LogDerivedDataCache: Display: Pak cache opened for reading ../../../Engine/DerivedDataCache/Compressed.ddp.
[2020.01.20-18.08.34:988][  0]LogDerivedDataCache: FDerivedDataBackendGraph:  EnterprisePak pak cache file ../../../Enterprise/DerivedDataCache/Compressed.ddp not found, will not use a pak cache.
[2020.01.20-18.08.34:988][  0]LogDerivedDataCache: Unable to find inner node EnterprisePak for hierarchical cache Hierarchy.
[2020.01.20-18.08.34:991][  0]LogDerivedDataCache: Using Local data cache path C:/Users/scrunnchy/AppData/Local/UnrealEngine/Common/DerivedDataCache: Writable
[2020.01.20-18.08.34:991][  0]LogDerivedDataCache: Shared data cache path not found in *engine.ini, will not use an Shared cache.
[2020.01.20-18.08.34:991][  0]LogDerivedDataCache: Unable to find inner node Shared for hierarchical cache Hierarchy.
[2020.01.20-18.08.35:084][  0]LogMaterial: Verifying Global Shaders for PCD3D_SM5
[2020.01.20-18.08.35:100][  0]LogSlate: Using FreeType 2.10.0
[2020.01.20-18.08.35:107][  0]LogSlate: SlateFontServices - WITH_FREETYPE: 1, WITH_HARFBUZZ: 1
[2020.01.20-18.08.35:445][  0]LogAssetRegistry: FAssetRegistry took 0.0175 seconds to start up
[2020.01.20-18.08.36:384][  0]LogInit: Selected Device Profile: [Windows]
[2020.01.20-18.08.36:959][  0]LogMeshReduction: Using QuadricMeshReduction for automatic static mesh reduction
[2020.01.20-18.08.36:959][  0]LogMeshReduction: Using SimplygonMeshReduction for automatic skeletal mesh reduction
[2020.01.20-18.08.36:959][  0]LogMeshReduction: Using ProxyLODMeshReduction for automatic mesh merging
[2020.01.20-18.08.36:959][  0]LogMeshReduction: No distributed automatic mesh merging module available
[2020.01.20-18.08.36:959][  0]LogMeshMerging: No distributed automatic mesh merging module available
[2020.01.20-18.08.37:010][  0]LogNetVersion: WhiteBox 1.0.0, NetCL: 10570792, EngineNetVer: 13, GameNetVer: 0 (Checksum: 473106472)
[2020.01.20-18.08.41:137][  0]LogPackageLocalizationCache: Processed 10 localized package path(s) for 1 prioritized culture(s) in 0.057433 seconds
[2020.01.20-18.08.41:155][  0]LogUObjectArray: 46750 objects as part of root set at end of initial load.
[2020.01.20-18.08.41:155][  0]LogUObjectAllocator: 8137160 out of 0 bytes used by permanent object pool.
[2020.01.20-18.08.41:155][  0]LogUObjectArray: CloseDisregardForGC: 0/0 objects in disregard for GC pool
[2020.01.20-18.08.42:426][  0]LogTcpMessaging: Initializing TcpMessaging bridge
[2020.01.20-18.08.42:438][  0]LogUdpMessaging: Initializing bridge on interface 0.0.0.0:0 to multicast group 230.0.0.1:6666.
[2020.01.20-18.08.42:612][  0]SourceControl: Source control is disabled
[2020.01.20-18.08.42:613][  0]SourceControl: Source control is disabled
[2020.01.20-18.08.42:622][  0]SourceControl: Source control is disabled
[2020.01.20-18.08.42:630][  0]SourceControl: Source control is disabled
[2020.01.20-18.08.42:635][  0]SourceControl: Source control is disabled
[2020.01.20-18.08.42:960][  0]LogAndroidPermission: UAndroidPermissionCallbackProxy::GetInstance
[2020.01.20-18.08.42:992][  0]LogAudioCaptureCore: Display: No Audio Capture implementations found. Audio input will be silent.
[2020.01.20-18.08.42:992][  0]LogAudioCaptureCore: Display: No Audio Capture implementations found. Audio input will be silent.
[2020.01.20-18.08.43:195][  0]LogOcInput: OculusInput pre-init called
[2020.01.20-18.08.43:219][  0]LogWindows: Failed to load 'OVRPlugin.dll' (GetLastError=126)
[2020.01.20-18.08.43:219][  0]LogWindows: File 'OVRPlugin.dll' does not exist
[2020.01.20-18.08.43:418][  0]LogEngine: Initializing Engine...
[2020.01.20-18.08.43:422][  0]LogHMD: Failed to initialize OpenVR with code 110
[2020.01.20-18.08.43:427][  0]LogStats: UGameplayTagsManager::InitializeManager -  0.002 s
[2020.01.20-18.08.44:146][  0]LogInit: Initializing FReadOnlyCVARCache
[2020.01.20-18.08.44:207][  0]LogAIModule: Creating AISystem for world Untitled
[2020.01.20-18.08.44:223][  0]LogAudioMixer: Display: Audio Mixer Platform Settings:
[2020.01.20-18.08.44:223][  0]LogAudioMixer: Display: 	Sample Rate:						  48000
[2020.01.20-18.08.44:223][  0]LogAudioMixer: Display: 	Callback Buffer Frame Size Requested: 1024
[2020.01.20-18.08.44:223][  0]LogAudioMixer: Display: 	Callback Buffer Frame Size To Use:	  1024
[2020.01.20-18.08.44:223][  0]LogAudioMixer: Display: 	Number of buffers to queue:			  2
[2020.01.20-18.08.44:223][  0]LogAudioMixer: Display: 	Max Channels (voices):				  32
[2020.01.20-18.08.44:223][  0]LogAudioMixer: Display: 	Number of Async Source Workers:		  0
[2020.01.20-18.08.44:223][  0]LogAudio: Display: AudioDevice MaxSources: 32
[2020.01.20-18.08.44:225][  0]LogAudio: Display: Using built-in audio occlusion.
[2020.01.20-18.08.44:225][  0]LogAudioMixer: Display: Initializing audio mixer.
[2020.01.20-18.08.44:280][  0]LogAudioMixer: Display: Audio Device Output Speaker Info:
[2020.01.20-18.08.44:281][  0]LogAudioMixer: Display: Name: Speakers (Realtek High Definition Audio)
[2020.01.20-18.08.44:281][  0]LogAudioMixer: Display: Is Default: Yes
[2020.01.20-18.08.44:281][  0]LogAudioMixer: Display: Sample Rate: 48000
[2020.01.20-18.08.44:281][  0]LogAudioMixer: Display: Channel Count Used: 2
[2020.01.20-18.08.44:281][  0]LogAudioMixer: Display: Device Channel Count: 2
[2020.01.20-18.08.44:281][  0]LogAudioMixer: Display: Channel Order:
[2020.01.20-18.08.44:281][  0]LogAudioMixer: Display: 0: FrontLeft
[2020.01.20-18.08.44:281][  0]LogAudioMixer: Display: 1: FrontRight
[2020.01.20-18.08.44:488][  0]LogAudioMixer: Display: Using Audio Device Speakers (Realtek High Definition Audio)
[2020.01.20-18.08.44:496][  0]LogInit: FAudioDevice initialized.
[2020.01.20-18.08.44:496][  0]LogNetVersion: Set ProjectVersion to 1.0.0.0. Version Checksum will be recalculated on next use.
[2020.01.20-18.08.44:641][  0]LogDerivedDataCache: Saved boot cache 0.14s 79MB C:/Users/scrunnchy/AppData/Local/UnrealEngine/4.24/DerivedDataCache/Boot.ddc.
[2020.01.20-18.08.44:642][  0]LogInit: Texture streaming: Enabled
[2020.01.20-18.08.44:685][  0]LogEngineSessionManager: EngineSessionManager initialized
[2020.01.20-18.08.44:685][  0]LogEditorSessionSummary: Verbose: Initializing EditorSessionSummaryWriter for editor session tracking
[2020.01.20-18.08.44:716][  0]LogEditorSessionSummary: EditorSessionSummaryWriter initialized
[2020.01.20-18.08.44:820][  0]LogInit: Transaction tracking system initialized
[2020.01.20-18.08.44:884][  0]BlueprintLog: New page: Editor Load
[2020.01.20-18.08.45:080][  0]LocalizationService: Localization service is disabled
[2020.01.20-18.08.46:068][  0]LogFileCache: Scanning file cache for directory 'C:/Users/scrunnchy/Documents/Asset Pipeline/IC_Assignment1_KSL-20200118T003334Z-001/IC_Assignment1_KSL/Content/' took 0.01s
[2020.01.20-18.08.46:068][  0]LogCook: Display: Max memory allowance for cook 16384mb min free memory 0mb
[2020.01.20-18.08.46:069][  0]LogCook: Display: Mobile HDR setting 1
[2020.01.20-18.08.48:256][  0]SourceControl: Source control is disabled
[2020.01.20-18.08.48:257][  0]Cmd: MAP LOAD FILE="../../../Engine/Content/Maps/Templates/Template_Default.umap" TEMPLATE=1 SHOWPROGRESS=1 FEATURELEVEL=3
[2020.01.20-18.08.48:259][  0]LightingResults: New page: Lighting Build
[2020.01.20-18.08.48:265][  0]LogWorld: UWorld::CleanupWorld for Untitled, bSessionEnded=true, bCleanupResources=true
[2020.01.20-18.08.48:266][  0]LogSlate: InvalidateAllWidgets triggered.  All widgets were invalidated
[2020.01.20-18.08.48:266][  0]MapCheck: New page: Map Check
[2020.01.20-18.08.48:267][  0]LightingResults: New page: Lighting Build
[2020.01.20-18.08.48:652][  0]LogUObjectHash: Compacting FUObjectHashTables data took   3.91ms
[2020.01.20-18.08.48:860][  0]LogAIModule: Creating AISystem for world Untitled_1
[2020.01.20-18.08.48:878][  0]LogEditorServer: Finished looking for orphan Actors (0.000 secs)
[2020.01.20-18.08.48:930][  0]LogUObjectHash: Compacting FUObjectHashTables data took   4.30ms
[2020.01.20-18.08.48:930][  0]Cmd: MAP CHECKDEP NOCLEARLOG
[2020.01.20-18.08.48:931][  0]MapCheck: Map check complete: 0 Error(s), 0 Warning(s), took 0.712ms to complete.
[2020.01.20-18.08.48:931][  0]LogFileHelpers: Loading map 'Template_Default' took 0.675
[2020.01.20-18.08.49:180][  0]LogSlate: Updating window title bar state: overlay mode, drag disabled, window buttons hidden, title bar hidden
[2020.01.20-18.08.49:192][  0]LogSlate: Updating window title bar state: overlay mode, drag disabled, window buttons hidden, title bar hidden
[2020.01.20-18.08.49:204][  0]LogSlate: Updating window title bar state: overlay mode, drag disabled, window buttons hidden, title bar hidden
[2020.01.20-18.08.49:223][  0]LogSlate: Updating window title bar state: overlay mode, drag disabled, window buttons hidden, title bar hidden
[2020.01.20-18.08.49:261][  0]LogCollectionManager: Loaded 0 collections in 0.008933 seconds
[2020.01.20-18.08.49:302][  0]LogFileCache: Scanning file cache for directory 'C:/Users/scrunnchy/Documents/Asset Pipeline/IC_Assignment1_KSL-20200118T003334Z-001/IC_Assignment1_KSL/Saved/Collections/' took 0.00s
[2020.01.20-18.08.49:302][  0]LogFileCache: Scanning file cache for directory 'C:/Users/scrunnchy/Documents/Asset Pipeline/IC_Assignment1_KSL-20200118T003334Z-001/IC_Assignment1_KSL/Content/Developers/scrunnchy/Collections/' took 0.00s
[2020.01.20-18.08.49:302][  0]LogFileCache: Scanning file cache for directory 'C:/Users/scrunnchy/Documents/Asset Pipeline/IC_Assignment1_KSL-20200118T003334Z-001/IC_Assignment1_KSL/Content/Collections/' took 0.00s
[2020.01.20-18.08.49:302][  0]LogContentBrowser: Native class hierarchy populated in 0.0158 seconds. Added 3015 classes and 717 folders.
[2020.01.20-18.08.49:311][  0]LogContentBrowser: Native class hierarchy updated for 'WidgetCarousel' in 0.0005 seconds. Added 0 classes and 0 folders.
[2020.01.20-18.08.49:674][  0]LogContentBrowser: Native class hierarchy updated for 'AddContentDialog' in 0.0003 seconds. Added 0 classes and 0 folders.
[2020.01.20-18.08.49:687][  0]LogContentBrowser: Native class hierarchy updated for 'SceneOutliner' in 0.0006 seconds. Added 2 classes and 3 folders.
[2020.01.20-18.08.49:812][  0]LogSlate: Took 0.001534 seconds to synchronously load lazily loaded font '../../../Engine/Content/Slate/Fonts/Roboto-Regular.ttf' (155K)
[2020.01.20-18.08.49:820][  0]LogSlate: Took 0.001539 seconds to synchronously load lazily loaded font '../../../Engine/Content/Slate/Fonts/Roboto-Bold.ttf' (160K)
[2020.01.20-18.08.49:833][  0]LogSlate: Took 0.001031 seconds to synchronously load lazily loaded font '../../../Engine/Content/Editor/Slate/Fonts/FontAwesome.ttf' (139K)
[2020.01.20-18.08.50:144][  0]LogRenderer: Reallocating scene render targets to support 1360x808 Format 10 NumSamples 1 (Frame:1).
[2020.01.20-18.08.50:830][  0]LogContentBrowser: Native class hierarchy updated for 'HierarchicalLODOutliner' in 0.0004 seconds. Added 0 classes and 0 folders.
[2020.01.20-18.08.50:830][  0]LogLoad: (Engine Initialization) Total time: 30.29 seconds
[2020.01.20-18.08.50:830][  0]LogLoad: (Engine Initialization) Total Blueprint compile time: 0.00 seconds
[2020.01.20-18.08.50:910][  0]LogContentStreaming: Texture pool size now 1000 MB
[2020.01.20-18.08.51:644][  4]LogAssetRegistry: Asset discovery search completed in 16.2029 seconds
[2020.01.20-18.08.51:656][  4]LogCollectionManager: Fixed up redirectors for 0 collections in 0.000056 seconds (updated 0 objects)
[2020.01.20-18.09.27:029][182]LogSlate: Took 0.002463 seconds to synchronously load lazily loaded font '../../../Engine/Content/Slate/Fonts/Roboto-Light.ttf' (167K)
[2020.01.20-18.09.27:359][182]LogAIModule: Creating AISystem for world CityBlock
[2020.01.20-18.09.27:576][182]LogAssetEditorSubsystem: Opening Asset editor for World /Game/CityBlock.CityBlock
[2020.01.20-18.09.27:612][182]LogUObjectHash: Compacting FUObjectHashTables data took   1.94ms
[2020.01.20-18.09.27:619][182]Cmd: MAP LOAD FILE="../../../../../../Users/scrunnchy/Documents/Asset Pipeline/IC_Assignment1_KSL-20200118T003334Z-001/IC_Assignment1_KSL/Content/CityBlock.umap" TEMPLATE=0 SHOWPROGRESS=1 FEATURELEVEL=3
[2020.01.20-18.09.27:621][182]LightingResults: New page: Lighting Build
[2020.01.20-18.09.27:623][182]LoadErrors: New page: Loading map: CityBlock.umap
[2020.01.20-18.09.27:624][182]LogWorld: UWorld::CleanupWorld for Untitled_1, bSessionEnded=true, bCleanupResources=true
[2020.01.20-18.09.27:624][182]LogSlate: InvalidateAllWidgets triggered.  All widgets were invalidated
[2020.01.20-18.09.27:624][182]MapCheck: New page: Map Check
[2020.01.20-18.09.27:624][182]LightingResults: New page: Lighting Build
[2020.01.20-18.09.27:652][182]LogUObjectHash: Compacting FUObjectHashTables data took   2.36ms
[2020.01.20-18.09.27:670][182]LogEditorServer: Finished looking for orphan Actors (0.000 secs)
[2020.01.20-18.09.28:135][182]LogUObjectHash: Compacting FUObjectHashTables data took   2.06ms
[2020.01.20-18.09.28:174][182]Cmd: MAP CHECKDEP NOCLEARLOG
[2020.01.20-18.09.28:175][182]MapCheck: Map check complete: 0 Error(s), 0 Warning(s), took 0.32ms to complete.
[2020.01.20-18.09.28:175][182]LogFileHelpers: Loading map 'CityBlock' took 0.559
[2020.01.20-18.10.47:408][  9]LogSynthBenchmark: Display: FSynthBenchmark (V0.95):  requested WorkScale=1.00
[2020.01.20-18.10.47:408][  9]LogSynthBenchmark: Display: ===============
[2020.01.20-18.10.47:408][  9]LogSynthBenchmark: Display: Main Processor:
[2020.01.20-18.10.47:475][  9]LogSynthBenchmark: Display:          ... 0.029156 s/Run 'RayIntersect'
[2020.01.20-18.10.47:475][  9]LogSynthBenchmark: Display:          ... 0.037507 s/Run 'Fractal'
[2020.01.20-18.10.47:475][  9]LogSynthBenchmark: Display: 
[2020.01.20-18.10.47:475][  9]LogSynthBenchmark: Display:   CompiledTarget_x_Bits: 64
[2020.01.20-18.10.47:475][  9]LogSynthBenchmark: Display:   UE_BUILD_SHIPPING: 0
[2020.01.20-18.10.47:475][  9]LogSynthBenchmark: Display:   UE_BUILD_TEST: 0
[2020.01.20-18.10.47:475][  9]LogSynthBenchmark: Display:   UE_BUILD_DEBUG: 0
[2020.01.20-18.10.47:476][  9]LogSynthBenchmark: Display:   TotalPhysicalGBRam: 8
[2020.01.20-18.10.47:476][  9]LogSynthBenchmark: Display:   NumberOfCores (physical): 2
[2020.01.20-18.10.47:476][  9]LogSynthBenchmark: Display:   NumberOfCores (logical): 4
[2020.01.20-18.10.47:476][  9]LogSynthBenchmark: Display:   CPU Perf Index 0: 87.8 (weight 1.00)
[2020.01.20-18.10.47:476][  9]LogSynthBenchmark: Display:   CPU Perf Index 1: 76.3 (weight 1.50)
[2020.01.20-18.10.47:476][  9]LogSynthBenchmark: Display:  
[2020.01.20-18.10.47:476][  9]LogSynthBenchmark: Display: Graphics:
[2020.01.20-18.10.47:476][  9]LogSynthBenchmark: Display:   Adapter Name: 'Intel(R) HD Graphics 5000'
[2020.01.20-18.10.47:476][  9]LogSynthBenchmark: Display:   (On Optimus the name might be wrong, memory should be ok)
[2020.01.20-18.10.47:477][  9]LogSynthBenchmark: Display:   Vendor Id: 0x8086
[2020.01.20-18.10.47:477][  9]LogSynthBenchmark: Display:   Device Id: 0xA26
[2020.01.20-18.10.47:477][  9]LogSynthBenchmark: Display:   Device Revision: 0x9
[2020.01.20-18.10.47:477][  9]LogSynthBenchmark: Display:   GPU Memory: 113/0/2048 MB
[2020.01.20-18.10.49:060][  9]LogSynthBenchmark: Display:   GPU first test: 0.05s
[2020.01.20-18.10.49:060][  9]LogSynthBenchmark: Display:          ... 0.252 s/GigaPix, Confidence=89% 'ALUHeavyNoise' (likely to be very inaccurate)
[2020.01.20-18.10.49:060][  9]LogSynthBenchmark: Display:          ... 0.198 s/GigaPix, Confidence=89% 'TexHeavy' (likely to be very inaccurate)
[2020.01.20-18.10.49:060][  9]LogSynthBenchmark: Display:          ... 0.183 s/GigaPix, Confidence=100% 'DepTexHeavy' (likely to be very inaccurate)
[2020.01.20-18.10.49:060][  9]LogSynthBenchmark: Display:          ... 0.554 s/GigaPix, Confidence=70% 'FillOnly' (likely to be very inaccurate)
[2020.01.20-18.10.49:061][  9]LogSynthBenchmark: Display:          ... 0.046 s/GigaPix, Confidence=100% 'Bandwidth' (likely to be very inaccurate)
[2020.01.20-18.10.49:061][  9]LogSynthBenchmark: Display:          ... 0.140 s/GigaVert, Confidence=100% 'VertThroughPut1' (likely to be very inaccurate)
[2020.01.20-18.10.49:061][  9]LogSynthBenchmark: Display:          ... 0.403 s/GigaVert, Confidence=100% 'VertThroughPut2' (likely to be very inaccurate)
[2020.01.20-18.10.50:784][  9]LogSynthBenchmark: Display:   GPU second test: 0.26s
[2020.01.20-18.10.50:784][  9]LogSynthBenchmark: Display:          ... 0.758 s/GigaPix, Confidence=100% 'ALUHeavyNoise' (likely to be inaccurate)
[2020.01.20-18.10.50:784][  9]LogSynthBenchmark: Display:          ... 0.511 s/GigaPix, Confidence=100% 'TexHeavy' (likely to be inaccurate)
[2020.01.20-18.10.50:784][  9]LogSynthBenchmark: Display:          ... 0.473 s/GigaPix, Confidence=100% 'DepTexHeavy' (likely to be inaccurate)
[2020.01.20-18.10.50:784][  9]LogSynthBenchmark: Display:          ... 3.002 s/GigaPix, Confidence=100% 'FillOnly' (likely to be inaccurate)
[2020.01.20-18.10.50:784][  9]LogSynthBenchmark: Display:          ... 0.083 s/GigaPix, Confidence=100% 'Bandwidth' (likely to be inaccurate)
[2020.01.20-18.10.50:785][  9]LogSynthBenchmark: Display:          ... 0.245 s/GigaVert, Confidence=100% 'VertThroughPut1' (likely to be inaccurate)
[2020.01.20-18.10.50:785][  9]LogSynthBenchmark: Display:          ... 0.764 s/GigaVert, Confidence=100% 'VertThroughPut2' (likely to be inaccurate)
[2020.01.20-18.10.50:785][  9]LogSynthBenchmark: Display:   GPU Final Results:
[2020.01.20-18.10.50:785][  9]LogSynthBenchmark: Display:          ... 0.758 s/GigaPix, Confidence=100% 'ALUHeavyNoise'
[2020.01.20-18.10.50:785][  9]LogSynthBenchmark: Display:          ... 0.511 s/GigaPix, Confidence=100% 'TexHeavy'
[2020.01.20-18.10.50:785][  9]LogSynthBenchmark: Display:          ... 0.473 s/GigaPix, Confidence=100% 'DepTexHeavy'
[2020.01.20-18.10.50:785][  9]LogSynthBenchmark: Display:          ... 3.002 s/GigaPix, Confidence=100% 'FillOnly'
[2020.01.20-18.10.50:785][  9]LogSynthBenchmark: Display:          ... 0.083 s/GigaPix, Confidence=100% 'Bandwidth'
[2020.01.20-18.10.50:785][  9]LogSynthBenchmark: Display:          ... 0.245 s/GigaVert, Confidence=100% 'VertThroughPut1'
[2020.01.20-18.10.50:785][  9]LogSynthBenchmark: Display:          ... 0.764 s/GigaVert, Confidence=100% 'VertThroughPut2'
[2020.01.20-18.10.50:785][  9]LogSynthBenchmark: Display: 
[2020.01.20-18.10.50:785][  9]LogSynthBenchmark: Display:   GPU Perf Index 0: 16.5 (weight 1.00)
[2020.01.20-18.10.50:785][  9]LogSynthBenchmark: Display:   GPU Perf Index 1: 6.9 (weight 0.10)
[2020.01.20-18.10.50:785][  9]LogSynthBenchmark: Display:   GPU Perf Index 2: 12.3 (weight 0.10)
[2020.01.20-18.10.50:785][  9]LogSynthBenchmark: Display:   GPU Perf Index 3: 11.8 (weight 3.00)
[2020.01.20-18.10.50:785][  9]LogSynthBenchmark: Display:   GPU Perf Index 4: 7.8 (weight 1.00)
[2020.01.20-18.10.50:785][  9]LogSynthBenchmark: Display:   GPU Perf Index 5: 15.9 (weight 0.00)
[2020.01.20-18.10.50:785][  9]LogSynthBenchmark: Display:   GPU Perf Index 6: 43.2 (weight 0.00)
[2020.01.20-18.10.50:785][  9]LogSynthBenchmark: Display:   GPUIndex: 11.8
[2020.01.20-18.10.50:785][  9]LogSynthBenchmark: Display:   CPUIndex: 80.9
[2020.01.20-18.10.50:785][  9]LogSynthBenchmark: Display: 
[2020.01.20-18.10.50:786][  9]LogSynthBenchmark: Display:          ... Total Time: 3.377482 sec
[2020.01.20-18.10.50:786][  9]LogConfig: Applying CVar settings from Section [ViewDistanceQuality@0] File [C:/Users/scrunnchy/Documents/Asset Pipeline/IC_Assignment1_KSL-20200118T003334Z-001/IC_Assignment1_KSL/Saved/Config/Windows/Scalability.ini]
[2020.01.20-18.10.50:786][  9]LogConfig: Setting CVar [[r.SkeletalMeshLODBias:2]]
[2020.01.20-18.10.50:786][  9]LogConfig: Setting CVar [[r.ViewDistanceScale:0.4]]
[2020.01.20-18.10.50:786][  9]LogConfig: Applying CVar settings from Section [AntiAliasingQuality@0] File [C:/Users/scrunnchy/Documents/Asset Pipeline/IC_Assignment1_KSL-20200118T003334Z-001/IC_Assignment1_KSL/Saved/Config/Windows/Scalability.ini]
[2020.01.20-18.10.50:787][  9]LogConfig: Setting CVar [[r.PostProcessAAQuality:0]]
[2020.01.20-18.10.50:787][  9]LogConfig: Applying CVar settings from Section [ShadowQuality@0] File [C:/Users/scrunnchy/Documents/Asset Pipeline/IC_Assignment1_KSL-20200118T003334Z-001/IC_Assignment1_KSL/Saved/Config/Windows/Scalability.ini]
[2020.01.20-18.10.50:787][  9]LogConfig: Setting CVar [[r.LightFunctionQuality:0]]
[2020.01.20-18.10.50:787][  9]LogConfig: Setting CVar [[r.ShadowQuality:0]]
[2020.01.20-18.10.50:787][  9]LogConfig: Setting CVar [[r.Shadow.CSM.MaxCascades:1]]
[2020.01.20-18.10.50:787][  9]LogConfig: Setting CVar [[r.Shadow.MaxResolution:512]]
[2020.01.20-18.10.50:787][  9]LogConfig: Setting CVar [[r.Shadow.MaxCSMResolution:512]]
[2020.01.20-18.10.50:787][  9]LogConfig: Setting CVar [[r.Shadow.RadiusThreshold:0.06]]
[2020.01.20-18.10.50:787][  9]LogConfig: Setting CVar [[r.Shadow.DistanceScale:0.6]]
[2020.01.20-18.10.50:787][  9]LogConfig: Setting CVar [[r.Shadow.CSM.TransitionScale:0]]
[2020.01.20-18.10.50:787][  9]LogConfig: Setting CVar [[r.Shadow.PreShadowResolutionFactor:0.5]]
[2020.01.20-18.10.50:787][  9]LogConfig: Setting CVar [[r.DistanceFieldShadowing:0]]
[2020.01.20-18.10.50:787][  9]LogConfig: Setting CVar [[r.DistanceFieldAO:0]]
[2020.01.20-18.10.50:787][  9]LogConfig: Setting CVar [[r.VolumetricFog:0]]
[2020.01.20-18.10.50:787][  9]LogConfig: Setting CVar [[r.LightMaxDrawDistanceScale:0]]
[2020.01.20-18.10.50:787][  9]LogConfig: Setting CVar [[r.CapsuleShadows:0]]
[2020.01.20-18.10.50:787][  9]LogConfig: Applying CVar settings from Section [PostProcessQuality@0] File [C:/Users/scrunnchy/Documents/Asset Pipeline/IC_Assignment1_KSL-20200118T003334Z-001/IC_Assignment1_KSL/Saved/Config/Windows/Scalability.ini]
[2020.01.20-18.10.50:788][  9]LogConfig: Setting CVar [[r.MotionBlurQuality:0]]
[2020.01.20-18.10.50:788][  9]LogConfig: Setting CVar [[r.AmbientOcclusionMipLevelFactor:1.0]]
[2020.01.20-18.10.50:788][  9]LogConfig: Setting CVar [[r.AmbientOcclusionMaxQuality:0]]
[2020.01.20-18.10.50:788][  9]LogConfig: Setting CVar [[r.AmbientOcclusionLevels:0]]
[2020.01.20-18.10.50:788][  9]LogConfig: Setting CVar [[r.AmbientOcclusionRadiusScale:1.2]]
[2020.01.20-18.10.50:788][  9]LogConfig: Setting CVar [[r.DepthOfFieldQuality:0]]
[2020.01.20-18.10.50:788][  9]LogConfig: Setting CVar [[r.RenderTargetPoolMin:300]]
[2020.01.20-18.10.50:788][  9]LogConfig: Setting CVar [[r.LensFlareQuality:0]]
[2020.01.20-18.10.50:788][  9]LogConfig: Setting CVar [[r.SceneColorFringeQuality:0]]
[2020.01.20-18.10.50:788][  9]LogConfig: Setting CVar [[r.EyeAdaptationQuality:0]]
[2020.01.20-18.10.50:788][  9]LogConfig: Setting CVar [[r.BloomQuality:4]]
[2020.01.20-18.10.50:788][  9]LogConfig: Setting CVar [[r.FastBlurThreshold:0]]
[2020.01.20-18.10.50:788][  9]LogConfig: Setting CVar [[r.Upscale.Quality:1]]
[2020.01.20-18.10.50:788][  9]LogConfig: Setting CVar [[r.Tonemapper.GrainQuantization:0]]
[2020.01.20-18.10.50:788][  9]LogConfig: Setting CVar [[r.LightShaftQuality:0]]
[2020.01.20-18.10.50:789][  9]LogConfig: Setting CVar [[r.Filter.SizeScale:0.6]]
[2020.01.20-18.10.50:789][  9]LogConfig: Setting CVar [[r.Tonemapper.Quality:0]]
[2020.01.20-18.10.50:789][  9]LogConfig: Applying CVar settings from Section [TextureQuality@0] File [C:/Users/scrunnchy/Documents/Asset Pipeline/IC_Assignment1_KSL-20200118T003334Z-001/IC_Assignment1_KSL/Saved/Config/Windows/Scalability.ini]
[2020.01.20-18.10.50:789][  9]LogConfig: Setting CVar [[r.Streaming.MipBias:16]]
[2020.01.20-18.10.50:789][  9]LogConfig: Setting CVar [[r.Streaming.AmortizeCPUToGPUCopy:1]]
[2020.01.20-18.10.50:789][  9]LogConfig: Setting CVar [[r.Streaming.MaxNumTexturesToStreamPerFrame:1]]
[2020.01.20-18.10.50:789][  9]LogConfig: Setting CVar [[r.Streaming.Boost:0.3]]
[2020.01.20-18.10.50:789][  9]LogConfig: Setting CVar [[r.MaxAnisotropy:0]]
[2020.01.20-18.10.50:789][  9]LogConfig: Setting CVar [[r.VT.MaxAnisotropy:4]]
[2020.01.20-18.10.50:789][  9]LogConfig: Setting CVar [[r.Streaming.LimitPoolSizeToVRAM:1]]
[2020.01.20-18.10.50:789][  9]LogConfig: Setting CVar [[r.Streaming.PoolSize:400]]
[2020.01.20-18.10.50:789][  9]LogConfig: Setting CVar [[r.Streaming.MaxEffectiveScreenSize:0]]
[2020.01.20-18.10.50:789][  9]LogConfig: Applying CVar settings from Section [EffectsQuality@0] File [C:/Users/scrunnchy/Documents/Asset Pipeline/IC_Assignment1_KSL-20200118T003334Z-001/IC_Assignment1_KSL/Saved/Config/Windows/Scalability.ini]
[2020.01.20-18.10.50:789][  9]LogConfig: Setting CVar [[r.TranslucencyLightingVolumeDim:24]]
[2020.01.20-18.10.50:789][  9]LogConfig: Setting CVar [[r.RefractionQuality:0]]
[2020.01.20-18.10.50:789][  9]LogConfig: Setting CVar [[r.SSR.Quality:0]]
[2020.01.20-18.10.50:789][  9]LogConfig: Setting CVar [[r.SSR.HalfResSceneColor:1]]
[2020.01.20-18.10.50:790][  9]LogConfig: Setting CVar [[r.SceneColorFormat:3]]
[2020.01.20-18.10.50:790][  9]LogConfig: Setting CVar [[r.DetailMode:0]]
[2020.01.20-18.10.50:790][  9]LogConfig: Setting CVar [[r.TranslucencyVolumeBlur:0]]
[2020.01.20-18.10.50:790][  9]LogConfig: Setting CVar [[r.MaterialQualityLevel:0 ; Low quality]]
[2020.01.20-18.10.50:790][  9]LogConfig: Setting CVar [[r.SSS.Scale:0]]
[2020.01.20-18.10.50:790][  9]LogConfig: Setting CVar [[r.SSS.SampleSet:0]]
[2020.01.20-18.10.50:790][  9]LogConfig: Setting CVar [[r.SSS.Quality:0]]
[2020.01.20-18.10.50:790][  9]LogConfig: Setting CVar [[r.SSS.HalfRes:1]]
[2020.01.20-18.10.50:790][  9]LogConfig: Setting CVar [[r.SSGI.Quality:0]]
[2020.01.20-18.10.50:790][  9]LogConfig: Setting CVar [[r.EmitterSpawnRateScale:0.125]]
[2020.01.20-18.10.50:790][  9]LogConfig: Setting CVar [[r.ParticleLightQuality:0]]
[2020.01.20-18.10.50:790][  9]LogConfig: Setting CVar [[r.SkyAtmosphere.AerialPerspectiveLUT.FastApplyOnOpaque:1 ; Always have FastSkyLUT 1 in this case to avoid wrong sky]]
[2020.01.20-18.10.50:790][  9]LogConfig: Setting CVar [[r.SkyAtmosphere.AerialPerspectiveLUT.SampleCountPerSlice:1]]
[2020.01.20-18.10.50:790][  9]LogConfig: Setting CVar [[r.SkyAtmosphere.AerialPerspectiveLUT.DepthResolution:8.0]]
[2020.01.20-18.10.50:791][  9]LogConfig: Setting CVar [[r.SkyAtmosphere.FastSkyLUT:1]]
[2020.01.20-18.10.50:791][  9]LogConfig: Setting CVar [[r.SkyAtmosphere.FastSkyLUT.SampleCountMin:2.0]]
[2020.01.20-18.10.50:791][  9]LogConfig: Setting CVar [[r.SkyAtmosphere.FastSkyLUT.SampleCountMax:16.0]]
[2020.01.20-18.10.50:791][  9]LogConfig: Setting CVar [[r.SkyAtmosphere.SampleCountMin:2.0]]
[2020.01.20-18.10.50:791][  9]LogConfig: Setting CVar [[r.SkyAtmosphere.SampleCountMax:16.0]]
[2020.01.20-18.10.50:791][  9]LogConfig: Setting CVar [[r.SkyAtmosphere.TransmittanceLUT.UseSmallFormat:1]]
[2020.01.20-18.10.50:791][  9]LogConfig: Setting CVar [[r.SkyAtmosphere.TransmittanceLUT.SampleCount:10.0]]
[2020.01.20-18.10.50:791][  9]LogConfig: Setting CVar [[r.SkyAtmosphere.MultiScatteringLUT.SampleCount:15.0]]
[2020.01.20-18.10.50:791][  9]LogConfig: Applying CVar settings from Section [FoliageQuality@0] File [C:/Users/scrunnchy/Documents/Asset Pipeline/IC_Assignment1_KSL-20200118T003334Z-001/IC_Assignment1_KSL/Saved/Config/Windows/Scalability.ini]
[2020.01.20-18.10.50:791][  9]LogConfig: Setting CVar [[foliage.DensityScale:0]]
[2020.01.20-18.10.50:791][  9]LogConfig: Setting CVar [[grass.DensityScale:0]]
[2020.01.20-18.10.50:791][  9]LogConfig: Applying CVar settings from Section [ShadingQuality@0] File [C:/Users/scrunnchy/Documents/Asset Pipeline/IC_Assignment1_KSL-20200118T003334Z-001/IC_Assignment1_KSL/Saved/Config/Windows/Scalability.ini]
[2020.01.20-18.10.50:791][  9]LogConfig: Setting CVar [[r.HairStrands.SkyLighting.SampleCount:8]]
[2020.01.20-18.10.50:792][  9]LogConfig: Setting CVar [[r.HairStrands.SkyLighting.JitterIntegration:0]]
[2020.01.20-18.10.50:792][  9]LogConfig: Setting CVar [[r.HairStrands.SkyAO.SampleCount:8]]
[2020.01.20-18.10.50:823][  9]LogConfig: Applying CVar settings from Section [ViewDistanceQuality@0] File [C:/Users/scrunnchy/Documents/Asset Pipeline/IC_Assignment1_KSL-20200118T003334Z-001/IC_Assignment1_KSL/Saved/Config/Windows/Scalability.ini]
[2020.01.20-18.10.50:823][  9]LogConfig: Setting CVar [[r.SkeletalMeshLODBias:2]]
[2020.01.20-18.10.50:824][  9]LogConfig: Setting CVar [[r.ViewDistanceScale:0.4]]
[2020.01.20-18.10.50:824][  9]LogConfig: Applying CVar settings from Section [AntiAliasingQuality@0] File [C:/Users/scrunnchy/Documents/Asset Pipeline/IC_Assignment1_KSL-20200118T003334Z-001/IC_Assignment1_KSL/Saved/Config/Windows/Scalability.ini]
[2020.01.20-18.10.50:824][  9]LogConfig: Setting CVar [[r.PostProcessAAQuality:0]]
[2020.01.20-18.10.50:824][  9]LogConfig: Applying CVar settings from Section [ShadowQuality@0] File [C:/Users/scrunnchy/Documents/Asset Pipeline/IC_Assignment1_KSL-20200118T003334Z-001/IC_Assignment1_KSL/Saved/Config/Windows/Scalability.ini]
[2020.01.20-18.10.50:824][  9]LogConfig: Setting CVar [[r.LightFunctionQuality:0]]
[2020.01.20-18.10.50:824][  9]LogConfig: Setting CVar [[r.ShadowQuality:0]]
[2020.01.20-18.10.50:824][  9]LogConfig: Setting CVar [[r.Shadow.CSM.MaxCascades:1]]
[2020.01.20-18.10.50:824][  9]LogConfig: Setting CVar [[r.Shadow.MaxResolution:512]]
[2020.01.20-18.10.50:824][  9]LogConfig: Setting CVar [[r.Shadow.MaxCSMResolution:512]]
[2020.01.20-18.10.50:824][  9]LogConfig: Setting CVar [[r.Shadow.RadiusThreshold:0.06]]
[2020.01.20-18.10.50:824][  9]LogConfig: Setting CVar [[r.Shadow.DistanceScale:0.6]]
[2020.01.20-18.10.50:824][  9]LogConfig: Setting CVar [[r.Shadow.CSM.TransitionScale:0]]
[2020.01.20-18.10.50:825][  9]LogConfig: Setting CVar [[r.Shadow.PreShadowResolutionFactor:0.5]]
[2020.01.20-18.10.50:825][  9]LogConfig: Setting CVar [[r.DistanceFieldShadowing:0]]
[2020.01.20-18.10.50:825][  9]LogConfig: Setting CVar [[r.DistanceFieldAO:0]]
[2020.01.20-18.10.50:825][  9]LogConfig: Setting CVar [[r.VolumetricFog:0]]
[2020.01.20-18.10.50:825][  9]LogConfig: Setting CVar [[r.LightMaxDrawDistanceScale:0]]
[2020.01.20-18.10.50:825][  9]LogConfig: Setting CVar [[r.CapsuleShadows:0]]
[2020.01.20-18.10.50:825][  9]LogConfig: Applying CVar settings from Section [PostProcessQuality@0] File [C:/Users/scrunnchy/Documents/Asset Pipeline/IC_Assignment1_KSL-20200118T003334Z-001/IC_Assignment1_KSL/Saved/Config/Windows/Scalability.ini]
[2020.01.20-18.10.50:825][  9]LogConfig: Setting CVar [[r.MotionBlurQuality:0]]
[2020.01.20-18.10.50:825][  9]LogConfig: Setting CVar [[r.AmbientOcclusionMipLevelFactor:1.0]]
[2020.01.20-18.10.50:825][  9]LogConfig: Setting CVar [[r.AmbientOcclusionMaxQuality:0]]
[2020.01.20-18.10.50:825][  9]LogConfig: Setting CVar [[r.AmbientOcclusionLevels:0]]
[2020.01.20-18.10.50:825][  9]LogConfig: Setting CVar [[r.AmbientOcclusionRadiusScale:1.2]]
[2020.01.20-18.10.50:825][  9]LogConfig: Setting CVar [[r.DepthOfFieldQuality:0]]
[2020.01.20-18.10.50:826][  9]LogConfig: Setting CVar [[r.RenderTargetPoolMin:300]]
[2020.01.20-18.10.50:826][  9]LogConfig: Setting CVar [[r.LensFlareQuality:0]]
[2020.01.20-18.10.50:826][  9]LogConfig: Setting CVar [[r.SceneColorFringeQuality:0]]
[2020.01.20-18.10.50:826][  9]LogConfig: Setting CVar [[r.EyeAdaptationQuality:0]]
[2020.01.20-18.10.50:826][  9]LogConfig: Setting CVar [[r.BloomQuality:4]]
[2020.01.20-18.10.50:826][  9]LogConfig: Setting CVar [[r.FastBlurThreshold:0]]
[2020.01.20-18.10.50:826][  9]LogConfig: Setting CVar [[r.Upscale.Quality:1]]
[2020.01.20-18.10.50:826][  9]LogConfig: Setting CVar [[r.Tonemapper.GrainQuantization:0]]
[2020.01.20-18.10.50:826][  9]LogConfig: Setting CVar [[r.LightShaftQuality:0]]
[2020.01.20-18.10.50:826][  9]LogConfig: Setting CVar [[r.Filter.SizeScale:0.6]]
[2020.01.20-18.10.50:826][  9]LogConfig: Setting CVar [[r.Tonemapper.Quality:0]]
[2020.01.20-18.10.50:826][  9]LogConfig: Applying CVar settings from Section [TextureQuality@0] File [C:/Users/scrunnchy/Documents/Asset Pipeline/IC_Assignment1_KSL-20200118T003334Z-001/IC_Assignment1_KSL/Saved/Config/Windows/Scalability.ini]
[2020.01.20-18.10.50:827][  9]LogConfig: Setting CVar [[r.Streaming.MipBias:16]]
[2020.01.20-18.10.50:827][  9]LogConfig: Setting CVar [[r.Streaming.AmortizeCPUToGPUCopy:1]]
[2020.01.20-18.10.50:827][  9]LogConfig: Setting CVar [[r.Streaming.MaxNumTexturesToStreamPerFrame:1]]
[2020.01.20-18.10.50:827][  9]LogConfig: Setting CVar [[r.Streaming.Boost:0.3]]
[2020.01.20-18.10.50:827][  9]LogConfig: Setting CVar [[r.MaxAnisotropy:0]]
[2020.01.20-18.10.50:827][  9]LogConfig: Setting CVar [[r.VT.MaxAnisotropy:4]]
[2020.01.20-18.10.50:827][  9]LogConfig: Setting CVar [[r.Streaming.LimitPoolSizeToVRAM:1]]
[2020.01.20-18.10.50:827][  9]LogConfig: Setting CVar [[r.Streaming.PoolSize:400]]
[2020.01.20-18.10.50:827][  9]LogConfig: Setting CVar [[r.Streaming.MaxEffectiveScreenSize:0]]
[2020.01.20-18.10.50:827][  9]LogConfig: Applying CVar settings from Section [EffectsQuality@0] File [C:/Users/scrunnchy/Documents/Asset Pipeline/IC_Assignment1_KSL-20200118T003334Z-001/IC_Assignment1_KSL/Saved/Config/Windows/Scalability.ini]
[2020.01.20-18.10.50:827][  9]LogConfig: Setting CVar [[r.TranslucencyLightingVolumeDim:24]]
[2020.01.20-18.10.50:827][  9]LogConfig: Setting CVar [[r.RefractionQuality:0]]
[2020.01.20-18.10.50:827][  9]LogConfig: Setting CVar [[r.SSR.Quality:0]]
[2020.01.20-18.10.50:827][  9]LogConfig: Setting CVar [[r.SSR.HalfResSceneColor:1]]
[2020.01.20-18.10.50:828][  9]LogConfig: Setting CVar [[r.SceneColorFormat:3]]
[2020.01.20-18.10.50:828][  9]LogConfig: Setting CVar [[r.DetailMode:0]]
[2020.01.20-18.10.50:828][  9]LogConfig: Setting CVar [[r.TranslucencyVolumeBlur:0]]
[2020.01.20-18.10.50:828][  9]LogConfig: Setting CVar [[r.MaterialQualityLevel:0 ; Low quality]]
[2020.01.20-18.10.50:828][  9]LogConfig: Setting CVar [[r.SSS.Scale:0]]
[2020.01.20-18.10.50:828][  9]LogConfig: Setting CVar [[r.SSS.SampleSet:0]]
[2020.01.20-18.10.50:828][  9]LogConfig: Setting CVar [[r.SSS.Quality:0]]
[2020.01.20-18.10.50:828][  9]LogConfig: Setting CVar [[r.SSS.HalfRes:1]]
[2020.01.20-18.10.50:828][  9]LogConfig: Setting CVar [[r.SSGI.Quality:0]]
[2020.01.20-18.10.50:828][  9]LogConfig: Setting CVar [[r.EmitterSpawnRateScale:0.125]]
[2020.01.20-18.10.50:828][  9]LogConfig: Setting CVar [[r.ParticleLightQuality:0]]
[2020.01.20-18.10.50:828][  9]LogConfig: Setting CVar [[r.SkyAtmosphere.AerialPerspectiveLUT.FastApplyOnOpaque:1 ; Always have FastSkyLUT 1 in this case to avoid wrong sky]]
[2020.01.20-18.10.50:828][  9]LogConfig: Setting CVar [[r.SkyAtmosphere.AerialPerspectiveLUT.SampleCountPerSlice:1]]
[2020.01.20-18.10.50:828][  9]LogConfig: Setting CVar [[r.SkyAtmosphere.AerialPerspectiveLUT.DepthResolution:8.0]]
[2020.01.20-18.10.50:829][  9]LogConfig: Setting CVar [[r.SkyAtmosphere.FastSkyLUT:1]]
[2020.01.20-18.10.50:829][  9]LogConfig: Setting CVar [[r.SkyAtmosphere.FastSkyLUT.SampleCountMin:2.0]]
[2020.01.20-18.10.50:829][  9]LogConfig: Setting CVar [[r.SkyAtmosphere.FastSkyLUT.SampleCountMax:16.0]]
[2020.01.20-18.10.50:829][  9]LogConfig: Setting CVar [[r.SkyAtmosphere.SampleCountMin:2.0]]
[2020.01.20-18.10.50:829][  9]LogConfig: Setting CVar [[r.SkyAtmosphere.SampleCountMax:16.0]]
[2020.01.20-18.10.50:829][  9]LogConfig: Setting CVar [[r.SkyAtmosphere.TransmittanceLUT.UseSmallFormat:1]]
[2020.01.20-18.10.50:829][  9]LogConfig: Setting CVar [[r.SkyAtmosphere.TransmittanceLUT.SampleCount:10.0]]
[2020.01.20-18.10.50:829][  9]LogConfig: Setting CVar [[r.SkyAtmosphere.MultiScatteringLUT.SampleCount:15.0]]
[2020.01.20-18.10.50:829][  9]LogConfig: Applying CVar settings from Section [FoliageQuality@0] File [C:/Users/scrunnchy/Documents/Asset Pipeline/IC_Assignment1_KSL-20200118T003334Z-001/IC_Assignment1_KSL/Saved/Config/Windows/Scalability.ini]
[2020.01.20-18.10.50:829][  9]LogConfig: Setting CVar [[foliage.DensityScale:0]]
[2020.01.20-18.10.50:829][  9]LogConfig: Setting CVar [[grass.DensityScale:0]]
[2020.01.20-18.10.50:829][  9]LogConfig: Applying CVar settings from Section [ShadingQuality@0] File [C:/Users/scrunnchy/Documents/Asset Pipeline/IC_Assignment1_KSL-20200118T003334Z-001/IC_Assignment1_KSL/Saved/Config/Windows/Scalability.ini]
[2020.01.20-18.10.50:830][  9]LogConfig: Setting CVar [[r.HairStrands.SkyLighting.SampleCount:8]]
[2020.01.20-18.10.50:830][  9]LogConfig: Setting CVar [[r.HairStrands.SkyLighting.JitterIntegration:0]]
[2020.01.20-18.10.50:830][  9]LogConfig: Setting CVar [[r.HairStrands.SkyAO.SampleCount:8]]
[2020.01.20-18.10.50:853][  9]LogMaterial: Display: Missing cached shader map for material WorldGridMaterial, compiling. Is special engine material.
